<?xml version="1.0" encoding="UTF-8"?>
<robot generator="Robot 7.3.2 (Python 3.13.5 on darwin)" generated="2025-11-26T00:44:42.005846" rpa="false" schemaversion="5">
<suite id="s1" name="Tests" source="/Users/olakoya/Desktop/PythonProjects/RobotFramework/Day_11/tests">
<suite id="s1-s1" name="SuiteB" source="/Users/olakoya/Desktop/PythonProjects/RobotFramework/Day_11/tests/SuiteB.robot">
<test id="s1-s1-t1" name="Test Case B" line="7">
<kw name="Log" owner="BuiltIn">
<msg time="2025-11-26T00:44:42.066343" level="INFO">Test Case B</msg>
<arg>Test Case B</arg>
<doc>Logs the given message with the given level.</doc>
<status status="PASS" start="2025-11-26T00:44:42.066022" elapsed="0.000435"/>
</kw>
<kw name="Sleep" owner="BuiltIn">
<msg time="2025-11-26T00:44:47.067884" level="INFO">Slept 5 seconds.</msg>
<arg>5s</arg>
<doc>Pauses the test executed for the given time.</doc>
<status status="PASS" start="2025-11-26T00:44:42.066745" elapsed="5.001279"/>
</kw>
<status status="PASS" start="2025-11-26T00:44:42.064919" elapsed="5.003301"/>
</test>
<status status="PASS" start="2025-11-26T00:44:42.063042" elapsed="5.005675"/>
</suite>
<status status="PASS" start="2025-11-26T00:44:42.036605" elapsed="5.032700"/>
</suite>
<statistics>
<total>
<stat pass="1" fail="0" skip="0">All Tests</stat>
</total>
<tag>
</tag>
<suite>
<stat name="Tests" id="s1" pass="1" fail="0" skip="0">Tests</stat>
<stat name="SuiteB" id="s1-s1" pass="1" fail="0" skip="0">Tests.SuiteB</stat>
</suite>
</statistics>
<errors>
</errors>
</robot>
