<?xml version="1.0" encoding="UTF-8"?>
<robot generator="Robot 7.3.1 (Python 3.12.0 on darwin)" generated="2025-07-09T20:47:09.808710" rpa="false" schemaversion="5">
<suite id="s1" name="Variables" source="/Users/olakoya/Desktop/PythonProjects/RobotFramework/Day_2/variables.robot">
<test id="s1-t1" name="Test Creating Variables" line="9">
<kw name="Log To Console" owner="BuiltIn">
<arg>${SCALAR_VAR}</arg>
<doc>Logs the given message to the console.</doc>
<status status="PASS" start="2025-07-09T20:47:09.844159" elapsed="0.000423"/>
</kw>
<status status="PASS" start="2025-07-09T20:47:09.843267" elapsed="0.001650"/>
</test>
<status status="PASS" start="2025-07-09T20:47:09.810675" elapsed="0.034855"/>
</suite>
<statistics>
<total>
<stat pass="1" fail="0" skip="0">All Tests</stat>
</total>
<tag>
</tag>
<suite>
<stat name="Variables" id="s1" pass="1" fail="0" skip="0">Variables</stat>
</suite>
</statistics>
<errors>
</errors>
</robot>
