<?xml version="1.0" encoding="UTF-8"?>
<robot generator="Robot 7.3.2 (Python 3.13.5 on darwin)" generated="2025-11-26T00:44:42.017931" rpa="false" schemaversion="5">
<suite id="s1" name="Tests" source="/Users/olakoya/Desktop/PythonProjects/RobotFramework/Day_11/tests">
<suite id="s1-s1" name="SuiteA" source="/Users/olakoya/Desktop/PythonProjects/RobotFramework/Day_11/tests/SuiteA.robot">
<test id="s1-s1-t1" name="Test Case 3" line="11">
<kw name="Log" owner="BuiltIn">
<msg time="2025-11-26T00:44:42.084845" level="INFO">Test Case 3</msg>
<arg>Test Case 3</arg>
<doc>Logs the given message with the given level.</doc>
<status status="PASS" start="2025-11-26T00:44:42.084505" elapsed="0.000427"/>
</kw>
<kw name="Sleep" owner="BuiltIn">
<msg time="2025-11-26T00:44:47.086750" level="INFO">Slept 5 seconds.</msg>
<arg>5s</arg>
<doc>Pauses the test executed for the given time.</doc>
<status status="PASS" start="2025-11-26T00:44:42.085212" elapsed="5.001719"/>
</kw>
<status status="PASS" start="2025-11-26T00:44:42.083246" elapsed="5.003958"/>
</test>
<status status="PASS" start="2025-11-26T00:44:42.081165" elapsed="5.006780"/>
</suite>
<status status="PASS" start="2025-11-26T00:44:42.053538" elapsed="5.035440"/>
</suite>
<statistics>
<total>
<stat pass="1" fail="0" skip="0">All Tests</stat>
</total>
<tag>
</tag>
<suite>
<stat name="Tests" id="s1" pass="1" fail="0" skip="0">Tests</stat>
<stat name="SuiteA" id="s1-s1" pass="1" fail="0" skip="0">Tests.SuiteA</stat>
</suite>
</statistics>
<errors>
</errors>
</robot>
