<?xml version="1.0" encoding="UTF-8"?>
<robot generator="Robot 7.3.2 (Python 3.13.5 on darwin)" generated="2025-11-29T21:00:24.596670" rpa="false" schemaversion="5">
<suite id="s1" name="Login DDT Excel" source="/Users/olakoya/Desktop/PythonProjects/RobotFramework/Day_11/DDT/Login_DDT_Excel.robot">
<kw name="Open My Browser" owner="login_page_resource" type="SETUP">
<kw name="Open Browser" owner="SeleniumLibrary">
<msg time="2025-11-29T21:00:25.775636" level="INFO">Opening browser 'chrome' to base url 'https://opensource-demo.orangehrmlive.com/web/index.php/auth/login'.</msg>
<arg>${URL}</arg>
<arg>${BROWSER}</arg>
<arg>options=add_experimental_option("detach", True)</arg>
<doc>Opens a new browser instance to the optional ``url``.</doc>
<status status="PASS" start="2025-11-29T21:00:25.775156" elapsed="2.391100"/>
</kw>
<kw name="Maximize Browser Window" owner="SeleniumLibrary">
<doc>Maximizes current browser window.</doc>
<status status="PASS" start="2025-11-29T21:00:28.167203" elapsed="0.343296"/>
</kw>
<kw name="Set Selenium Implicit Wait" owner="SeleniumLibrary">
<arg>3s</arg>
<doc>Sets the implicit wait value used by Selenium.</doc>
<status status="PASS" start="2025-11-29T21:00:28.510997" elapsed="0.002445"/>
</kw>
<status status="PASS" start="2025-11-29T21:00:25.774032" elapsed="2.739656"/>
</kw>
<test id="s1-t1" name="Data Driven Testing using Test Data in Excel File" line="14">
<status status="FAIL" start="2025-11-29T21:00:28.513982" elapsed="0.002705">Test cannot be empty.</status>
</test>
<kw name="Close Browsers" owner="login_page_resource" type="TEARDOWN">
<kw name="Close All Browsers" owner="SeleniumLibrary">
<doc>Closes all open browsers and resets the browser cache.</doc>
<status status="PASS" start="2025-11-29T21:00:28.518586" elapsed="0.088286"/>
</kw>
<status status="PASS" start="2025-11-29T21:00:28.518073" elapsed="0.088963"/>
</kw>
<status status="FAIL" start="2025-11-29T21:00:24.598108" elapsed="4.008987"/>
</suite>
<statistics>
<total>
<stat pass="0" fail="1" skip="0">All Tests</stat>
</total>
<tag>
</tag>
<suite>
<stat name="Login DDT Excel" id="s1" pass="0" fail="1" skip="0">Login DDT Excel</stat>
</suite>
</statistics>
<errors>
<msg time="2025-11-29T21:00:25.768053" level="ERROR">[ DataDriver ] Error in robot file:
  File "/Users/olakoya/Desktop/PythonProjects/RobotFramework/Day_11/DDT/Login_DDT_Excel.robot", line 0</msg>
<msg time="2025-11-29T21:00:25.768195" level="ERROR">In source file:
  File "/Users/olakoya/Desktop/PythonProjects/RobotFramework/Day_11/DDT/../Login_Data.xlsx", line 0</msg>
<msg time="2025-11-29T21:00:25.772508" level="ERROR">Calling method '_start_suite' of listener 'DataDriver' failed: AttributeError: No "Test Template" keyword found for first test case.</msg>
</errors>
</robot>
