<?xml version="1.0" encoding="UTF-8"?>
<robot generator="Robot 7.3.2 (Python 3.13.5 on darwin)" generated="2025-11-26T00:44:42.001750" rpa="false" schemaversion="5">
<suite id="s1" name="Tests" source="/Users/olakoya/Desktop/PythonProjects/RobotFramework/Day_11/tests">
<suite id="s1-s1" name="SuiteB" source="/Users/olakoya/Desktop/PythonProjects/RobotFramework/Day_11/tests/SuiteB.robot">
<test id="s1-s1-t1" name="Test Case A" line="3">
<kw name="Log" owner="BuiltIn">
<msg time="2025-11-26T00:44:42.062712" level="INFO">Test Case A</msg>
<arg>Test Case A</arg>
<doc>Logs the given message with the given level.</doc>
<status status="PASS" start="2025-11-26T00:44:42.062389" elapsed="0.000438"/>
</kw>
<kw name="Sleep" owner="BuiltIn">
<msg time="2025-11-26T00:44:47.063522" level="INFO">Slept 5 seconds.</msg>
<arg>5s</arg>
<doc>Pauses the test executed for the given time.</doc>
<status status="PASS" start="2025-11-26T00:44:42.063080" elapsed="5.000568"/>
</kw>
<status status="PASS" start="2025-11-26T00:44:42.061319" elapsed="5.002515"/>
</test>
<status status="PASS" start="2025-11-26T00:44:42.059530" elapsed="5.004748"/>
</suite>
<status status="PASS" start="2025-11-26T00:44:42.029279" elapsed="5.035533"/>
</suite>
<statistics>
<total>
<stat pass="1" fail="0" skip="0">All Tests</stat>
</total>
<tag>
</tag>
<suite>
<stat name="Tests" id="s1" pass="1" fail="0" skip="0">Tests</stat>
<stat name="SuiteB" id="s1-s1" pass="1" fail="0" skip="0">Tests.SuiteB</stat>
</suite>
</statistics>
<errors>
</errors>
</robot>
