<?xml version="1.0" encoding="UTF-8"?>
<robot generator="Robot 7.3.2 (Python 3.13.5 on darwin)" generated="2025-11-26T00:44:42.001750" rpa="false" schemaversion="5">
<suite id="s1" name="Tests" source="/Users/olakoya/Desktop/PythonProjects/RobotFramework/Day_11/tests">
<suite id="s1-s1" name="SuiteB" source="/Users/olakoya/Desktop/PythonProjects/RobotFramework/Day_11/tests/SuiteB.robot">
<test id="s1-s1-t1" name="Test Case C" line="11">
<kw name="Log" owner="BuiltIn">
<msg time="2025-11-26T00:44:42.061918" level="INFO">Test Case C</msg>
<arg>Test Case C</arg>
<doc>Logs the given message with the given level.</doc>
<status status="PASS" start="2025-11-26T00:44:42.061603" elapsed="0.000443"/>
</kw>
<kw name="Sleep" owner="BuiltIn">
<msg time="2025-11-26T00:44:47.062941" level="INFO">Slept 5 seconds.</msg>
<arg>5s</arg>
<doc>Pauses the test executed for the given time.</doc>
<status status="PASS" start="2025-11-26T00:44:42.062393" elapsed="5.000688"/>
</kw>
<status status="PASS" start="2025-11-26T00:44:42.060544" elapsed="5.002749"/>
</test>
<status status="PASS" start="2025-11-26T00:44:42.058780" elapsed="5.005479"/>
</suite>
<status status="PASS" start="2025-11-26T00:44:42.031760" elapsed="5.033041"/>
</suite>
<statistics>
<total>
<stat pass="1" fail="0" skip="0">All Tests</stat>
</total>
<tag>
</tag>
<suite>
<stat name="Tests" id="s1" pass="1" fail="0" skip="0">Tests</stat>
<stat name="SuiteB" id="s1-s1" pass="1" fail="0" skip="0">Tests.SuiteB</stat>
</suite>
</statistics>
<errors>
</errors>
</robot>
