<?xml version="1.0" encoding="UTF-8"?>
<robot generator="Robot 7.3.2 (Python 3.13.5 on darwin)" generated="2025-07-24T22:03:55.370839" rpa="false" schemaversion="5">
<suite id="s1" name="Error Handling" source="/Users/olakoya/Desktop/PythonProjects/RobotFramework/Day_3/error_handling.robot">
<test id="s1-t1" name="Try Except Else Finally Example" line="24">
<try>
<branch type="TRY">
<kw name="Get Value From User" owner="Dialogs">
<var>${x}</var>
<arg>Enter First Number:</arg>
<doc>Pauses execution and asks user to input a value.</doc>
<status status="NOT RUN" start="2025-07-24T22:03:55.463251" elapsed="0.000054"/>
</kw>
<kw name="Get Value From User" owner="Dialogs">
<var>${y}</var>
<arg>Enter Second Number:</arg>
<doc>Pauses execution and asks user to input a value.</doc>
<status status="NOT RUN" start="2025-07-24T22:03:55.463687" elapsed="0.000049"/>
</kw>
<kw name="Evaluate" owner="BuiltIn">
<var>${result}</var>
<arg>${x}/${y}</arg>
<doc>Evaluates the given expression in Python and returns the result.</doc>
<status status="NOT RUN" start="2025-07-24T22:03:55.463926" elapsed="0.000039"/>
</kw>
<kw name="Log To Console" owner="BuiltIn">
<arg>${result}</arg>
<doc>Logs the given message to the console.</doc>
<status status="NOT RUN" start="2025-07-24T22:03:55.464113" elapsed="0.000042"/>
</kw>
<kw name="Get Value From User" owner="Dialogs">
<var>${x}</var>
<arg>Enter First Number:</arg>
<doc>Pauses execution and asks user to input a value.</doc>
<status status="NOT RUN" start="2025-07-24T22:03:55.464298" elapsed="0.000034"/>
</kw>
<kw name="Get Value From User" owner="Dialogs">
<var>${y}</var>
<arg>Enter Second Number:</arg>
<doc>Pauses execution and asks user to input a value.</doc>
<status status="NOT RUN" start="2025-07-24T22:03:55.464470" elapsed="0.000032"/>
</kw>
<kw name="Evaluate" owner="BuiltIn">
<var>${result}</var>
<arg>${x}/${y}</arg>
<doc>Evaluates the given expression in Python and returns the result.</doc>
<status status="NOT RUN" start="2025-07-24T22:03:55.464642" elapsed="0.000033"/>
</kw>
<kw name="Log To Console" owner="BuiltIn">
<arg>${result}</arg>
<doc>Logs the given message to the console.</doc>
<status status="NOT RUN" start="2025-07-24T22:03:55.464808" elapsed="0.000033"/>
</kw>
<msg time="2025-07-24T22:03:55.464909" level="FAIL">Multiple errors:
- TRY structure must have EXCEPT or FINALLY branch.
- TRY must have closing END.</msg>
<status status="FAIL" start="2025-07-24T22:03:55.462464" elapsed="0.002532">Multiple errors:
- TRY structure must have EXCEPT or FINALLY branch.
- TRY must have closing END.</status>
</branch>
<status status="FAIL" start="2025-07-24T22:03:55.462363" elapsed="0.002715">Multiple errors:
- TRY structure must have EXCEPT or FINALLY branch.
- TRY must have closing END.</status>
</try>
<status status="FAIL" start="2025-07-24T22:03:55.461855" elapsed="0.003566">Multiple errors:
- TRY structure must have EXCEPT or FINALLY branch.
- TRY must have closing END.</status>
</test>
<status status="FAIL" start="2025-07-24T22:03:55.373379" elapsed="0.092949"/>
</suite>
<statistics>
<total>
<stat pass="0" fail="1" skip="0">All Tests</stat>
</total>
<tag>
</tag>
<suite>
<stat name="Error Handling" id="s1" pass="0" fail="1" skip="0">Error Handling</stat>
</suite>
</statistics>
<errors>
</errors>
</robot>
