<?xml version="1.0" encoding="UTF-8"?>
<robot generator="Robot 7.3.2 (Python 3.9.6 on darwin)" generated="2025-07-21T22:37:43.360380" rpa="false" schemaversion="5">
<suite id="s1" name="Control Flow" source="/Users/olakoya/Desktop/PythonProjects/RobotFramework/Day_3/control_flow.robot">
<test id="s1-t1" name="Simple If/Else" line="2">
<kw name="Set Variable" owner="BuiltIn">
<msg time="2025-07-21T22:37:43.397562" level="INFO">${rc} = 0</msg>
<var>${rc}</var>
<arg>0</arg>
<doc>Returns the given values which can then be assigned to a variables.</doc>
<status status="PASS" start="2025-07-21T22:37:43.397166" elapsed="0.000452"/>
</kw>
<if>
<branch type="IF" condition="${rc}&gt;0">
<kw name="Log To Console" owner="BuiltIn">
<arg>Positive</arg>
<doc>Logs the given message to the console.</doc>
<status status="NOT RUN" start="2025-07-21T22:37:43.398484" elapsed="0.000031"/>
</kw>
<status status="NOT RUN" start="2025-07-21T22:37:43.398137" elapsed="0.000428"/>
</branch>
<branch type="ELSE IF" condition="${rc}&lt;0">
<kw name="Log To Console" owner="BuiltIn">
<arg>Negative</arg>
<doc>Logs the given message to the console.</doc>
<status status="NOT RUN" start="2025-07-21T22:37:43.398799" elapsed="0.000025"/>
</kw>
<status status="NOT RUN" start="2025-07-21T22:37:43.398602" elapsed="0.000264"/>
</branch>
<branch type="ELSE">
<kw name="Log To Console" owner="BuiltIn">
<arg>Zero</arg>
<doc>Logs the given message to the console.</doc>
<status status="PASS" start="2025-07-21T22:37:43.398995" elapsed="0.000197"/>
</kw>
<status status="PASS" start="2025-07-21T22:37:43.398896" elapsed="0.000346"/>
</branch>
<status status="PASS" start="2025-07-21T22:37:43.398076" elapsed="0.001194"/>
</if>
<status status="PASS" start="2025-07-21T22:37:43.395688" elapsed="0.003762"/>
</test>
<test id="s1-t2" name="Inline If Else" line="13">
<kw name="Set Variable" owner="BuiltIn">
<msg time="2025-07-21T22:37:43.400743" level="INFO">${rc} = -1</msg>
<var>${rc}</var>
<arg>-1</arg>
<doc>Returns the given values which can then be assigned to a variables.</doc>
<status status="PASS" start="2025-07-21T22:37:43.400403" elapsed="0.000385"/>
</kw>
<if>
<branch type="IF" condition="${rc}&gt;0">
<kw name="Log To Console" owner="BuiltIn">
<arg>Positive</arg>
<doc>Logs the given message to the console.</doc>
<status status="NOT RUN" start="2025-07-21T22:37:43.401191" elapsed="0.000030"/>
</kw>
<status status="NOT RUN" start="2025-07-21T22:37:43.400954" elapsed="0.000313"/>
</branch>
<branch type="ELSE IF" condition="${rc}&lt;0">
<kw name="Log To Console" owner="BuiltIn">
<arg>Negative</arg>
<doc>Logs the given message to the console.</doc>
<status status="PASS" start="2025-07-21T22:37:43.401499" elapsed="0.000188"/>
</kw>
<status status="PASS" start="2025-07-21T22:37:43.401299" elapsed="0.000433"/>
</branch>
<branch type="ELSE">
<kw name="Log To Console" owner="BuiltIn">
<arg>Zero</arg>
<doc>Logs the given message to the console.</doc>
<status status="NOT RUN" start="2025-07-21T22:37:43.401877" elapsed="0.000024"/>
</kw>
<status status="NOT RUN" start="2025-07-21T22:37:43.401769" elapsed="0.000172"/>
</branch>
<status status="PASS" start="2025-07-21T22:37:43.400921" elapsed="0.001045"/>
</if>
<status status="PASS" start="2025-07-21T22:37:43.399728" elapsed="0.002416"/>
</test>
<test id="s1-t3" name="Nested IF ELSE" line="17">
<kw name="Set Variable" owner="BuiltIn">
<msg time="2025-07-21T22:37:43.402979" level="INFO">${rc} = 18</msg>
<var>${rc}</var>
<arg>18</arg>
<doc>Returns the given values which can then be assigned to a variables.</doc>
<status status="PASS" start="2025-07-21T22:37:43.402751" elapsed="0.000268"/>
</kw>
<if>
<branch type="IF" condition="${rc}&gt;0">
<if>
<branch type="IF" condition="${rc}%2==0">
<kw name="Log To Console" owner="BuiltIn">
<arg>Positive and Even</arg>
<doc>Logs the given message to the console.</doc>
<status status="PASS" start="2025-07-21T22:37:43.403560" elapsed="0.000264"/>
</kw>
<status status="PASS" start="2025-07-21T22:37:43.403352" elapsed="0.000618"/>
</branch>
<branch type="ELSE">
<kw name="Log To Console" owner="BuiltIn">
<arg>Positive and Odd</arg>
<doc>Logs the given message to the console.</doc>
<status status="NOT RUN" start="2025-07-21T22:37:43.404346" elapsed="0.000126"/>
</kw>
<status status="NOT RUN" start="2025-07-21T22:37:43.404056" elapsed="0.000484"/>
</branch>
<status status="PASS" start="2025-07-21T22:37:43.403331" elapsed="0.001241"/>
</if>
<status status="PASS" start="2025-07-21T22:37:43.403164" elapsed="0.001453"/>
</branch>
<branch type="ELSE IF" condition="${rc}&lt;0">
<kw name="Log To Console" owner="BuiltIn">
<arg>Negative</arg>
<doc>Logs the given message to the console.</doc>
<status status="NOT RUN" start="2025-07-21T22:37:43.404975" elapsed="0.000046"/>
</kw>
<status status="NOT RUN" start="2025-07-21T22:37:43.404700" elapsed="0.000382"/>
</branch>
<branch type="ELSE">
<kw name="Log To Console" owner="BuiltIn">
<arg>Zero</arg>
<doc>Logs the given message to the console.</doc>
<status status="NOT RUN" start="2025-07-21T22:37:43.405385" elapsed="0.000051"/>
</kw>
<status status="NOT RUN" start="2025-07-21T22:37:43.405120" elapsed="0.000390"/>
</branch>
<status status="PASS" start="2025-07-21T22:37:43.403136" elapsed="0.002425"/>
</if>
<status status="PASS" start="2025-07-21T22:37:43.402391" elapsed="0.003583"/>
</test>
<test id="s1-t4" name="While Loop Even Number" line="33">
<kw name="Set Variable" owner="BuiltIn">
<msg time="2025-07-21T22:37:43.407845" level="INFO">${i} = 2</msg>
<var>${i}</var>
<arg>2</arg>
<doc>Returns the given values which can then be assigned to a variables.</doc>
<status status="PASS" start="2025-07-21T22:37:43.407492" elapsed="0.000408"/>
</kw>
<while condition="${i}&lt;=100">
<iter>
<kw name="Log To Console" owner="BuiltIn">
<arg>${i}</arg>
<doc>Logs the given message to the console.</doc>
<status status="PASS" start="2025-07-21T22:37:43.408781" elapsed="0.000343"/>
</kw>
<kw name="Evaluate" owner="BuiltIn">
<msg time="2025-07-21T22:37:43.409781" level="INFO">${i} = 4</msg>
<var>${i}</var>
<arg>${i}+2</arg>
<doc>Evaluates the given expression in Python and returns the result.</doc>
<status status="PASS" start="2025-07-21T22:37:43.409418" elapsed="0.000405"/>
</kw>
<status status="PASS" start="2025-07-21T22:37:43.408044" elapsed="0.001834"/>
</iter>
<iter>
<kw name="Log To Console" owner="BuiltIn">
<arg>${i}</arg>
<doc>Logs the given message to the console.</doc>
<status status="PASS" start="2025-07-21T22:37:43.410156" elapsed="0.000257"/>
</kw>
<kw name="Evaluate" owner="BuiltIn">
<msg time="2025-07-21T22:37:43.410870" level="INFO">${i} = 6</msg>
<var>${i}</var>
<arg>${i}+2</arg>
<doc>Evaluates the given expression in Python and returns the result.</doc>
<status status="PASS" start="2025-07-21T22:37:43.410573" elapsed="0.000334"/>
</kw>
<status status="PASS" start="2025-07-21T22:37:43.409910" elapsed="0.001046"/>
</iter>
<iter>
<kw name="Log To Console" owner="BuiltIn">
<arg>${i}</arg>
<doc>Logs the given message to the console.</doc>
<status status="PASS" start="2025-07-21T22:37:43.411211" elapsed="0.001040"/>
</kw>
<kw name="Evaluate" owner="BuiltIn">
<msg time="2025-07-21T22:37:43.413031" level="INFO">${i} = 8</msg>
<var>${i}</var>
<arg>${i}+2</arg>
<doc>Evaluates the given expression in Python and returns the result.</doc>
<status status="PASS" start="2025-07-21T22:37:43.412565" elapsed="0.000604"/>
</kw>
<status status="PASS" start="2025-07-21T22:37:43.410983" elapsed="0.002252"/>
</iter>
<iter>
<kw name="Log To Console" owner="BuiltIn">
<arg>${i}</arg>
<doc>Logs the given message to the console.</doc>
<status status="PASS" start="2025-07-21T22:37:43.413536" elapsed="0.000329"/>
</kw>
<kw name="Evaluate" owner="BuiltIn">
<msg time="2025-07-21T22:37:43.414676" level="INFO">${i} = 10</msg>
<var>${i}</var>
<arg>${i}+2</arg>
<doc>Evaluates the given expression in Python and returns the result.</doc>
<status status="PASS" start="2025-07-21T22:37:43.414167" elapsed="0.000554"/>
</kw>
<status status="PASS" start="2025-07-21T22:37:43.413267" elapsed="0.001512"/>
</iter>
<iter>
<kw name="Log To Console" owner="BuiltIn">
<arg>${i}</arg>
<doc>Logs the given message to the console.</doc>
<status status="PASS" start="2025-07-21T22:37:43.415053" elapsed="0.000221"/>
</kw>
<kw name="Evaluate" owner="BuiltIn">
<msg time="2025-07-21T22:37:43.415825" level="INFO">${i} = 12</msg>
<var>${i}</var>
<arg>${i}+2</arg>
<doc>Evaluates the given expression in Python and returns the result.</doc>
<status status="PASS" start="2025-07-21T22:37:43.415486" elapsed="0.000379"/>
</kw>
<status status="PASS" start="2025-07-21T22:37:43.414810" elapsed="0.001106"/>
</iter>
<iter>
<kw name="Log To Console" owner="BuiltIn">
<arg>${i}</arg>
<doc>Logs the given message to the console.</doc>
<status status="PASS" start="2025-07-21T22:37:43.416180" elapsed="0.000213"/>
</kw>
<kw name="Evaluate" owner="BuiltIn">
<msg time="2025-07-21T22:37:43.416982" level="INFO">${i} = 14</msg>
<var>${i}</var>
<arg>${i}+2</arg>
<doc>Evaluates the given expression in Python and returns the result.</doc>
<status status="PASS" start="2025-07-21T22:37:43.416516" elapsed="0.000527"/>
</kw>
<status status="PASS" start="2025-07-21T22:37:43.415945" elapsed="0.001175"/>
</iter>
<iter>
<kw name="Log To Console" owner="BuiltIn">
<arg>${i}</arg>
<doc>Logs the given message to the console.</doc>
<status status="PASS" start="2025-07-21T22:37:43.417446" elapsed="0.000298"/>
</kw>
<kw name="Evaluate" owner="BuiltIn">
<msg time="2025-07-21T22:37:43.418374" level="INFO">${i} = 16</msg>
<var>${i}</var>
<arg>${i}+2</arg>
<doc>Evaluates the given expression in Python and returns the result.</doc>
<status status="PASS" start="2025-07-21T22:37:43.417971" elapsed="0.000446"/>
</kw>
<status status="PASS" start="2025-07-21T22:37:43.417158" elapsed="0.001314"/>
</iter>
<iter>
<kw name="Log To Console" owner="BuiltIn">
<arg>${i}</arg>
<doc>Logs the given message to the console.</doc>
<status status="PASS" start="2025-07-21T22:37:43.418918" elapsed="0.000398"/>
</kw>
<kw name="Evaluate" owner="BuiltIn">
<msg time="2025-07-21T22:37:43.419992" level="INFO">${i} = 18</msg>
<var>${i}</var>
<arg>${i}+2</arg>
<doc>Evaluates the given expression in Python and returns the result.</doc>
<status status="PASS" start="2025-07-21T22:37:43.419607" elapsed="0.000462"/>
</kw>
<status status="PASS" start="2025-07-21T22:37:43.418503" elapsed="0.001658"/>
</iter>
<iter>
<kw name="Log To Console" owner="BuiltIn">
<arg>${i}</arg>
<doc>Logs the given message to the console.</doc>
<status status="PASS" start="2025-07-21T22:37:43.420573" elapsed="0.000373"/>
</kw>
<kw name="Evaluate" owner="BuiltIn">
<msg time="2025-07-21T22:37:43.422200" level="INFO">${i} = 20</msg>
<var>${i}</var>
<arg>${i}+2</arg>
<doc>Evaluates the given expression in Python and returns the result.</doc>
<status status="PASS" start="2025-07-21T22:37:43.421305" elapsed="0.000953"/>
</kw>
<status status="PASS" start="2025-07-21T22:37:43.420201" elapsed="0.002120"/>
</iter>
<iter>
<kw name="Log To Console" owner="BuiltIn">
<arg>${i}</arg>
<doc>Logs the given message to the console.</doc>
<status status="PASS" start="2025-07-21T22:37:43.422835" elapsed="0.000428"/>
</kw>
<kw name="Evaluate" owner="BuiltIn">
<msg time="2025-07-21T22:37:43.424187" level="INFO">${i} = 22</msg>
<var>${i}</var>
<arg>${i}+2</arg>
<doc>Evaluates the given expression in Python and returns the result.</doc>
<status status="PASS" start="2025-07-21T22:37:43.423551" elapsed="0.000683"/>
</kw>
<status status="PASS" start="2025-07-21T22:37:43.422353" elapsed="0.001939"/>
</iter>
<iter>
<kw name="Log To Console" owner="BuiltIn">
<arg>${i}</arg>
<doc>Logs the given message to the console.</doc>
<status status="PASS" start="2025-07-21T22:37:43.424586" elapsed="0.000242"/>
</kw>
<kw name="Evaluate" owner="BuiltIn">
<msg time="2025-07-21T22:37:43.425262" level="INFO">${i} = 24</msg>
<var>${i}</var>
<arg>${i}+2</arg>
<doc>Evaluates the given expression in Python and returns the result.</doc>
<status status="PASS" start="2025-07-21T22:37:43.424975" elapsed="0.000326"/>
</kw>
<status status="PASS" start="2025-07-21T22:37:43.424323" elapsed="0.001030"/>
</iter>
<iter>
<kw name="Log To Console" owner="BuiltIn">
<arg>${i}</arg>
<doc>Logs the given message to the console.</doc>
<status status="PASS" start="2025-07-21T22:37:43.425629" elapsed="0.000229"/>
</kw>
<kw name="Evaluate" owner="BuiltIn">
<msg time="2025-07-21T22:37:43.426273" level="INFO">${i} = 26</msg>
<var>${i}</var>
<arg>${i}+2</arg>
<doc>Evaluates the given expression in Python and returns the result.</doc>
<status status="PASS" start="2025-07-21T22:37:43.425988" elapsed="0.000324"/>
</kw>
<status status="PASS" start="2025-07-21T22:37:43.425384" elapsed="0.000985"/>
</iter>
<iter>
<kw name="Log To Console" owner="BuiltIn">
<arg>${i}</arg>
<doc>Logs the given message to the console.</doc>
<status status="PASS" start="2025-07-21T22:37:43.426644" elapsed="0.000220"/>
</kw>
<kw name="Evaluate" owner="BuiltIn">
<msg time="2025-07-21T22:37:43.427280" level="INFO">${i} = 28</msg>
<var>${i}</var>
<arg>${i}+2</arg>
<doc>Evaluates the given expression in Python and returns the result.</doc>
<status status="PASS" start="2025-07-21T22:37:43.427002" elapsed="0.000315"/>
</kw>
<status status="PASS" start="2025-07-21T22:37:43.426403" elapsed="0.000965"/>
</iter>
<iter>
<kw name="Log To Console" owner="BuiltIn">
<arg>${i}</arg>
<doc>Logs the given message to the console.</doc>
<status status="PASS" start="2025-07-21T22:37:43.427629" elapsed="0.000231"/>
</kw>
<kw name="Evaluate" owner="BuiltIn">
<msg time="2025-07-21T22:37:43.428495" level="INFO">${i} = 30</msg>
<var>${i}</var>
<arg>${i}+2</arg>
<doc>Evaluates the given expression in Python and returns the result.</doc>
<status status="PASS" start="2025-07-21T22:37:43.428002" elapsed="0.000580"/>
</kw>
<status status="PASS" start="2025-07-21T22:37:43.427397" elapsed="0.001310"/>
</iter>
<iter>
<kw name="Log To Console" owner="BuiltIn">
<arg>${i}</arg>
<doc>Logs the given message to the console.</doc>
<status status="PASS" start="2025-07-21T22:37:43.429271" elapsed="0.000336"/>
</kw>
<kw name="Evaluate" owner="BuiltIn">
<msg time="2025-07-21T22:37:43.430079" level="INFO">${i} = 32</msg>
<var>${i}</var>
<arg>${i}+2</arg>
<doc>Evaluates the given expression in Python and returns the result.</doc>
<status status="PASS" start="2025-07-21T22:37:43.429768" elapsed="0.000349"/>
</kw>
<status status="PASS" start="2025-07-21T22:37:43.428765" elapsed="0.001402"/>
</iter>
<iter>
<kw name="Log To Console" owner="BuiltIn">
<arg>${i}</arg>
<doc>Logs the given message to the console.</doc>
<status status="PASS" start="2025-07-21T22:37:43.430423" elapsed="0.000204"/>
</kw>
<kw name="Evaluate" owner="BuiltIn">
<msg time="2025-07-21T22:37:43.431097" level="INFO">${i} = 34</msg>
<var>${i}</var>
<arg>${i}+2</arg>
<doc>Evaluates the given expression in Python and returns the result.</doc>
<status status="PASS" start="2025-07-21T22:37:43.430757" elapsed="0.000380"/>
</kw>
<status status="PASS" start="2025-07-21T22:37:43.430196" elapsed="0.000992"/>
</iter>
<iter>
<kw name="Log To Console" owner="BuiltIn">
<arg>${i}</arg>
<doc>Logs the given message to the console.</doc>
<status status="PASS" start="2025-07-21T22:37:43.431461" elapsed="0.000324"/>
</kw>
<kw name="Evaluate" owner="BuiltIn">
<msg time="2025-07-21T22:37:43.432426" level="INFO">${i} = 36</msg>
<var>${i}</var>
<arg>${i}+2</arg>
<doc>Evaluates the given expression in Python and returns the result.</doc>
<status status="PASS" start="2025-07-21T22:37:43.432006" elapsed="0.000501"/>
</kw>
<status status="PASS" start="2025-07-21T22:37:43.431218" elapsed="0.001388"/>
</iter>
<iter>
<kw name="Log To Console" owner="BuiltIn">
<arg>${i}</arg>
<doc>Logs the given message to the console.</doc>
<status status="PASS" start="2025-07-21T22:37:43.432936" elapsed="0.000260"/>
</kw>
<kw name="Evaluate" owner="BuiltIn">
<msg time="2025-07-21T22:37:43.434361" level="INFO">${i} = 38</msg>
<var>${i}</var>
<arg>${i}+2</arg>
<doc>Evaluates the given expression in Python and returns the result.</doc>
<status status="PASS" start="2025-07-21T22:37:43.433462" elapsed="0.000987"/>
</kw>
<status status="PASS" start="2025-07-21T22:37:43.432641" elapsed="0.001888"/>
</iter>
<iter>
<kw name="Log To Console" owner="BuiltIn">
<arg>${i}</arg>
<doc>Logs the given message to the console.</doc>
<status status="PASS" start="2025-07-21T22:37:43.434992" elapsed="0.000293"/>
</kw>
<kw name="Evaluate" owner="BuiltIn">
<msg time="2025-07-21T22:37:43.435935" level="INFO">${i} = 40</msg>
<var>${i}</var>
<arg>${i}+2</arg>
<doc>Evaluates the given expression in Python and returns the result.</doc>
<status status="PASS" start="2025-07-21T22:37:43.435518" elapsed="0.000509"/>
</kw>
<status status="PASS" start="2025-07-21T22:37:43.434571" elapsed="0.001585"/>
</iter>
<iter>
<kw name="Log To Console" owner="BuiltIn">
<arg>${i}</arg>
<doc>Logs the given message to the console.</doc>
<status status="PASS" start="2025-07-21T22:37:43.436539" elapsed="0.000455"/>
</kw>
<kw name="Evaluate" owner="BuiltIn">
<msg time="2025-07-21T22:37:43.438078" level="INFO">${i} = 42</msg>
<var>${i}</var>
<arg>${i}+2</arg>
<doc>Evaluates the given expression in Python and returns the result.</doc>
<status status="PASS" start="2025-07-21T22:37:43.437300" elapsed="0.000913"/>
</kw>
<status status="PASS" start="2025-07-21T22:37:43.436193" elapsed="0.002090"/>
</iter>
<iter>
<kw name="Log To Console" owner="BuiltIn">
<arg>${i}</arg>
<doc>Logs the given message to the console.</doc>
<status status="PASS" start="2025-07-21T22:37:43.438592" elapsed="0.000230"/>
</kw>
<kw name="Evaluate" owner="BuiltIn">
<msg time="2025-07-21T22:37:43.439213" level="INFO">${i} = 44</msg>
<var>${i}</var>
<arg>${i}+2</arg>
<doc>Evaluates the given expression in Python and returns the result.</doc>
<status status="PASS" start="2025-07-21T22:37:43.438950" elapsed="0.000302"/>
</kw>
<status status="PASS" start="2025-07-21T22:37:43.438316" elapsed="0.000988"/>
</iter>
<iter>
<kw name="Log To Console" owner="BuiltIn">
<arg>${i}</arg>
<doc>Logs the given message to the console.</doc>
<status status="PASS" start="2025-07-21T22:37:43.439637" elapsed="0.000351"/>
</kw>
<kw name="Evaluate" owner="BuiltIn">
<msg time="2025-07-21T22:37:43.441239" level="INFO">${i} = 46</msg>
<var>${i}</var>
<arg>${i}+2</arg>
<doc>Evaluates the given expression in Python and returns the result.</doc>
<status status="PASS" start="2025-07-21T22:37:43.440279" elapsed="0.001187"/>
</kw>
<status status="PASS" start="2025-07-21T22:37:43.439333" elapsed="0.002298"/>
</iter>
<iter>
<kw name="Log To Console" owner="BuiltIn">
<arg>${i}</arg>
<doc>Logs the given message to the console.</doc>
<status status="PASS" start="2025-07-21T22:37:43.442174" elapsed="0.000418"/>
</kw>
<kw name="Evaluate" owner="BuiltIn">
<msg time="2025-07-21T22:37:43.443121" level="INFO">${i} = 48</msg>
<var>${i}</var>
<arg>${i}+2</arg>
<doc>Evaluates the given expression in Python and returns the result.</doc>
<status status="PASS" start="2025-07-21T22:37:43.442762" elapsed="0.000399"/>
</kw>
<status status="PASS" start="2025-07-21T22:37:43.441685" elapsed="0.001527"/>
</iter>
<iter>
<kw name="Log To Console" owner="BuiltIn">
<arg>${i}</arg>
<doc>Logs the given message to the console.</doc>
<status status="PASS" start="2025-07-21T22:37:43.443474" elapsed="0.000210"/>
</kw>
<kw name="Evaluate" owner="BuiltIn">
<msg time="2025-07-21T22:37:43.444167" level="INFO">${i} = 50</msg>
<var>${i}</var>
<arg>${i}+2</arg>
<doc>Evaluates the given expression in Python and returns the result.</doc>
<status status="PASS" start="2025-07-21T22:37:43.443804" elapsed="0.000408"/>
</kw>
<status status="PASS" start="2025-07-21T22:37:43.443242" elapsed="0.001075"/>
</iter>
<iter>
<kw name="Log To Console" owner="BuiltIn">
<arg>${i}</arg>
<doc>Logs the given message to the console.</doc>
<status status="PASS" start="2025-07-21T22:37:43.444697" elapsed="0.000400"/>
</kw>
<kw name="Evaluate" owner="BuiltIn">
<msg time="2025-07-21T22:37:43.445877" level="INFO">${i} = 52</msg>
<var>${i}</var>
<arg>${i}+2</arg>
<doc>Evaluates the given expression in Python and returns the result.</doc>
<status status="PASS" start="2025-07-21T22:37:43.445384" elapsed="0.000539"/>
</kw>
<status status="PASS" start="2025-07-21T22:37:43.444365" elapsed="0.001615"/>
</iter>
<iter>
<kw name="Log To Console" owner="BuiltIn">
<arg>${i}</arg>
<doc>Logs the given message to the console.</doc>
<status status="PASS" start="2025-07-21T22:37:43.446255" elapsed="0.000222"/>
</kw>
<kw name="Evaluate" owner="BuiltIn">
<msg time="2025-07-21T22:37:43.447021" level="INFO">${i} = 54</msg>
<var>${i}</var>
<arg>${i}+2</arg>
<doc>Evaluates the given expression in Python and returns the result.</doc>
<status status="PASS" start="2025-07-21T22:37:43.446617" elapsed="0.000443"/>
</kw>
<status status="PASS" start="2025-07-21T22:37:43.446011" elapsed="0.001139"/>
</iter>
<iter>
<kw name="Log To Console" owner="BuiltIn">
<arg>${i}</arg>
<doc>Logs the given message to the console.</doc>
<status status="PASS" start="2025-07-21T22:37:43.447468" elapsed="0.000222"/>
</kw>
<kw name="Evaluate" owner="BuiltIn">
<msg time="2025-07-21T22:37:43.448085" level="INFO">${i} = 56</msg>
<var>${i}</var>
<arg>${i}+2</arg>
<doc>Evaluates the given expression in Python and returns the result.</doc>
<status status="PASS" start="2025-07-21T22:37:43.447814" elapsed="0.000309"/>
</kw>
<status status="PASS" start="2025-07-21T22:37:43.447206" elapsed="0.000967"/>
</iter>
<iter>
<kw name="Log To Console" owner="BuiltIn">
<arg>${i}</arg>
<doc>Logs the given message to the console.</doc>
<status status="PASS" start="2025-07-21T22:37:43.448430" elapsed="0.000212"/>
</kw>
<kw name="Evaluate" owner="BuiltIn">
<msg time="2025-07-21T22:37:43.449026" level="INFO">${i} = 58</msg>
<var>${i}</var>
<arg>${i}+2</arg>
<doc>Evaluates the given expression in Python and returns the result.</doc>
<status status="PASS" start="2025-07-21T22:37:43.448766" elapsed="0.000294"/>
</kw>
<status status="PASS" start="2025-07-21T22:37:43.448202" elapsed="0.000906"/>
</iter>
<iter>
<kw name="Log To Console" owner="BuiltIn">
<arg>${i}</arg>
<doc>Logs the given message to the console.</doc>
<status status="PASS" start="2025-07-21T22:37:43.449423" elapsed="0.000301"/>
</kw>
<kw name="Evaluate" owner="BuiltIn">
<msg time="2025-07-21T22:37:43.450175" level="INFO">${i} = 60</msg>
<var>${i}</var>
<arg>${i}+2</arg>
<doc>Evaluates the given expression in Python and returns the result.</doc>
<status status="PASS" start="2025-07-21T22:37:43.449874" elapsed="0.000338"/>
</kw>
<status status="PASS" start="2025-07-21T22:37:43.449136" elapsed="0.001125"/>
</iter>
<iter>
<kw name="Log To Console" owner="BuiltIn">
<arg>${i}</arg>
<doc>Logs the given message to the console.</doc>
<status status="PASS" start="2025-07-21T22:37:43.450520" elapsed="0.000208"/>
</kw>
<kw name="Evaluate" owner="BuiltIn">
<msg time="2025-07-21T22:37:43.451126" level="INFO">${i} = 62</msg>
<var>${i}</var>
<arg>${i}+2</arg>
<doc>Evaluates the given expression in Python and returns the result.</doc>
<status status="PASS" start="2025-07-21T22:37:43.450861" elapsed="0.000301"/>
</kw>
<status status="PASS" start="2025-07-21T22:37:43.450292" elapsed="0.000918"/>
</iter>
<iter>
<kw name="Log To Console" owner="BuiltIn">
<arg>${i}</arg>
<doc>Logs the given message to the console.</doc>
<status status="PASS" start="2025-07-21T22:37:43.451459" elapsed="0.000206"/>
</kw>
<kw name="Evaluate" owner="BuiltIn">
<msg time="2025-07-21T22:37:43.452205" level="INFO">${i} = 64</msg>
<var>${i}</var>
<arg>${i}+2</arg>
<doc>Evaluates the given expression in Python and returns the result.</doc>
<status status="PASS" start="2025-07-21T22:37:43.451795" elapsed="0.000453"/>
</kw>
<status status="PASS" start="2025-07-21T22:37:43.451239" elapsed="0.001161"/>
</iter>
<iter>
<kw name="Log To Console" owner="BuiltIn">
<arg>${i}</arg>
<doc>Logs the given message to the console.</doc>
<status status="PASS" start="2025-07-21T22:37:43.452961" elapsed="0.000407"/>
</kw>
<kw name="Evaluate" owner="BuiltIn">
<msg time="2025-07-21T22:37:43.454345" level="INFO">${i} = 66</msg>
<var>${i}</var>
<arg>${i}+2</arg>
<doc>Evaluates the given expression in Python and returns the result.</doc>
<status status="PASS" start="2025-07-21T22:37:43.453657" elapsed="0.000739"/>
</kw>
<status status="PASS" start="2025-07-21T22:37:43.452467" elapsed="0.001988"/>
</iter>
<iter>
<kw name="Log To Console" owner="BuiltIn">
<arg>${i}</arg>
<doc>Logs the given message to the console.</doc>
<status status="PASS" start="2025-07-21T22:37:43.454751" elapsed="0.000254"/>
</kw>
<kw name="Evaluate" owner="BuiltIn">
<msg time="2025-07-21T22:37:43.455858" level="INFO">${i} = 68</msg>
<var>${i}</var>
<arg>${i}+2</arg>
<doc>Evaluates the given expression in Python and returns the result.</doc>
<status status="PASS" start="2025-07-21T22:37:43.455303" elapsed="0.000643"/>
</kw>
<status status="PASS" start="2025-07-21T22:37:43.454487" elapsed="0.001522"/>
</iter>
<iter>
<kw name="Log To Console" owner="BuiltIn">
<arg>${i}</arg>
<doc>Logs the given message to the console.</doc>
<status status="PASS" start="2025-07-21T22:37:43.456492" elapsed="0.000623"/>
</kw>
<kw name="Evaluate" owner="BuiltIn">
<msg time="2025-07-21T22:37:43.457853" level="INFO">${i} = 70</msg>
<var>${i}</var>
<arg>${i}+2</arg>
<doc>Evaluates the given expression in Python and returns the result.</doc>
<status status="PASS" start="2025-07-21T22:37:43.457373" elapsed="0.000569"/>
</kw>
<status status="PASS" start="2025-07-21T22:37:43.456058" elapsed="0.001953"/>
</iter>
<iter>
<kw name="Log To Console" owner="BuiltIn">
<arg>${i}</arg>
<doc>Logs the given message to the console.</doc>
<status status="PASS" start="2025-07-21T22:37:43.458538" elapsed="0.000279"/>
</kw>
<kw name="Evaluate" owner="BuiltIn">
<msg time="2025-07-21T22:37:43.459241" level="INFO">${i} = 72</msg>
<var>${i}</var>
<arg>${i}+2</arg>
<doc>Evaluates the given expression in Python and returns the result.</doc>
<status status="PASS" start="2025-07-21T22:37:43.458963" elapsed="0.000317"/>
</kw>
<status status="PASS" start="2025-07-21T22:37:43.458056" elapsed="0.001275"/>
</iter>
<iter>
<kw name="Log To Console" owner="BuiltIn">
<arg>${i}</arg>
<doc>Logs the given message to the console.</doc>
<status status="PASS" start="2025-07-21T22:37:43.459580" elapsed="0.000200"/>
</kw>
<kw name="Evaluate" owner="BuiltIn">
<msg time="2025-07-21T22:37:43.460248" level="INFO">${i} = 74</msg>
<var>${i}</var>
<arg>${i}+2</arg>
<doc>Evaluates the given expression in Python and returns the result.</doc>
<status status="PASS" start="2025-07-21T22:37:43.459901" elapsed="0.000392"/>
</kw>
<status status="PASS" start="2025-07-21T22:37:43.459361" elapsed="0.001007"/>
</iter>
<iter>
<kw name="Log To Console" owner="BuiltIn">
<arg>${i}</arg>
<doc>Logs the given message to the console.</doc>
<status status="PASS" start="2025-07-21T22:37:43.460757" elapsed="0.000396"/>
</kw>
<kw name="Evaluate" owner="BuiltIn">
<msg time="2025-07-21T22:37:43.461837" level="INFO">${i} = 76</msg>
<var>${i}</var>
<arg>${i}+2</arg>
<doc>Evaluates the given expression in Python and returns the result.</doc>
<status status="PASS" start="2025-07-21T22:37:43.461346" elapsed="0.000535"/>
</kw>
<status status="PASS" start="2025-07-21T22:37:43.460421" elapsed="0.001514"/>
</iter>
<iter>
<kw name="Log To Console" owner="BuiltIn">
<arg>${i}</arg>
<doc>Logs the given message to the console.</doc>
<status status="PASS" start="2025-07-21T22:37:43.462264" elapsed="0.000227"/>
</kw>
<kw name="Evaluate" owner="BuiltIn">
<msg time="2025-07-21T22:37:43.462912" level="INFO">${i} = 78</msg>
<var>${i}</var>
<arg>${i}+2</arg>
<doc>Evaluates the given expression in Python and returns the result.</doc>
<status status="PASS" start="2025-07-21T22:37:43.462618" elapsed="0.000334"/>
</kw>
<status status="PASS" start="2025-07-21T22:37:43.461967" elapsed="0.001036"/>
</iter>
<iter>
<kw name="Log To Console" owner="BuiltIn">
<arg>${i}</arg>
<doc>Logs the given message to the console.</doc>
<status status="PASS" start="2025-07-21T22:37:43.463262" elapsed="0.000215"/>
</kw>
<kw name="Evaluate" owner="BuiltIn">
<msg time="2025-07-21T22:37:43.464090" level="INFO">${i} = 80</msg>
<var>${i}</var>
<arg>${i}+2</arg>
<doc>Evaluates the given expression in Python and returns the result.</doc>
<status status="PASS" start="2025-07-21T22:37:43.463681" elapsed="0.000452"/>
</kw>
<status status="PASS" start="2025-07-21T22:37:43.463032" elapsed="0.001208"/>
</iter>
<iter>
<kw name="Log To Console" owner="BuiltIn">
<arg>${i}</arg>
<doc>Logs the given message to the console.</doc>
<status status="PASS" start="2025-07-21T22:37:43.464534" elapsed="0.000228"/>
</kw>
<kw name="Evaluate" owner="BuiltIn">
<msg time="2025-07-21T22:37:43.465421" level="INFO">${i} = 82</msg>
<var>${i}</var>
<arg>${i}+2</arg>
<doc>Evaluates the given expression in Python and returns the result.</doc>
<status status="PASS" start="2025-07-21T22:37:43.464965" elapsed="0.000503"/>
</kw>
<status status="PASS" start="2025-07-21T22:37:43.464280" elapsed="0.001247"/>
</iter>
<iter>
<kw name="Log To Console" owner="BuiltIn">
<arg>${i}</arg>
<doc>Logs the given message to the console.</doc>
<status status="PASS" start="2025-07-21T22:37:43.466008" elapsed="0.000285"/>
</kw>
<kw name="Evaluate" owner="BuiltIn">
<msg time="2025-07-21T22:37:43.466856" level="INFO">${i} = 84</msg>
<var>${i}</var>
<arg>${i}+2</arg>
<doc>Evaluates the given expression in Python and returns the result.</doc>
<status status="PASS" start="2025-07-21T22:37:43.466459" elapsed="0.000440"/>
</kw>
<status status="PASS" start="2025-07-21T22:37:43.465559" elapsed="0.001396"/>
</iter>
<iter>
<kw name="Log To Console" owner="BuiltIn">
<arg>${i}</arg>
<doc>Logs the given message to the console.</doc>
<status status="PASS" start="2025-07-21T22:37:43.467362" elapsed="0.000261"/>
</kw>
<kw name="Evaluate" owner="BuiltIn">
<msg time="2025-07-21T22:37:43.468053" level="INFO">${i} = 86</msg>
<var>${i}</var>
<arg>${i}+2</arg>
<doc>Evaluates the given expression in Python and returns the result.</doc>
<status status="PASS" start="2025-07-21T22:37:43.467767" elapsed="0.000322"/>
</kw>
<status status="PASS" start="2025-07-21T22:37:43.466986" elapsed="0.001152"/>
</iter>
<iter>
<kw name="Log To Console" owner="BuiltIn">
<arg>${i}</arg>
<doc>Logs the given message to the console.</doc>
<status status="PASS" start="2025-07-21T22:37:43.468387" elapsed="0.000352"/>
</kw>
<kw name="Evaluate" owner="BuiltIn">
<msg time="2025-07-21T22:37:43.469453" level="INFO">${i} = 88</msg>
<var>${i}</var>
<arg>${i}+2</arg>
<doc>Evaluates the given expression in Python and returns the result.</doc>
<status status="PASS" start="2025-07-21T22:37:43.468993" elapsed="0.000503"/>
</kw>
<status status="PASS" start="2025-07-21T22:37:43.468167" elapsed="0.001390"/>
</iter>
<iter>
<kw name="Log To Console" owner="BuiltIn">
<arg>${i}</arg>
<doc>Logs the given message to the console.</doc>
<status status="PASS" start="2025-07-21T22:37:43.470096" elapsed="0.000287"/>
</kw>
<kw name="Evaluate" owner="BuiltIn">
<msg time="2025-07-21T22:37:43.470972" level="INFO">${i} = 90</msg>
<var>${i}</var>
<arg>${i}+2</arg>
<doc>Evaluates the given expression in Python and returns the result.</doc>
<status status="PASS" start="2025-07-21T22:37:43.470526" elapsed="0.000593"/>
</kw>
<status status="PASS" start="2025-07-21T22:37:43.469615" elapsed="0.001599"/>
</iter>
<iter>
<kw name="Log To Console" owner="BuiltIn">
<arg>${i}</arg>
<doc>Logs the given message to the console.</doc>
<status status="PASS" start="2025-07-21T22:37:43.471537" elapsed="0.000249"/>
</kw>
<kw name="Evaluate" owner="BuiltIn">
<msg time="2025-07-21T22:37:43.472235" level="INFO">${i} = 92</msg>
<var>${i}</var>
<arg>${i}+2</arg>
<doc>Evaluates the given expression in Python and returns the result.</doc>
<status status="PASS" start="2025-07-21T22:37:43.471917" elapsed="0.000361"/>
</kw>
<status status="PASS" start="2025-07-21T22:37:43.471255" elapsed="0.001077"/>
</iter>
<iter>
<kw name="Log To Console" owner="BuiltIn">
<arg>${i}</arg>
<doc>Logs the given message to the console.</doc>
<status status="PASS" start="2025-07-21T22:37:43.472610" elapsed="0.000221"/>
</kw>
<kw name="Evaluate" owner="BuiltIn">
<msg time="2025-07-21T22:37:43.473450" level="INFO">${i} = 94</msg>
<var>${i}</var>
<arg>${i}+2</arg>
<doc>Evaluates the given expression in Python and returns the result.</doc>
<status status="PASS" start="2025-07-21T22:37:43.473029" elapsed="0.000465"/>
</kw>
<status status="PASS" start="2025-07-21T22:37:43.472362" elapsed="0.001194"/>
</iter>
<iter>
<kw name="Log To Console" owner="BuiltIn">
<arg>${i}</arg>
<doc>Logs the given message to the console.</doc>
<status status="PASS" start="2025-07-21T22:37:43.473946" elapsed="0.000391"/>
</kw>
<kw name="Evaluate" owner="BuiltIn">
<msg time="2025-07-21T22:37:43.475070" level="INFO">${i} = 96</msg>
<var>${i}</var>
<arg>${i}+2</arg>
<doc>Evaluates the given expression in Python and returns the result.</doc>
<status status="PASS" start="2025-07-21T22:37:43.474702" elapsed="0.000410"/>
</kw>
<status status="PASS" start="2025-07-21T22:37:43.473591" elapsed="0.001576"/>
</iter>
<iter>
<kw name="Log To Console" owner="BuiltIn">
<arg>${i}</arg>
<doc>Logs the given message to the console.</doc>
<status status="PASS" start="2025-07-21T22:37:43.475432" elapsed="0.000204"/>
</kw>
<kw name="Evaluate" owner="BuiltIn">
<msg time="2025-07-21T22:37:43.476208" level="INFO">${i} = 98</msg>
<var>${i}</var>
<arg>${i}+2</arg>
<doc>Evaluates the given expression in Python and returns the result.</doc>
<status status="PASS" start="2025-07-21T22:37:43.475754" elapsed="0.000494"/>
</kw>
<status status="PASS" start="2025-07-21T22:37:43.475198" elapsed="0.001103"/>
</iter>
<iter>
<kw name="Log To Console" owner="BuiltIn">
<arg>${i}</arg>
<doc>Logs the given message to the console.</doc>
<status status="PASS" start="2025-07-21T22:37:43.476562" elapsed="0.000236"/>
</kw>
<kw name="Evaluate" owner="BuiltIn">
<msg time="2025-07-21T22:37:43.477494" level="INFO">${i} = 100</msg>
<var>${i}</var>
<arg>${i}+2</arg>
<doc>Evaluates the given expression in Python and returns the result.</doc>
<status status="PASS" start="2025-07-21T22:37:43.477008" elapsed="0.000539"/>
</kw>
<status status="PASS" start="2025-07-21T22:37:43.476331" elapsed="0.001275"/>
</iter>
<iter>
<kw name="Log To Console" owner="BuiltIn">
<arg>${i}</arg>
<doc>Logs the given message to the console.</doc>
<status status="PASS" start="2025-07-21T22:37:43.478005" elapsed="0.000443"/>
</kw>
<kw name="Evaluate" owner="BuiltIn">
<msg time="2025-07-21T22:37:43.479052" level="INFO">${i} = 102</msg>
<var>${i}</var>
<arg>${i}+2</arg>
<doc>Evaluates the given expression in Python and returns the result.</doc>
<status status="PASS" start="2025-07-21T22:37:43.478684" elapsed="0.000409"/>
</kw>
<status status="PASS" start="2025-07-21T22:37:43.477637" elapsed="0.001511"/>
</iter>
<status status="PASS" start="2025-07-21T22:37:43.408041" elapsed="0.071261"/>
</while>
<status status="PASS" start="2025-07-21T22:37:43.406948" elapsed="0.072542"/>
</test>
<test id="s1-t5" name="While Loop Odd Number" line="40">
<kw name="Set Variable" owner="BuiltIn">
<msg time="2025-07-21T22:37:43.480611" level="INFO">${i} = 1</msg>
<var>${i}</var>
<arg>1</arg>
<doc>Returns the given values which can then be assigned to a variables.</doc>
<status status="PASS" start="2025-07-21T22:37:43.480241" elapsed="0.000428"/>
</kw>
<while condition="${i}&lt;=100">
<iter>
<kw name="Log To Console" owner="BuiltIn">
<arg>${i}</arg>
<doc>Logs the given message to the console.</doc>
<status status="PASS" start="2025-07-21T22:37:43.481331" elapsed="0.000414"/>
</kw>
<kw name="Evaluate" owner="BuiltIn">
<msg time="2025-07-21T22:37:43.482315" level="INFO">${i} = 3</msg>
<var>${i}</var>
<arg>${i}+2</arg>
<doc>Evaluates the given expression in Python and returns the result.</doc>
<status status="PASS" start="2025-07-21T22:37:43.481925" elapsed="0.000433"/>
</kw>
<status status="PASS" start="2025-07-21T22:37:43.480810" elapsed="0.001604"/>
</iter>
<iter>
<kw name="Log To Console" owner="BuiltIn">
<arg>${i}</arg>
<doc>Logs the given message to the console.</doc>
<status status="PASS" start="2025-07-21T22:37:43.482823" elapsed="0.000241"/>
</kw>
<kw name="Evaluate" owner="BuiltIn">
<msg time="2025-07-21T22:37:43.483498" level="INFO">${i} = 5</msg>
<var>${i}</var>
<arg>${i}+2</arg>
<doc>Evaluates the given expression in Python and returns the result.</doc>
<status status="PASS" start="2025-07-21T22:37:43.483199" elapsed="0.000338"/>
</kw>
<status status="PASS" start="2025-07-21T22:37:43.482453" elapsed="0.001135"/>
</iter>
<iter>
<kw name="Log To Console" owner="BuiltIn">
<arg>${i}</arg>
<doc>Logs the given message to the console.</doc>
<status status="PASS" start="2025-07-21T22:37:43.483844" elapsed="0.000206"/>
</kw>
<kw name="Evaluate" owner="BuiltIn">
<msg time="2025-07-21T22:37:43.484655" level="INFO">${i} = 7</msg>
<var>${i}</var>
<arg>${i}+2</arg>
<doc>Evaluates the given expression in Python and returns the result.</doc>
<status status="PASS" start="2025-07-21T22:37:43.484220" elapsed="0.000479"/>
</kw>
<status status="PASS" start="2025-07-21T22:37:43.483617" elapsed="0.001138"/>
</iter>
<iter>
<kw name="Log To Console" owner="BuiltIn">
<arg>${i}</arg>
<doc>Logs the given message to the console.</doc>
<status status="PASS" start="2025-07-21T22:37:43.485154" elapsed="0.000369"/>
</kw>
<kw name="Evaluate" owner="BuiltIn">
<msg time="2025-07-21T22:37:43.486191" level="INFO">${i} = 9</msg>
<var>${i}</var>
<arg>${i}+2</arg>
<doc>Evaluates the given expression in Python and returns the result.</doc>
<status status="PASS" start="2025-07-21T22:37:43.485824" elapsed="0.000407"/>
</kw>
<status status="PASS" start="2025-07-21T22:37:43.484820" elapsed="0.001465"/>
</iter>
<iter>
<kw name="Log To Console" owner="BuiltIn">
<arg>${i}</arg>
<doc>Logs the given message to the console.</doc>
<status status="PASS" start="2025-07-21T22:37:43.486559" elapsed="0.000211"/>
</kw>
<kw name="Evaluate" owner="BuiltIn">
<msg time="2025-07-21T22:37:43.487142" level="INFO">${i} = 11</msg>
<var>${i}</var>
<arg>${i}+2</arg>
<doc>Evaluates the given expression in Python and returns the result.</doc>
<status status="PASS" start="2025-07-21T22:37:43.486892" elapsed="0.000285"/>
</kw>
<status status="PASS" start="2025-07-21T22:37:43.486316" elapsed="0.000908"/>
</iter>
<iter>
<kw name="Log To Console" owner="BuiltIn">
<arg>${i}</arg>
<doc>Logs the given message to the console.</doc>
<status status="PASS" start="2025-07-21T22:37:43.487841" elapsed="0.000470"/>
</kw>
<kw name="Evaluate" owner="BuiltIn">
<msg time="2025-07-21T22:37:43.489024" level="INFO">${i} = 13</msg>
<var>${i}</var>
<arg>${i}+2</arg>
<doc>Evaluates the given expression in Python and returns the result.</doc>
<status status="PASS" start="2025-07-21T22:37:43.488588" elapsed="0.000481"/>
</kw>
<status status="PASS" start="2025-07-21T22:37:43.487252" elapsed="0.001874"/>
</iter>
<iter>
<kw name="Log To Console" owner="BuiltIn">
<arg>${i}</arg>
<doc>Logs the given message to the console.</doc>
<status status="PASS" start="2025-07-21T22:37:43.489421" elapsed="0.000239"/>
</kw>
<kw name="Evaluate" owner="BuiltIn">
<msg time="2025-07-21T22:37:43.490379" level="INFO">${i} = 15</msg>
<var>${i}</var>
<arg>${i}+2</arg>
<doc>Evaluates the given expression in Python and returns the result.</doc>
<status status="PASS" start="2025-07-21T22:37:43.489802" elapsed="0.000654"/>
</kw>
<status status="PASS" start="2025-07-21T22:37:43.489157" elapsed="0.001411"/>
</iter>
<iter>
<kw name="Log To Console" owner="BuiltIn">
<arg>${i}</arg>
<doc>Logs the given message to the console.</doc>
<status status="PASS" start="2025-07-21T22:37:43.490941" elapsed="0.000303"/>
</kw>
<kw name="Evaluate" owner="BuiltIn">
<msg time="2025-07-21T22:37:43.491827" level="INFO">${i} = 17</msg>
<var>${i}</var>
<arg>${i}+2</arg>
<doc>Evaluates the given expression in Python and returns the result.</doc>
<status status="PASS" start="2025-07-21T22:37:43.491411" elapsed="0.000461"/>
</kw>
<status status="PASS" start="2025-07-21T22:37:43.490621" elapsed="0.001307"/>
</iter>
<iter>
<kw name="Log To Console" owner="BuiltIn">
<arg>${i}</arg>
<doc>Logs the given message to the console.</doc>
<status status="PASS" start="2025-07-21T22:37:43.492204" elapsed="0.000215"/>
</kw>
<kw name="Evaluate" owner="BuiltIn">
<msg time="2025-07-21T22:37:43.493047" level="INFO">${i} = 19</msg>
<var>${i}</var>
<arg>${i}+2</arg>
<doc>Evaluates the given expression in Python and returns the result.</doc>
<status status="PASS" start="2025-07-21T22:37:43.492542" elapsed="0.000551"/>
</kw>
<status status="PASS" start="2025-07-21T22:37:43.491959" elapsed="0.001189"/>
</iter>
<iter>
<kw name="Log To Console" owner="BuiltIn">
<arg>${i}</arg>
<doc>Logs the given message to the console.</doc>
<status status="PASS" start="2025-07-21T22:37:43.493634" elapsed="0.000439"/>
</kw>
<kw name="Evaluate" owner="BuiltIn">
<msg time="2025-07-21T22:37:43.494821" level="INFO">${i} = 21</msg>
<var>${i}</var>
<arg>${i}+2</arg>
<doc>Evaluates the given expression in Python and returns the result.</doc>
<status status="PASS" start="2025-07-21T22:37:43.494483" elapsed="0.000381"/>
</kw>
<status status="PASS" start="2025-07-21T22:37:43.493179" elapsed="0.001738"/>
</iter>
<iter>
<kw name="Log To Console" owner="BuiltIn">
<arg>${i}</arg>
<doc>Logs the given message to the console.</doc>
<status status="PASS" start="2025-07-21T22:37:43.495171" elapsed="0.000198"/>
</kw>
<kw name="Evaluate" owner="BuiltIn">
<msg time="2025-07-21T22:37:43.495728" level="INFO">${i} = 23</msg>
<var>${i}</var>
<arg>${i}+2</arg>
<doc>Evaluates the given expression in Python and returns the result.</doc>
<status status="PASS" start="2025-07-21T22:37:43.495486" elapsed="0.000276"/>
</kw>
<status status="PASS" start="2025-07-21T22:37:43.494947" elapsed="0.000861"/>
</iter>
<iter>
<kw name="Log To Console" owner="BuiltIn">
<arg>${i}</arg>
<doc>Logs the given message to the console.</doc>
<status status="PASS" start="2025-07-21T22:37:43.496038" elapsed="0.000311"/>
</kw>
<kw name="Evaluate" owner="BuiltIn">
<msg time="2025-07-21T22:37:43.496715" level="INFO">${i} = 25</msg>
<var>${i}</var>
<arg>${i}+2</arg>
<doc>Evaluates the given expression in Python and returns the result.</doc>
<status status="PASS" start="2025-07-21T22:37:43.496469" elapsed="0.000281"/>
</kw>
<status status="PASS" start="2025-07-21T22:37:43.495835" elapsed="0.000963"/>
</iter>
<iter>
<kw name="Log To Console" owner="BuiltIn">
<arg>${i}</arg>
<doc>Logs the given message to the console.</doc>
<status status="PASS" start="2025-07-21T22:37:43.497035" elapsed="0.000195"/>
</kw>
<kw name="Evaluate" owner="BuiltIn">
<msg time="2025-07-21T22:37:43.497610" level="INFO">${i} = 27</msg>
<var>${i}</var>
<arg>${i}+2</arg>
<doc>Evaluates the given expression in Python and returns the result.</doc>
<status status="PASS" start="2025-07-21T22:37:43.497351" elapsed="0.000297"/>
</kw>
<status status="PASS" start="2025-07-21T22:37:43.496825" elapsed="0.000871"/>
</iter>
<iter>
<kw name="Log To Console" owner="BuiltIn">
<arg>${i}</arg>
<doc>Logs the given message to the console.</doc>
<status status="PASS" start="2025-07-21T22:37:43.497938" elapsed="0.000255"/>
</kw>
<kw name="Evaluate" owner="BuiltIn">
<msg time="2025-07-21T22:37:43.498902" level="INFO">${i} = 29</msg>
<var>${i}</var>
<arg>${i}+2</arg>
<doc>Evaluates the given expression in Python and returns the result.</doc>
<status status="PASS" start="2025-07-21T22:37:43.498451" elapsed="0.000498"/>
</kw>
<status status="PASS" start="2025-07-21T22:37:43.497723" elapsed="0.001295"/>
</iter>
<iter>
<kw name="Log To Console" owner="BuiltIn">
<arg>${i}</arg>
<doc>Logs the given message to the console.</doc>
<status status="PASS" start="2025-07-21T22:37:43.499310" elapsed="0.000245"/>
</kw>
<kw name="Evaluate" owner="BuiltIn">
<msg time="2025-07-21T22:37:43.500483" level="INFO">${i} = 31</msg>
<var>${i}</var>
<arg>${i}+2</arg>
<doc>Evaluates the given expression in Python and returns the result.</doc>
<status status="PASS" start="2025-07-21T22:37:43.499704" elapsed="0.000867"/>
</kw>
<status status="PASS" start="2025-07-21T22:37:43.499049" elapsed="0.001825"/>
</iter>
<iter>
<kw name="Log To Console" owner="BuiltIn">
<arg>${i}</arg>
<doc>Logs the given message to the console.</doc>
<status status="PASS" start="2025-07-21T22:37:43.501555" elapsed="0.000538"/>
</kw>
<kw name="Evaluate" owner="BuiltIn">
<msg time="2025-07-21T22:37:43.502966" level="INFO">${i} = 33</msg>
<var>${i}</var>
<arg>${i}+2</arg>
<doc>Evaluates the given expression in Python and returns the result.</doc>
<status status="PASS" start="2025-07-21T22:37:43.502356" elapsed="0.000707"/>
</kw>
<status status="PASS" start="2025-07-21T22:37:43.500951" elapsed="0.002226"/>
</iter>
<iter>
<kw name="Log To Console" owner="BuiltIn">
<arg>${i}</arg>
<doc>Logs the given message to the console.</doc>
<status status="PASS" start="2025-07-21T22:37:43.503495" elapsed="0.000234"/>
</kw>
<kw name="Evaluate" owner="BuiltIn">
<msg time="2025-07-21T22:37:43.504146" level="INFO">${i} = 35</msg>
<var>${i}</var>
<arg>${i}+2</arg>
<doc>Evaluates the given expression in Python and returns the result.</doc>
<status status="PASS" start="2025-07-21T22:37:43.503852" elapsed="0.000386"/>
</kw>
<status status="PASS" start="2025-07-21T22:37:43.503216" elapsed="0.001206"/>
</iter>
<iter>
<kw name="Log To Console" owner="BuiltIn">
<arg>${i}</arg>
<doc>Logs the given message to the console.</doc>
<status status="PASS" start="2025-07-21T22:37:43.504839" elapsed="0.000610"/>
</kw>
<kw name="Evaluate" owner="BuiltIn">
<msg time="2025-07-21T22:37:43.506051" level="INFO">${i} = 37</msg>
<var>${i}</var>
<arg>${i}+2</arg>
<doc>Evaluates the given expression in Python and returns the result.</doc>
<status status="PASS" start="2025-07-21T22:37:43.505656" elapsed="0.000439"/>
</kw>
<status status="PASS" start="2025-07-21T22:37:43.504471" elapsed="0.001708"/>
</iter>
<iter>
<kw name="Log To Console" owner="BuiltIn">
<arg>${i}</arg>
<doc>Logs the given message to the console.</doc>
<status status="PASS" start="2025-07-21T22:37:43.506739" elapsed="0.000487"/>
</kw>
<kw name="Evaluate" owner="BuiltIn">
<msg time="2025-07-21T22:37:43.507832" level="INFO">${i} = 39</msg>
<var>${i}</var>
<arg>${i}+2</arg>
<doc>Evaluates the given expression in Python and returns the result.</doc>
<status status="PASS" start="2025-07-21T22:37:43.507431" elapsed="0.000447"/>
</kw>
<status status="PASS" start="2025-07-21T22:37:43.506273" elapsed="0.001701"/>
</iter>
<iter>
<kw name="Log To Console" owner="BuiltIn">
<arg>${i}</arg>
<doc>Logs the given message to the console.</doc>
<status status="PASS" start="2025-07-21T22:37:43.508321" elapsed="0.000287"/>
</kw>
<kw name="Evaluate" owner="BuiltIn">
<msg time="2025-07-21T22:37:43.509168" level="INFO">${i} = 41</msg>
<var>${i}</var>
<arg>${i}+2</arg>
<doc>Evaluates the given expression in Python and returns the result.</doc>
<status status="PASS" start="2025-07-21T22:37:43.508756" elapsed="0.000456"/>
</kw>
<status status="PASS" start="2025-07-21T22:37:43.508010" elapsed="0.001256"/>
</iter>
<iter>
<kw name="Log To Console" owner="BuiltIn">
<arg>${i}</arg>
<doc>Logs the given message to the console.</doc>
<status status="PASS" start="2025-07-21T22:37:43.509652" elapsed="0.000325"/>
</kw>
<kw name="Evaluate" owner="BuiltIn">
<msg time="2025-07-21T22:37:43.510866" level="INFO">${i} = 43</msg>
<var>${i}</var>
<arg>${i}+2</arg>
<doc>Evaluates the given expression in Python and returns the result.</doc>
<status status="PASS" start="2025-07-21T22:37:43.510215" elapsed="0.000700"/>
</kw>
<status status="PASS" start="2025-07-21T22:37:43.509296" elapsed="0.001676"/>
</iter>
<iter>
<kw name="Log To Console" owner="BuiltIn">
<arg>${i}</arg>
<doc>Logs the given message to the console.</doc>
<status status="PASS" start="2025-07-21T22:37:43.511276" elapsed="0.000227"/>
</kw>
<kw name="Evaluate" owner="BuiltIn">
<msg time="2025-07-21T22:37:43.511898" level="INFO">${i} = 45</msg>
<var>${i}</var>
<arg>${i}+2</arg>
<doc>Evaluates the given expression in Python and returns the result.</doc>
<status status="PASS" start="2025-07-21T22:37:43.511629" elapsed="0.000305"/>
</kw>
<status status="PASS" start="2025-07-21T22:37:43.511003" elapsed="0.000980"/>
</iter>
<iter>
<kw name="Log To Console" owner="BuiltIn">
<arg>${i}</arg>
<doc>Logs the given message to the console.</doc>
<status status="PASS" start="2025-07-21T22:37:43.512224" elapsed="0.000199"/>
</kw>
<kw name="Evaluate" owner="BuiltIn">
<msg time="2025-07-21T22:37:43.512792" level="INFO">${i} = 47</msg>
<var>${i}</var>
<arg>${i}+2</arg>
<doc>Evaluates the given expression in Python and returns the result.</doc>
<status status="PASS" start="2025-07-21T22:37:43.512540" elapsed="0.000288"/>
</kw>
<status status="PASS" start="2025-07-21T22:37:43.512011" elapsed="0.000866"/>
</iter>
<iter>
<kw name="Log To Console" owner="BuiltIn">
<arg>${i}</arg>
<doc>Logs the given message to the console.</doc>
<status status="PASS" start="2025-07-21T22:37:43.513134" elapsed="0.000206"/>
</kw>
<kw name="Evaluate" owner="BuiltIn">
<msg time="2025-07-21T22:37:43.514100" level="INFO">${i} = 49</msg>
<var>${i}</var>
<arg>${i}+2</arg>
<doc>Evaluates the given expression in Python and returns the result.</doc>
<status status="PASS" start="2025-07-21T22:37:43.513549" elapsed="0.000620"/>
</kw>
<status status="PASS" start="2025-07-21T22:37:43.512904" elapsed="0.001336"/>
</iter>
<iter>
<kw name="Log To Console" owner="BuiltIn">
<arg>${i}</arg>
<doc>Logs the given message to the console.</doc>
<status status="PASS" start="2025-07-21T22:37:43.514621" elapsed="0.000339"/>
</kw>
<kw name="Evaluate" owner="BuiltIn">
<msg time="2025-07-21T22:37:43.515564" level="INFO">${i} = 51</msg>
<var>${i}</var>
<arg>${i}+2</arg>
<doc>Evaluates the given expression in Python and returns the result.</doc>
<status status="PASS" start="2025-07-21T22:37:43.515226" elapsed="0.000379"/>
</kw>
<status status="PASS" start="2025-07-21T22:37:43.514278" elapsed="0.001380"/>
</iter>
<iter>
<kw name="Log To Console" owner="BuiltIn">
<arg>${i}</arg>
<doc>Logs the given message to the console.</doc>
<status status="PASS" start="2025-07-21T22:37:43.516009" elapsed="0.000218"/>
</kw>
<kw name="Evaluate" owner="BuiltIn">
<msg time="2025-07-21T22:37:43.516973" level="INFO">${i} = 53</msg>
<var>${i}</var>
<arg>${i}+2</arg>
<doc>Evaluates the given expression in Python and returns the result.</doc>
<status status="PASS" start="2025-07-21T22:37:43.516435" elapsed="0.000603"/>
</kw>
<status status="PASS" start="2025-07-21T22:37:43.515689" elapsed="0.001526"/>
</iter>
<iter>
<kw name="Log To Console" owner="BuiltIn">
<arg>${i}</arg>
<doc>Logs the given message to the console.</doc>
<status status="PASS" start="2025-07-21T22:37:43.517625" elapsed="0.000476"/>
</kw>
<kw name="Evaluate" owner="BuiltIn">
<msg time="2025-07-21T22:37:43.519095" level="INFO">${i} = 55</msg>
<var>${i}</var>
<arg>${i}+2</arg>
<doc>Evaluates the given expression in Python and returns the result.</doc>
<status status="PASS" start="2025-07-21T22:37:43.518389" elapsed="0.000789"/>
</kw>
<status status="PASS" start="2025-07-21T22:37:43.517288" elapsed="0.002002"/>
</iter>
<iter>
<kw name="Log To Console" owner="BuiltIn">
<arg>${i}</arg>
<doc>Logs the given message to the console.</doc>
<status status="PASS" start="2025-07-21T22:37:43.519684" elapsed="0.000337"/>
</kw>
<kw name="Evaluate" owner="BuiltIn">
<msg time="2025-07-21T22:37:43.520642" level="INFO">${i} = 57</msg>
<var>${i}</var>
<arg>${i}+2</arg>
<doc>Evaluates the given expression in Python and returns the result.</doc>
<status status="PASS" start="2025-07-21T22:37:43.520169" elapsed="0.000559"/>
</kw>
<status status="PASS" start="2025-07-21T22:37:43.519340" elapsed="0.001449"/>
</iter>
<iter>
<kw name="Log To Console" owner="BuiltIn">
<arg>${i}</arg>
<doc>Logs the given message to the console.</doc>
<status status="PASS" start="2025-07-21T22:37:43.521299" elapsed="0.000357"/>
</kw>
<kw name="Evaluate" owner="BuiltIn">
<msg time="2025-07-21T22:37:43.522343" level="INFO">${i} = 59</msg>
<var>${i}</var>
<arg>${i}+2</arg>
<doc>Evaluates the given expression in Python and returns the result.</doc>
<status status="PASS" start="2025-07-21T22:37:43.521925" elapsed="0.000460"/>
</kw>
<status status="PASS" start="2025-07-21T22:37:43.520831" elapsed="0.001610"/>
</iter>
<iter>
<kw name="Log To Console" owner="BuiltIn">
<arg>${i}</arg>
<doc>Logs the given message to the console.</doc>
<status status="PASS" start="2025-07-21T22:37:43.522716" elapsed="0.000434"/>
</kw>
<kw name="Evaluate" owner="BuiltIn">
<msg time="2025-07-21T22:37:43.523763" level="INFO">${i} = 61</msg>
<var>${i}</var>
<arg>${i}+2</arg>
<doc>Evaluates the given expression in Python and returns the result.</doc>
<status status="PASS" start="2025-07-21T22:37:43.523338" elapsed="0.000469"/>
</kw>
<status status="PASS" start="2025-07-21T22:37:43.522471" elapsed="0.001392"/>
</iter>
<iter>
<kw name="Log To Console" owner="BuiltIn">
<arg>${i}</arg>
<doc>Logs the given message to the console.</doc>
<status status="PASS" start="2025-07-21T22:37:43.524225" elapsed="0.000337"/>
</kw>
<kw name="Evaluate" owner="BuiltIn">
<msg time="2025-07-21T22:37:43.525158" level="INFO">${i} = 63</msg>
<var>${i}</var>
<arg>${i}+2</arg>
<doc>Evaluates the given expression in Python and returns the result.</doc>
<status status="PASS" start="2025-07-21T22:37:43.524716" elapsed="0.000529"/>
</kw>
<status status="PASS" start="2025-07-21T22:37:43.523893" elapsed="0.001428"/>
</iter>
<iter>
<kw name="Log To Console" owner="BuiltIn">
<arg>${i}</arg>
<doc>Logs the given message to the console.</doc>
<status status="PASS" start="2025-07-21T22:37:43.525750" elapsed="0.000439"/>
</kw>
<kw name="Evaluate" owner="BuiltIn">
<msg time="2025-07-21T22:37:43.526842" level="INFO">${i} = 65</msg>
<var>${i}</var>
<arg>${i}+2</arg>
<doc>Evaluates the given expression in Python and returns the result.</doc>
<status status="PASS" start="2025-07-21T22:37:43.526478" elapsed="0.000403"/>
</kw>
<status status="PASS" start="2025-07-21T22:37:43.525354" elapsed="0.001580"/>
</iter>
<iter>
<kw name="Log To Console" owner="BuiltIn">
<arg>${i}</arg>
<doc>Logs the given message to the console.</doc>
<status status="PASS" start="2025-07-21T22:37:43.527191" elapsed="0.000200"/>
</kw>
<kw name="Evaluate" owner="BuiltIn">
<msg time="2025-07-21T22:37:43.527757" level="INFO">${i} = 67</msg>
<var>${i}</var>
<arg>${i}+2</arg>
<doc>Evaluates the given expression in Python and returns the result.</doc>
<status status="PASS" start="2025-07-21T22:37:43.527508" elapsed="0.000286"/>
</kw>
<status status="PASS" start="2025-07-21T22:37:43.526963" elapsed="0.000878"/>
</iter>
<iter>
<kw name="Log To Console" owner="BuiltIn">
<arg>${i}</arg>
<doc>Logs the given message to the console.</doc>
<status status="PASS" start="2025-07-21T22:37:43.528085" elapsed="0.000197"/>
</kw>
<kw name="Evaluate" owner="BuiltIn">
<msg time="2025-07-21T22:37:43.528638" level="INFO">${i} = 69</msg>
<var>${i}</var>
<arg>${i}+2</arg>
<doc>Evaluates the given expression in Python and returns the result.</doc>
<status status="PASS" start="2025-07-21T22:37:43.528398" elapsed="0.000274"/>
</kw>
<status status="PASS" start="2025-07-21T22:37:43.527869" elapsed="0.000849"/>
</iter>
<iter>
<kw name="Log To Console" owner="BuiltIn">
<arg>${i}</arg>
<doc>Logs the given message to the console.</doc>
<status status="PASS" start="2025-07-21T22:37:43.528948" elapsed="0.000194"/>
</kw>
<kw name="Evaluate" owner="BuiltIn">
<msg time="2025-07-21T22:37:43.529521" level="INFO">${i} = 71</msg>
<var>${i}</var>
<arg>${i}+2</arg>
<doc>Evaluates the given expression in Python and returns the result.</doc>
<status status="PASS" start="2025-07-21T22:37:43.529268" elapsed="0.000288"/>
</kw>
<status status="PASS" start="2025-07-21T22:37:43.528744" elapsed="0.000859"/>
</iter>
<iter>
<kw name="Log To Console" owner="BuiltIn">
<arg>${i}</arg>
<doc>Logs the given message to the console.</doc>
<status status="PASS" start="2025-07-21T22:37:43.529869" elapsed="0.000382"/>
</kw>
<kw name="Evaluate" owner="BuiltIn">
<msg time="2025-07-21T22:37:43.530811" level="INFO">${i} = 73</msg>
<var>${i}</var>
<arg>${i}+2</arg>
<doc>Evaluates the given expression in Python and returns the result.</doc>
<status status="PASS" start="2025-07-21T22:37:43.530454" elapsed="0.000395"/>
</kw>
<status status="PASS" start="2025-07-21T22:37:43.529631" elapsed="0.001269"/>
</iter>
<iter>
<kw name="Log To Console" owner="BuiltIn">
<arg>${i}</arg>
<doc>Logs the given message to the console.</doc>
<status status="PASS" start="2025-07-21T22:37:43.531213" elapsed="0.000293"/>
</kw>
<kw name="Evaluate" owner="BuiltIn">
<msg time="2025-07-21T22:37:43.532248" level="INFO">${i} = 75</msg>
<var>${i}</var>
<arg>${i}+2</arg>
<doc>Evaluates the given expression in Python and returns the result.</doc>
<status status="PASS" start="2025-07-21T22:37:43.531722" elapsed="0.000573"/>
</kw>
<status status="PASS" start="2025-07-21T22:37:43.530938" elapsed="0.001414"/>
</iter>
<iter>
<kw name="Log To Console" owner="BuiltIn">
<arg>${i}</arg>
<doc>Logs the given message to the console.</doc>
<status status="PASS" start="2025-07-21T22:37:43.532730" elapsed="0.000377"/>
</kw>
<kw name="Evaluate" owner="BuiltIn">
<msg time="2025-07-21T22:37:43.534018" level="INFO">${i} = 77</msg>
<var>${i}</var>
<arg>${i}+2</arg>
<doc>Evaluates the given expression in Python and returns the result.</doc>
<status status="PASS" start="2025-07-21T22:37:43.533417" elapsed="0.000672"/>
</kw>
<status status="PASS" start="2025-07-21T22:37:43.532383" elapsed="0.001799"/>
</iter>
<iter>
<kw name="Log To Console" owner="BuiltIn">
<arg>${i}</arg>
<doc>Logs the given message to the console.</doc>
<status status="PASS" start="2025-07-21T22:37:43.534581" elapsed="0.000292"/>
</kw>
<kw name="Evaluate" owner="BuiltIn">
<msg time="2025-07-21T22:37:43.535330" level="INFO">${i} = 79</msg>
<var>${i}</var>
<arg>${i}+2</arg>
<doc>Evaluates the given expression in Python and returns the result.</doc>
<status status="PASS" start="2025-07-21T22:37:43.535018" elapsed="0.000353"/>
</kw>
<status status="PASS" start="2025-07-21T22:37:43.534232" elapsed="0.001193"/>
</iter>
<iter>
<kw name="Log To Console" owner="BuiltIn">
<arg>${i}</arg>
<doc>Logs the given message to the console.</doc>
<status status="PASS" start="2025-07-21T22:37:43.535690" elapsed="0.000222"/>
</kw>
<kw name="Evaluate" owner="BuiltIn">
<msg time="2025-07-21T22:37:43.536326" level="INFO">${i} = 81</msg>
<var>${i}</var>
<arg>${i}+2</arg>
<doc>Evaluates the given expression in Python and returns the result.</doc>
<status status="PASS" start="2025-07-21T22:37:43.536037" elapsed="0.000326"/>
</kw>
<status status="PASS" start="2025-07-21T22:37:43.535454" elapsed="0.000959"/>
</iter>
<iter>
<kw name="Log To Console" owner="BuiltIn">
<arg>${i}</arg>
<doc>Logs the given message to the console.</doc>
<status status="PASS" start="2025-07-21T22:37:43.536670" elapsed="0.000206"/>
</kw>
<kw name="Evaluate" owner="BuiltIn">
<msg time="2025-07-21T22:37:43.537267" level="INFO">${i} = 83</msg>
<var>${i}</var>
<arg>${i}+2</arg>
<doc>Evaluates the given expression in Python and returns the result.</doc>
<status status="PASS" start="2025-07-21T22:37:43.537005" elapsed="0.000298"/>
</kw>
<status status="PASS" start="2025-07-21T22:37:43.536441" elapsed="0.000951"/>
</iter>
<iter>
<kw name="Log To Console" owner="BuiltIn">
<arg>${i}</arg>
<doc>Logs the given message to the console.</doc>
<status status="PASS" start="2025-07-21T22:37:43.537899" elapsed="0.000406"/>
</kw>
<kw name="Evaluate" owner="BuiltIn">
<msg time="2025-07-21T22:37:43.538834" level="INFO">${i} = 85</msg>
<var>${i}</var>
<arg>${i}+2</arg>
<doc>Evaluates the given expression in Python and returns the result.</doc>
<status status="PASS" start="2025-07-21T22:37:43.538519" elapsed="0.000355"/>
</kw>
<status status="PASS" start="2025-07-21T22:37:43.537432" elapsed="0.001501"/>
</iter>
<iter>
<kw name="Log To Console" owner="BuiltIn">
<arg>${i}</arg>
<doc>Logs the given message to the console.</doc>
<status status="PASS" start="2025-07-21T22:37:43.539307" elapsed="0.000467"/>
</kw>
<kw name="Evaluate" owner="BuiltIn">
<msg time="2025-07-21T22:37:43.540754" level="INFO">${i} = 87</msg>
<var>${i}</var>
<arg>${i}+2</arg>
<doc>Evaluates the given expression in Python and returns the result.</doc>
<status status="PASS" start="2025-07-21T22:37:43.540043" elapsed="0.000815"/>
</kw>
<status status="PASS" start="2025-07-21T22:37:43.539027" elapsed="0.001919"/>
</iter>
<iter>
<kw name="Log To Console" owner="BuiltIn">
<arg>${i}</arg>
<doc>Logs the given message to the console.</doc>
<status status="PASS" start="2025-07-21T22:37:43.541543" elapsed="0.000338"/>
</kw>
<kw name="Evaluate" owner="BuiltIn">
<msg time="2025-07-21T22:37:43.542718" level="INFO">${i} = 89</msg>
<var>${i}</var>
<arg>${i}+2</arg>
<doc>Evaluates the given expression in Python and returns the result.</doc>
<status status="PASS" start="2025-07-21T22:37:43.542120" elapsed="0.000646"/>
</kw>
<status status="PASS" start="2025-07-21T22:37:43.540981" elapsed="0.001847"/>
</iter>
<iter>
<kw name="Log To Console" owner="BuiltIn">
<arg>${i}</arg>
<doc>Logs the given message to the console.</doc>
<status status="PASS" start="2025-07-21T22:37:43.543219" elapsed="0.000301"/>
</kw>
<kw name="Evaluate" owner="BuiltIn">
<msg time="2025-07-21T22:37:43.544004" level="INFO">${i} = 91</msg>
<var>${i}</var>
<arg>${i}+2</arg>
<doc>Evaluates the given expression in Python and returns the result.</doc>
<status status="PASS" start="2025-07-21T22:37:43.543685" elapsed="0.000360"/>
</kw>
<status status="PASS" start="2025-07-21T22:37:43.542864" elapsed="0.001235"/>
</iter>
<iter>
<kw name="Log To Console" owner="BuiltIn">
<arg>${i}</arg>
<doc>Logs the given message to the console.</doc>
<status status="PASS" start="2025-07-21T22:37:43.544372" elapsed="0.000239"/>
</kw>
<kw name="Evaluate" owner="BuiltIn">
<msg time="2025-07-21T22:37:43.545067" level="INFO">${i} = 93</msg>
<var>${i}</var>
<arg>${i}+2</arg>
<doc>Evaluates the given expression in Python and returns the result.</doc>
<status status="PASS" start="2025-07-21T22:37:43.544762" elapsed="0.000345"/>
</kw>
<status status="PASS" start="2025-07-21T22:37:43.544129" elapsed="0.001031"/>
</iter>
<iter>
<kw name="Log To Console" owner="BuiltIn">
<arg>${i}</arg>
<doc>Logs the given message to the console.</doc>
<status status="PASS" start="2025-07-21T22:37:43.545427" elapsed="0.000219"/>
</kw>
<kw name="Evaluate" owner="BuiltIn">
<msg time="2025-07-21T22:37:43.546047" level="INFO">${i} = 95</msg>
<var>${i}</var>
<arg>${i}+2</arg>
<doc>Evaluates the given expression in Python and returns the result.</doc>
<status status="PASS" start="2025-07-21T22:37:43.545773" elapsed="0.000310"/>
</kw>
<status status="PASS" start="2025-07-21T22:37:43.545189" elapsed="0.000944"/>
</iter>
<iter>
<kw name="Log To Console" owner="BuiltIn">
<arg>${i}</arg>
<doc>Logs the given message to the console.</doc>
<status status="PASS" start="2025-07-21T22:37:43.546393" elapsed="0.000222"/>
</kw>
<kw name="Evaluate" owner="BuiltIn">
<msg time="2025-07-21T22:37:43.547173" level="INFO">${i} = 97</msg>
<var>${i}</var>
<arg>${i}+2</arg>
<doc>Evaluates the given expression in Python and returns the result.</doc>
<status status="PASS" start="2025-07-21T22:37:43.546763" elapsed="0.000452"/>
</kw>
<status status="PASS" start="2025-07-21T22:37:43.546162" elapsed="0.001106"/>
</iter>
<iter>
<kw name="Log To Console" owner="BuiltIn">
<arg>${i}</arg>
<doc>Logs the given message to the console.</doc>
<status status="PASS" start="2025-07-21T22:37:43.547540" elapsed="0.000219"/>
</kw>
<kw name="Evaluate" owner="BuiltIn">
<msg time="2025-07-21T22:37:43.548169" level="INFO">${i} = 99</msg>
<var>${i}</var>
<arg>${i}+2</arg>
<doc>Evaluates the given expression in Python and returns the result.</doc>
<status status="PASS" start="2025-07-21T22:37:43.547889" elapsed="0.000317"/>
</kw>
<status status="PASS" start="2025-07-21T22:37:43.547299" elapsed="0.000954"/>
</iter>
<iter>
<kw name="Log To Console" owner="BuiltIn">
<arg>${i}</arg>
<doc>Logs the given message to the console.</doc>
<status status="PASS" start="2025-07-21T22:37:43.548733" elapsed="0.000383"/>
</kw>
<kw name="Evaluate" owner="BuiltIn">
<msg time="2025-07-21T22:37:43.550016" level="INFO">${i} = 101</msg>
<var>${i}</var>
<arg>${i}+2</arg>
<doc>Evaluates the given expression in Python and returns the result.</doc>
<status status="PASS" start="2025-07-21T22:37:43.549433" elapsed="0.000670"/>
</kw>
<status status="PASS" start="2025-07-21T22:37:43.548309" elapsed="0.001866"/>
</iter>
<status status="PASS" start="2025-07-21T22:37:43.480807" elapsed="0.069588"/>
</while>
<status status="PASS" start="2025-07-21T22:37:43.479733" elapsed="0.070916"/>
</test>
<status status="PASS" start="2025-07-21T22:37:43.362008" elapsed="0.189294"/>
</suite>
<statistics>
<total>
<stat pass="5" fail="0" skip="0">All Tests</stat>
</total>
<tag>
</tag>
<suite>
<stat name="Control Flow" id="s1" pass="5" fail="0" skip="0">Control Flow</stat>
</suite>
</statistics>
<errors>
</errors>
</robot>
