<?xml version="1.0" encoding="UTF-8"?>
<robot generator="Robot 7.3.2 (Python 3.13.5 on darwin)" generated="2025-09-03T22:34:31.317366" rpa="false" schemaversion="5">
<suite id="s1" name="Dictionary" source="/Users/olakoya/Desktop/PythonProjects/RobotFramework/Day_7/dictionary.robot">
<test id="s1-t1" name="Example for Handling Dictionaries in RobotFramework" line="10">
<kw name="Create List" owner="BuiltIn">
<msg time="2025-09-03T22:34:31.363263" level="INFO">${items} = [('key1', 'value1'), ('key2', 'value2')]</msg>
<var>${items}</var>
<arg>${{"key1","value1"}}</arg>
<arg>${{"key2","value2"}}</arg>
<doc>Returns a list containing given items.</doc>
<status status="PASS" start="2025-09-03T22:34:31.362391" elapsed="0.000918"/>
</kw>
<kw name="Set To Dictionary" owner="Collections">
<arg>${dict1}</arg>
<arg>key2=value44444</arg>
<doc>Adds the given ``key_value_pairs`` and/or ``items`` to the ``dictionary``.</doc>
<status status="PASS" start="2025-09-03T22:34:31.363657" elapsed="0.000248"/>
</kw>
<kw name="Log To Console" owner="BuiltIn">
<arg>${dict1}</arg>
<doc>Logs the given message to the console.</doc>
<status status="PASS" start="2025-09-03T22:34:31.364096" elapsed="0.003028"/>
</kw>
<status status="PASS" start="2025-09-03T22:34:31.361319" elapsed="0.006023"/>
</test>
<status status="PASS" start="2025-09-03T22:34:31.319309" elapsed="0.048600"/>
</suite>
<statistics>
<total>
<stat pass="1" fail="0" skip="0">All Tests</stat>
</total>
<tag>
</tag>
<suite>
<stat name="Dictionary" id="s1" pass="1" fail="0" skip="0">Dictionary</stat>
</suite>
</statistics>
<errors>
</errors>
</robot>
