<?xml version="1.0" encoding="UTF-8"?>
<robot generator="Robot 7.3.2 (Python 3.13.5 on darwin)" generated="2025-08-27T23:17:39.083127" rpa="false" schemaversion="5">
<suite id="s1" name="List" source="/Users/olakoya/Desktop/PythonProjects/RobotFramework/Day_6/list.robot">
<test id="s1-t1" name="Example for Lis operators" line="8">
<kw name="Create List" owner="BuiltIn">
<msg time="2025-08-27T23:17:39.132312" level="INFO">${my_list} = ['1', '2', '3', '4', '5']</msg>
<var>${my_list}</var>
<arg>1</arg>
<arg>2</arg>
<arg>3</arg>
<arg>4</arg>
<arg>5</arg>
<doc>Returns a list containing given items.</doc>
<status status="PASS" start="2025-08-27T23:17:39.132048" elapsed="0.000322"/>
</kw>
<kw name="Create List" owner="BuiltIn">
<msg time="2025-08-27T23:17:39.132861" level="INFO">${my_list1} = ['1', '2', '3', '4', '5']</msg>
<var>${my_list1}</var>
<arg>1</arg>
<arg>2</arg>
<arg>3</arg>
<arg>4</arg>
<arg>5</arg>
<doc>Returns a list containing given items.</doc>
<status status="PASS" start="2025-08-27T23:17:39.132657" elapsed="0.000238"/>
</kw>
<kw name="Lists Should Be Equal" owner="Collections">
<arg>${my_list}</arg>
<arg>${my_list1}</arg>
<doc>Fails if given lists are unequal.</doc>
<status status="PASS" start="2025-08-27T23:17:39.133063" elapsed="0.000233"/>
</kw>
<status status="PASS" start="2025-08-27T23:17:39.131283" elapsed="0.002156"/>
</test>
<status status="PASS" start="2025-08-27T23:17:39.084614" elapsed="0.049284"/>
</suite>
<statistics>
<total>
<stat pass="1" fail="0" skip="0">All Tests</stat>
</total>
<tag>
</tag>
<suite>
<stat name="List" id="s1" pass="1" fail="0" skip="0">List</stat>
</suite>
</statistics>
<errors>
</errors>
</robot>
