<?xml version="1.0" encoding="UTF-8"?>
<robot generator="Robot 7.3.2 (Python 3.13.5 on darwin)" generated="2025-09-05T19:47:25.597018" rpa="false" schemaversion="5">
<suite id="s1" name="Selenium Timeout Keywords" source="/Users/olakoya/Desktop/PythonProjects/RobotFramework/Day_8/selenium_timeout_keywords.robot">
<test id="s1-t1" name="Example of Selenium Timeout Keywords" line="12">
<kw name="Open Browser" owner="SeleniumLibrary">
<msg time="2025-09-05T19:47:25.919815" level="INFO">Opening browser 'chrome' to base url 'https://www.google.com'.</msg>
<arg>${URL}</arg>
<arg>${BROWSER}</arg>
<arg>options=add_experimental_option("detach", True)</arg>
<doc>Opens a new browser instance to the optional ``url``.</doc>
<status status="PASS" start="2025-09-05T19:47:25.919424" elapsed="1.800430"/>
</kw>
<kw name="Maximize Browser Window" owner="SeleniumLibrary">
<doc>Maximizes current browser window.</doc>
<status status="PASS" start="2025-09-05T19:47:27.721381" elapsed="1.387825"/>
</kw>
<kw name="Set Selenium Timeout" owner="SeleniumLibrary">
<arg>${TIMEOUT}</arg>
<doc>Sets the timeout that is used by various keywords.</doc>
<status status="PASS" start="2025-09-05T19:47:29.109559" elapsed="0.001406"/>
</kw>
<kw name="Get Selenium Timeout" owner="SeleniumLibrary">
<msg time="2025-09-05T19:47:29.111589" level="INFO">${timeout} = 1 minute 45 seconds</msg>
<var>${timeout}</var>
<doc>Gets the timeout that is used by various keywords.</doc>
<status status="PASS" start="2025-09-05T19:47:29.111210" elapsed="0.000468"/>
</kw>
<kw name="Log To Console" owner="BuiltIn">
<arg>${timeout}</arg>
<doc>Logs the given message to the console.</doc>
<status status="PASS" start="2025-09-05T19:47:29.111951" elapsed="0.000262"/>
</kw>
<kw name="Set Browser Implicit Wait" owner="SeleniumLibrary">
<arg>${IMPLICIT_WAIT}</arg>
<doc>Sets the implicit wait value used by Selenium.</doc>
<status status="PASS" start="2025-09-05T19:47:29.112407" elapsed="0.001753"/>
</kw>
<kw name="Set Selenium Implicit Wait" owner="SeleniumLibrary">
<arg>${IMPLICIT_WAIT}</arg>
<doc>Sets the implicit wait value used by Selenium.</doc>
<status status="PASS" start="2025-09-05T19:47:29.114381" elapsed="0.001112"/>
</kw>
<kw name="Get Selenium Implicit Wait" owner="SeleniumLibrary">
<msg time="2025-09-05T19:47:29.116032" level="INFO">${implicit} = 55 seconds</msg>
<var>${implicit}</var>
<doc>Gets the implicit wait value used by Selenium.</doc>
<status status="PASS" start="2025-09-05T19:47:29.115737" elapsed="0.000343"/>
</kw>
<kw name="Log To Console" owner="BuiltIn">
<arg>Current Implicit Wait:</arg>
<arg>${implicit}</arg>
<doc>Logs the given message to the console.</doc>
<status status="PASS" start="2025-09-05T19:47:29.116270" elapsed="0.000248"/>
</kw>
<kw name="Set Selenium Page Load Timeout" owner="SeleniumLibrary">
<arg>${PAGE_LOAD}</arg>
<doc>Sets the page load timeout value used by Selenium.</doc>
<status status="PASS" start="2025-09-05T19:47:29.116730" elapsed="0.001471"/>
</kw>
<kw name="Get Selenium Page Load Timeout" owner="SeleniumLibrary">
<msg time="2025-09-05T19:47:29.118841" level="INFO">${pageload} = 20 seconds</msg>
<var>${pageload}</var>
<doc>Gets the time to wait for a page load to complete
before raising a timeout exception.</doc>
<status status="PASS" start="2025-09-05T19:47:29.118480" elapsed="0.000433"/>
</kw>
<kw name="Log To Console" owner="BuiltIn">
<arg>Current Page Load Timeout:</arg>
<arg>${pageload}</arg>
<doc>Logs the given message to the console.</doc>
<status status="PASS" start="2025-09-05T19:47:29.119153" elapsed="0.000339"/>
</kw>
<kw name="Close Browser" owner="SeleniumLibrary">
<doc>Closes the current browser.</doc>
<status status="PASS" start="2025-09-05T19:47:29.119765" elapsed="0.134503"/>
</kw>
<status status="PASS" start="2025-09-05T19:47:25.918086" elapsed="3.336487"/>
</test>
<status status="PASS" start="2025-09-05T19:47:25.599694" elapsed="3.655931"/>
</suite>
<statistics>
<total>
<stat pass="1" fail="0" skip="0">All Tests</stat>
</total>
<tag>
</tag>
<suite>
<stat name="Selenium Timeout Keywords" id="s1" pass="1" fail="0" skip="0">Selenium Timeout Keywords</stat>
</suite>
</statistics>
<errors>
</errors>
</robot>
