<?xml version="1.0" encoding="UTF-8"?>
<robot generator="Rebot 7.3.2 (Python 3.13.5 on darwin)" generated="2025-12-01T14:23:17.638520" rpa="false" schemaversion="5">
<suite id="s1" name="Rerun Failed Test" source="/Users/olakoya/Desktop/PythonProjects/RobotFramework/Day_11/rerun_failed_test.robot">
<test id="s1-t1" name="Compare Equal Values" line="2">
<kw name="Set Variable" owner="BuiltIn">
<msg time="2025-12-01T14:23:17.629228" level="INFO">${value1} = 10</msg>
<var>${value1}</var>
<arg>10</arg>
<doc>Returns the given values which can then be assigned to a variables.</doc>
<status status="PASS" start="2025-12-01T14:23:17.628982" elapsed="0.000296"/>
</kw>
<kw name="Set Variable" owner="BuiltIn">
<msg time="2025-12-01T14:23:17.630042" level="INFO">${value2} = 10</msg>
<var>${value2}</var>
<arg>10</arg>
<doc>Returns the given values which can then be assigned to a variables.</doc>
<status status="PASS" start="2025-12-01T14:23:17.629828" elapsed="0.000258"/>
</kw>
<kw name="Should Be Equal" owner="BuiltIn">
<arg>${value1}</arg>
<arg>${value2}</arg>
<arg>Values are not equal!</arg>
<doc>Fails if the given objects are unequal.</doc>
<status status="PASS" start="2025-12-01T14:23:17.630254" elapsed="0.000304"/>
</kw>
<doc>Test to Compare Equal Values.</doc>
<tag>test:retry(3)</tag>
<status status="PASS" start="2025-12-01T14:23:17.628001" elapsed="0.002718"/>
</test>
<test id="s1-t2" name="Compare Unequal Values" line="9">
<kw name="Set Variable" owner="BuiltIn">
<msg time="2025-12-01T14:23:17.631602" level="INFO">${value1} = 10</msg>
<var>${value1}</var>
<arg>10</arg>
<doc>Returns the given values which can then be assigned to a variables.</doc>
<status status="PASS" start="2025-12-01T14:23:17.631341" elapsed="0.000304"/>
</kw>
<kw name="Set Variable" owner="BuiltIn">
<msg time="2025-12-01T14:23:17.631968" level="INFO">${value2} = 20</msg>
<var>${value2}</var>
<arg>20</arg>
<doc>Returns the given values which can then be assigned to a variables.</doc>
<status status="PASS" start="2025-12-01T14:23:17.631810" elapsed="0.000204"/>
</kw>
<kw name="Should Not Be Equal" owner="BuiltIn">
<arg>${value1}</arg>
<arg>${value2}</arg>
<arg>Values should not be equal!</arg>
<doc>Fails if the given objects are equal.</doc>
<status status="PASS" start="2025-12-01T14:23:17.632163" elapsed="0.000267"/>
</kw>
<doc>Test to Compare Unequal Values.</doc>
<status status="PASS" start="2025-12-01T14:23:17.630998" elapsed="0.001587"/>
</test>
<test id="s1-t3" name="Compare Greater Value" line="15">
<kw name="Set Variable" owner="BuiltIn">
<msg time="2025-12-01T14:23:17.633309" level="INFO">${value1} = 20</msg>
<var>${value1}</var>
<arg>20</arg>
<doc>Returns the given values which can then be assigned to a variables.</doc>
<status status="PASS" start="2025-12-01T14:23:17.633142" elapsed="0.000203"/>
</kw>
<kw name="Set Variable" owner="BuiltIn">
<msg time="2025-12-01T14:23:17.633657" level="INFO">${value2} = 10</msg>
<var>${value2}</var>
<arg>10</arg>
<doc>Returns the given values which can then be assigned to a variables.</doc>
<status status="PASS" start="2025-12-01T14:23:17.633489" elapsed="0.000200"/>
</kw>
<kw name="Should Be True" owner="BuiltIn">
<arg>${value1} &gt; ${value2}</arg>
<arg>${value1} is not greater than ${value2}!</arg>
<doc>Fails if the given condition is not true.</doc>
<status status="PASS" start="2025-12-01T14:23:17.633827" elapsed="0.000345"/>
</kw>
<doc>Test to verify value1 is greater than value2.</doc>
<status status="PASS" start="2025-12-01T14:23:17.632797" elapsed="0.001532"/>
</test>
<status status="PASS" start="2025-12-01T14:23:17.610747" elapsed="0.023972"/>
</suite>
<statistics>
<total>
<stat pass="3" fail="0" skip="0">All Tests</stat>
</total>
<tag>
<stat pass="1" fail="0" skip="0">test:retry(3)</stat>
</tag>
<suite>
<stat name="Rerun Failed Test" id="s1" pass="3" fail="0" skip="0">Rerun Failed Test</stat>
</suite>
</statistics>
<errors>
</errors>
</robot>
