<?xml version="1.0" encoding="UTF-8"?>
<robot generator="Robot 7.3.2 (Python 3.13.5 on darwin)" generated="2025-08-07T22:19:15.813018" rpa="false" schemaversion="5">
<suite id="s1" name="String 2" source="/Users/olakoya/Desktop/PythonProjects/RobotFramework/Day_4/string_2.robot">
<test id="s1-t1" name="Demonstrate String Conversion" line="8">
<kw name="Convert To Lower Case" owner="String">
<msg time="2025-08-07T22:19:15.866876" level="INFO">${lower} = learning python is very easy !!!</msg>
<var>${lower}</var>
<arg>${string1}</arg>
<doc>Converts string to lower case.</doc>
<status status="PASS" start="2025-08-07T22:19:15.866595" elapsed="0.000329"/>
</kw>
<kw name="Log To Console" owner="BuiltIn">
<arg>${lower}</arg>
<doc>Logs the given message to the console.</doc>
<status status="PASS" start="2025-08-07T22:19:15.867227" elapsed="0.000258"/>
</kw>
<kw name="Convert To Upper Case" owner="String">
<msg time="2025-08-07T22:19:15.867880" level="INFO">${upper} = LEARNING PYTHON IS VERY EASY !!!</msg>
<var>${upper}</var>
<arg>${string1}</arg>
<doc>Converts string to upper case.</doc>
<status status="PASS" start="2025-08-07T22:19:15.867645" elapsed="0.000271"/>
</kw>
<kw name="Log To Console" owner="BuiltIn">
<arg>${upper}</arg>
<doc>Logs the given message to the console.</doc>
<status status="PASS" start="2025-08-07T22:19:15.868070" elapsed="0.000194"/>
</kw>
<kw name="Convert To Title Case" owner="String">
<msg time="2025-08-07T22:19:15.868754" level="INFO">${title} = Learning Python Is Very Easy !!!</msg>
<var>${title}</var>
<arg>${string1}</arg>
<doc>Converts string to title case.</doc>
<status status="PASS" start="2025-08-07T22:19:15.868415" elapsed="0.000374"/>
</kw>
<kw name="Log To Console" owner="BuiltIn">
<arg>${title}</arg>
<doc>Logs the given message to the console.</doc>
<status status="PASS" start="2025-08-07T22:19:15.868928" elapsed="0.000173"/>
</kw>
<kw name="Encode String To Bytes" owner="String">
<msg time="2025-08-07T22:19:15.869460" level="INFO">${encoded} = Learning Python is very easy !!!</msg>
<var>${encoded}</var>
<arg>${string1}</arg>
<arg>ASCII</arg>
<doc>Encodes the given ``string`` to bytes using the given ``encoding``.</doc>
<status status="PASS" start="2025-08-07T22:19:15.869242" elapsed="0.000249"/>
</kw>
<kw name="Log To Console" owner="BuiltIn">
<arg>${encoded}</arg>
<doc>Logs the given message to the console.</doc>
<status status="PASS" start="2025-08-07T22:19:15.869630" elapsed="0.000171"/>
</kw>
<kw name="Decode Bytes To String" owner="String">
<msg time="2025-08-07T22:19:15.870161" level="INFO">${decoded} = Learning Python is very easy !!!</msg>
<var>${decoded}</var>
<arg>${encoded}</arg>
<arg>ASCII</arg>
<doc>Decodes the given ``bytes`` to a string using the given ``encoding``.</doc>
<status status="PASS" start="2025-08-07T22:19:15.869933" elapsed="0.000258"/>
</kw>
<kw name="Log To Console" owner="BuiltIn">
<arg>${decoded}</arg>
<doc>Logs the given message to the console.</doc>
<status status="PASS" start="2025-08-07T22:19:15.870404" elapsed="0.000216"/>
</kw>
<status status="PASS" start="2025-08-07T22:19:15.865718" elapsed="0.005050"/>
</test>
<status status="PASS" start="2025-08-07T22:19:15.814707" elapsed="0.056718"/>
</suite>
<statistics>
<total>
<stat pass="1" fail="0" skip="0">All Tests</stat>
</total>
<tag>
</tag>
<suite>
<stat name="String 2" id="s1" pass="1" fail="0" skip="0">String 2</stat>
</suite>
</statistics>
<errors>
</errors>
</robot>
