<?xml version="1.0" encoding="UTF-8"?>
<robot generator="Robot 7.3.2 (Python 3.13.5 on darwin)" generated="2025-07-26T22:16:20.128529" rpa="false" schemaversion="5">
<suite id="s1" name="Error Handling" source="/Users/olakoya/Desktop/PythonProjects/RobotFramework/Day_3/error_handling.robot">
<test id="s1-t1" name="Try Except Else Finally Example" line="5">
<try>
<branch type="TRY">
<kw name="Get Value From User" owner="Dialogs">
<msg time="2025-07-26T22:16:25.043317" level="INFO">${x} = 1000</msg>
<var>${x}</var>
<arg>Enter First Number:</arg>
<doc>Pauses execution and asks user to input a value.</doc>
<status status="PASS" start="2025-07-26T22:16:20.190342" elapsed="4.853037"/>
</kw>
<kw name="Get Value From User" owner="Dialogs">
<msg time="2025-07-26T22:16:28.036028" level="INFO">${y} = 2</msg>
<var>${y}</var>
<arg>Enter Second Number:</arg>
<doc>Pauses execution and asks user to input a value.</doc>
<status status="PASS" start="2025-07-26T22:16:25.043987" elapsed="2.992122"/>
</kw>
<kw name="Evaluate" owner="BuiltIn">
<msg time="2025-07-26T22:16:28.036802" level="INFO">${result} = 500.0</msg>
<var>${result}</var>
<arg>${x}/${y}</arg>
<doc>Evaluates the given expression in Python and returns the result.</doc>
<status status="PASS" start="2025-07-26T22:16:28.036334" elapsed="0.000530"/>
</kw>
<kw name="Log To Console" owner="BuiltIn">
<arg>${result}</arg>
<doc>Logs the given message to the console.</doc>
<status status="PASS" start="2025-07-26T22:16:28.037025" elapsed="0.000257"/>
</kw>
<status status="PASS" start="2025-07-26T22:16:20.189848" elapsed="7.847489"/>
</branch>
<branch type="EXCEPT">
<pattern>ZeroDivisionError</pattern>
<kw name="Log To Console" owner="BuiltIn">
<arg>An error occurred: Division by zero or invalid input.</arg>
<doc>Logs the given message to the console.</doc>
<status status="NOT RUN" start="2025-07-26T22:16:28.037556" elapsed="0.000030"/>
</kw>
<status status="NOT RUN" start="2025-07-26T22:16:28.037426" elapsed="0.000207"/>
</branch>
<branch type="EXCEPT">
<pattern>FileNotFoundError</pattern>
<kw name="Log To Console" owner="BuiltIn">
<arg>Throwing FileNotFoundError Error</arg>
<doc>Logs the given message to the console.</doc>
<status status="NOT RUN" start="2025-07-26T22:16:28.037797" elapsed="0.000028"/>
</kw>
<status status="NOT RUN" start="2025-07-26T22:16:28.037689" elapsed="0.000179"/>
</branch>
<branch type="EXCEPT">
<kw name="Log To Console" owner="BuiltIn">
<arg>Exception Handled</arg>
<doc>Logs the given message to the console.</doc>
<status status="NOT RUN" start="2025-07-26T22:16:28.038023" elapsed="0.000028"/>
</kw>
<status status="NOT RUN" start="2025-07-26T22:16:28.037913" elapsed="0.000180"/>
</branch>
<branch type="ELSE">
<kw name="Log To Console" owner="BuiltIn">
<arg>No Exceptions Occured</arg>
<doc>Logs the given message to the console.</doc>
<status status="PASS" start="2025-07-26T22:16:28.038244" elapsed="0.000200"/>
</kw>
<status status="PASS" start="2025-07-26T22:16:28.038150" elapsed="0.000344"/>
</branch>
<branch type="FINALLY">
<kw name="Log To Console" owner="BuiltIn">
<arg>Always Executed: Done with TRY/EXCEPT</arg>
<doc>Logs the given message to the console.</doc>
<status status="PASS" start="2025-07-26T22:16:28.038657" elapsed="0.000175"/>
</kw>
<status status="PASS" start="2025-07-26T22:16:28.038550" elapsed="0.000332"/>
</branch>
<status status="PASS" start="2025-07-26T22:16:20.189790" elapsed="7.849137"/>
</try>
<status status="PASS" start="2025-07-26T22:16:20.189494" elapsed="7.849684"/>
</test>
<status status="PASS" start="2025-07-26T22:16:20.129879" elapsed="7.909859"/>
</suite>
<statistics>
<total>
<stat pass="1" fail="0" skip="0">All Tests</stat>
</total>
<tag>
</tag>
<suite>
<stat name="Error Handling" id="s1" pass="1" fail="0" skip="0">Error Handling</stat>
</suite>
</statistics>
<errors>
</errors>
</robot>
