<?xml version="1.0" encoding="UTF-8"?>
<robot generator="Robot 7.3.2 (Python 3.13.5 on darwin)" generated="2025-11-23T01:35:01.033420" rpa="false" schemaversion="5">
<suite id="s1" name="Tagging" source="/Users/olakoya/Desktop/PythonProjects/RobotFramework/Day_11/tagging.robot">
<kw name="Login To Application" type="SETUP">
<kw name="Log To Console" owner="BuiltIn">
<arg>Logging in to the application</arg>
<doc>Logs the given message to the console.</doc>
<status status="PASS" start="2025-11-23T01:35:01.067813" elapsed="0.000170"/>
</kw>
<status status="PASS" start="2025-11-23T01:35:01.067418" elapsed="0.000724"/>
</kw>
<test id="s1-t1" name="TC2 Postpaid Recharge" line="12">
<kw name="Initialize Suite" type="SETUP">
<kw name="Log To Console" owner="BuiltIn">
<arg>Opening Browser and Initializing Suite</arg>
<doc>Logs the given message to the console.</doc>
<status status="PASS" start="2025-11-23T01:35:01.068909" elapsed="0.000142"/>
</kw>
<status status="PASS" start="2025-11-23T01:35:01.068655" elapsed="0.000473"/>
</kw>
<kw name="Log To Console" owner="BuiltIn">
<arg>Executing: Postpaid recharge test case</arg>
<doc>Logs the given message to the console.</doc>
<status status="PASS" start="2025-11-23T01:35:01.069271" elapsed="0.000112"/>
</kw>
<kw name="Cleanup Suite" type="TEARDOWN">
<kw name="Log To Console" owner="BuiltIn">
<arg>Closing Browser and Cleaning Up Suite</arg>
<doc>Logs the given message to the console.</doc>
<status status="PASS" start="2025-11-23T01:35:01.069826" elapsed="0.000127"/>
</kw>
<status status="PASS" start="2025-11-23T01:35:01.069590" elapsed="0.000427"/>
</kw>
<tag>Sanity</tag>
<status status="PASS" start="2025-11-23T01:35:01.068213" elapsed="0.001864"/>
</test>
<kw name="Logout From Application" type="TEARDOWN">
<kw name="Log To Console" owner="BuiltIn">
<arg>Logging out of the application</arg>
<doc>Logs the given message to the console.</doc>
<status status="PASS" start="2025-11-23T01:35:01.070814" elapsed="0.000128"/>
</kw>
<status status="PASS" start="2025-11-23T01:35:01.070651" elapsed="0.000358"/>
</kw>
<status status="PASS" start="2025-11-23T01:35:01.034758" elapsed="0.036286"/>
</suite>
<statistics>
<total>
<stat pass="1" fail="0" skip="0">All Tests</stat>
</total>
<tag>
<stat pass="1" fail="0" skip="0">Sanity</stat>
</tag>
<suite>
<stat name="Tagging" id="s1" pass="1" fail="0" skip="0">Tagging</stat>
</suite>
</statistics>
<errors>
</errors>
</robot>
