<?xml version="1.0" encoding="UTF-8"?>
<robot generator="Robot 7.3.2 (Python 3.9.6 on darwin)" generated="2025-07-14T20:17:01.959685" rpa="false" schemaversion="5">
<suite id="s1" name="Variables" source="/Users/olakoya/Desktop/PythonProjects/RobotFramework/Day_2/variables.robot">
<test id="s1-t1" name="Test Creating Variables" line="12">
<kw name="Set Test Variable" owner="BuiltIn">
<msg time="2025-07-14T20:17:01.999177" level="INFO">${TEST_VAR} = Test Value</msg>
<arg>${TEST_VAR}</arg>
<arg>Test Value</arg>
<doc>Makes a variable available everywhere within the scope of the current test.</doc>
<status status="PASS" start="2025-07-14T20:17:01.998010" elapsed="0.001265"/>
</kw>
<kw name="Log" owner="BuiltIn">
<msg time="2025-07-14T20:17:01.999883" level="INFO">Test Value</msg>
<arg>${TEST_VAR}</arg>
<doc>Logs the given message with the given level.</doc>
<status status="PASS" start="2025-07-14T20:17:01.999601" elapsed="0.000354"/>
</kw>
<kw name="Set Suite Variable" owner="BuiltIn">
<msg time="2025-07-14T20:17:02.001574" level="INFO">${SUITE_VAR} = Test Value</msg>
<arg>${SUITE_VAR}</arg>
<arg>Test Value</arg>
<doc>Makes a variable available everywhere within the scope of the current suite.</doc>
<status status="PASS" start="2025-07-14T20:17:02.000185" elapsed="0.001536"/>
</kw>
<kw name="Log" owner="BuiltIn">
<msg time="2025-07-14T20:17:02.002533" level="INFO">Test Value</msg>
<arg>${SUITE_VAR}</arg>
<doc>Logs the given message with the given level.</doc>
<status status="PASS" start="2025-07-14T20:17:02.002077" elapsed="0.000569"/>
</kw>
<kw name="Set Global Variable" owner="BuiltIn">
<msg time="2025-07-14T20:17:02.005254" level="INFO">${GLOBAL_VAR} = Test Value</msg>
<arg>${GLOBAL_VAR}</arg>
<arg>Test Value</arg>
<doc>Makes a variable available globally in all tests and suites.</doc>
<status status="PASS" start="2025-07-14T20:17:02.002980" elapsed="0.002421"/>
</kw>
<kw name="Log" owner="BuiltIn">
<msg time="2025-07-14T20:17:02.006604" level="INFO">Test Value</msg>
<arg>${GLOBAL_VAR}</arg>
<doc>Logs the given message with the given level.</doc>
<status status="PASS" start="2025-07-14T20:17:02.006176" elapsed="0.000553"/>
</kw>
<status status="PASS" start="2025-07-14T20:17:01.996849" elapsed="0.010230"/>
</test>
<status status="PASS" start="2025-07-14T20:17:01.963120" elapsed="0.045061"/>
</suite>
<statistics>
<total>
<stat pass="1" fail="0" skip="0">All Tests</stat>
</total>
<tag>
</tag>
<suite>
<stat name="Variables" id="s1" pass="1" fail="0" skip="0">Variables</stat>
</suite>
</statistics>
<errors>
</errors>
</robot>
