<?xml version="1.0" encoding="UTF-8"?>
<robot generator="Robot 7.3.2 (Python 3.13.5 on darwin)" generated="2025-08-13T20:51:10.844556" rpa="false" schemaversion="5">
<suite id="s1" name="String 3" source="/Users/olakoya/Desktop/PythonProjects/RobotFramework/Day_5/string_3.robot">
<test id="s1-t1" name="Demonstrate String Extraction and Substring Operations" line="12">
<kw name="Fetch From Left" owner="String">
<msg time="2025-08-13T20:51:10.903145" level="INFO">${left} = Learning</msg>
<var>${left}</var>
<arg>${string}</arg>
<arg>marker=,</arg>
<doc>Returns contents of the ``string`` before the first occurrence of ``marker``.</doc>
<status status="PASS" start="2025-08-13T20:51:10.902706" elapsed="0.000513"/>
</kw>
<kw name="Log To Console" owner="BuiltIn">
<arg>${left}</arg>
<doc>Logs the given message to the console.</doc>
<status status="PASS" start="2025-08-13T20:51:10.903544" elapsed="0.000326"/>
</kw>
<kw name="Fetch From Right" owner="String">
<msg time="2025-08-13T20:51:10.904434" level="INFO">${right} =  Very Easy!!!</msg>
<var>${right}</var>
<arg>${string}</arg>
<arg>marker=,</arg>
<doc>Returns contents of the ``string`` after the last occurrence of ``marker``.</doc>
<status status="PASS" start="2025-08-13T20:51:10.904101" elapsed="0.000387"/>
</kw>
<kw name="Log To Console" owner="BuiltIn">
<arg>${right}</arg>
<doc>Logs the given message to the console.</doc>
<status status="PASS" start="2025-08-13T20:51:10.904717" elapsed="0.000272"/>
</kw>
<kw name="Get Line" owner="String">
<msg time="2025-08-13T20:51:10.905488" level="INFO">${line} = Line 2: Python Is Awesome</msg>
<var>${line}</var>
<arg>${multi_line_string}</arg>
<arg>1</arg>
<doc>Returns the specified line from the given ``string``.</doc>
<status status="PASS" start="2025-08-13T20:51:10.905203" elapsed="0.000335"/>
</kw>
<kw name="Log To Console" owner="BuiltIn">
<arg>${line}</arg>
<doc>Logs the given message to the console.</doc>
<status status="PASS" start="2025-08-13T20:51:10.905763" elapsed="0.000270"/>
</kw>
<kw name="Get Line" owner="String">
<msg time="2025-08-13T20:51:10.906489" level="INFO">${line} = Line 3: Python Is Great!!!</msg>
<var>${line}</var>
<arg>${multi_line_string}</arg>
<arg>2</arg>
<doc>Returns the specified line from the given ``string``.</doc>
<status status="PASS" start="2025-08-13T20:51:10.906232" elapsed="0.000294"/>
</kw>
<kw name="Log To Console" owner="BuiltIn">
<arg>${line}</arg>
<doc>Logs the given message to the console.</doc>
<status status="PASS" start="2025-08-13T20:51:10.906695" elapsed="0.000201"/>
</kw>
<kw name="Get Line Count" owner="String">
<msg time="2025-08-13T20:51:10.907227" level="INFO">3 lines.</msg>
<msg time="2025-08-13T20:51:10.907334" level="INFO">${line_couint} = 3</msg>
<var>${line_couint}</var>
<arg>${multi_line_string}</arg>
<doc>Returns and logs the number of lines in the given string.</doc>
<status status="PASS" start="2025-08-13T20:51:10.907046" elapsed="0.000320"/>
</kw>
<kw name="Log To Console" owner="BuiltIn">
<arg>${line_couint}</arg>
<doc>Logs the given message to the console.</doc>
<status status="PASS" start="2025-08-13T20:51:10.907567" elapsed="0.000212"/>
</kw>
<kw name="Get Lines Containing String" owner="String">
<msg time="2025-08-13T20:51:10.908168" level="INFO">3 out of 3 lines matched.</msg>
<msg time="2025-08-13T20:51:10.908282" level="INFO">${lines_contain} = Line 1: Learning Python Is Very Easy!!!
Line 2: Python Is Awesome
Line 3: Python Is Great!!!</msg>
<var>${lines_contain}</var>
<arg>${multi_line_string}</arg>
<arg>Python</arg>
<doc>Returns lines of the given ``string`` that contain the ``pattern``.</doc>
<status status="PASS" start="2025-08-13T20:51:10.907941" elapsed="0.000376"/>
</kw>
<kw name="Log To Console" owner="BuiltIn">
<arg>${lines_contain}</arg>
<doc>Logs the given message to the console.</doc>
<status status="PASS" start="2025-08-13T20:51:10.908495" elapsed="0.000241"/>
</kw>
<status status="PASS" start="2025-08-13T20:51:10.901332" elapsed="0.007583"/>
</test>
<status status="PASS" start="2025-08-13T20:51:10.845970" elapsed="0.063526"/>
</suite>
<statistics>
<total>
<stat pass="1" fail="0" skip="0">All Tests</stat>
</total>
<tag>
</tag>
<suite>
<stat name="String 3" id="s1" pass="1" fail="0" skip="0">String 3</stat>
</suite>
</statistics>
<errors>
</errors>
</robot>
