<?xml version="1.0" encoding="UTF-8"?>
<robot generator="Robot 7.3.2 (Python 3.13.5 on darwin)" generated="2025-11-20T22:52:54.409151" rpa="false" schemaversion="5">
<suite id="s1" name="Headless Testing" source="/Users/olakoya/Desktop/PythonProjects/RobotFramework/Day_11/headless_testing.robot">
<test id="s1-t1" name="Handle Tables" line="8">
<kw name="Open Browser" owner="SeleniumLibrary">
<msg time="2025-11-20T22:52:54.781859" level="INFO">Opening browser 'chrome' to base url 'https://testautomationpractice.blogspot.com/'.</msg>
<arg>${URL}</arg>
<arg>chrome</arg>
<arg>options=add_experimental_option("detach", True)</arg>
<doc>Opens a new browser instance to the optional ``url``.</doc>
<status status="PASS" start="2025-11-20T22:52:54.781398" elapsed="5.379704"/>
</kw>
<kw name="Maximize Browser Window" owner="SeleniumLibrary">
<doc>Maximizes current browser window.</doc>
<status status="PASS" start="2025-11-20T22:53:00.163574" elapsed="0.355276"/>
</kw>
<kw name="Set Selenium Implicit Wait" owner="SeleniumLibrary">
<arg>10s</arg>
<doc>Sets the implicit wait value used by Selenium.</doc>
<status status="PASS" start="2025-11-20T22:53:00.519170" elapsed="0.002125"/>
</kw>
<kw name="Table Should Contain" owner="SeleniumLibrary">
<arg>xpath=//table[@name="BookTable"]</arg>
<arg>Mukesh</arg>
<doc>Verifies table contains text ``expected``.</doc>
<status status="PASS" start="2025-11-20T22:53:00.521607" elapsed="0.172595"/>
</kw>
<kw name="Get Element Count" owner="SeleniumLibrary">
<msg time="2025-11-20T22:53:00.708280" level="INFO">${rows} = 7</msg>
<var>${rows}</var>
<arg>xpath=//table[@name="BookTable"]//tr</arg>
<doc>Returns the number of elements matching ``locator``.</doc>
<status status="PASS" start="2025-11-20T22:53:00.694626" elapsed="0.013747"/>
</kw>
<kw name="Get Element Count" owner="SeleniumLibrary">
<msg time="2025-11-20T22:53:00.718690" level="INFO">${cols} = 4</msg>
<var>${cols}</var>
<arg>xpath=//table[@name="BookTable"]//tr[2]/td</arg>
<doc>Returns the number of elements matching ``locator``.</doc>
<status status="PASS" start="2025-11-20T22:53:00.708618" elapsed="0.010120"/>
</kw>
<kw name="Log To Console" owner="BuiltIn">
<arg>Rows: ${rows}</arg>
<doc>Logs the given message to the console.</doc>
<status status="PASS" start="2025-11-20T22:53:00.719075" elapsed="0.000413"/>
</kw>
<kw name="Log To Console" owner="BuiltIn">
<arg>Cols: ${cols}</arg>
<doc>Logs the given message to the console.</doc>
<status status="PASS" start="2025-11-20T22:53:00.719667" elapsed="0.000191"/>
</kw>
<kw name="Get Table Cell" owner="SeleniumLibrary">
<msg time="2025-11-20T22:53:10.804555" level="INFO">${cell_data} = 500</msg>
<var>${cell_data}</var>
<arg>xpath=//table[@name="BookTable"]</arg>
<arg>3</arg>
<arg>4</arg>
<doc>Returns contents of a table cell.</doc>
<status status="PASS" start="2025-11-20T22:53:00.720034" elapsed="10.084570"/>
</kw>
<kw name="Log To Console" owner="BuiltIn">
<arg>Cell data (3,4): ${cell_data}</arg>
<doc>Logs the given message to the console.</doc>
<status status="PASS" start="2025-11-20T22:53:10.804859" elapsed="0.000372"/>
</kw>
<kw name="Close Browser" owner="SeleniumLibrary">
<doc>Closes the current browser.</doc>
<status status="PASS" start="2025-11-20T22:53:10.805401" elapsed="0.369114"/>
</kw>
<status status="PASS" start="2025-11-20T22:52:54.780068" elapsed="16.395806"/>
</test>
<status status="PASS" start="2025-11-20T22:52:54.411611" elapsed="16.770323"/>
</suite>
<statistics>
<total>
<stat pass="1" fail="0" skip="0">All Tests</stat>
</total>
<tag>
</tag>
<suite>
<stat name="Headless Testing" id="s1" pass="1" fail="0" skip="0">Headless Testing</stat>
</suite>
</statistics>
<errors>
</errors>
</robot>
