<?xml version="1.0" encoding="UTF-8"?>
<robot generator="Robot 7.3.2 (Python 3.13.5 on darwin)" generated="2025-08-26T22:59:14.358916" rpa="false" schemaversion="5">
<suite id="s1" name="List" source="/Users/olakoya/Desktop/PythonProjects/RobotFramework/Day_6/list.robot">
<test id="s1-t1" name="Example for Lis operators" line="8">
<kw name="Create List" owner="BuiltIn">
<msg time="2025-08-26T22:59:14.403500" level="INFO">${my_list} = ['1', '2', '3', '4', '5']</msg>
<var>${my_list}</var>
<arg>1</arg>
<arg>2</arg>
<arg>3</arg>
<arg>4</arg>
<arg>5</arg>
<doc>Returns a list containing given items.</doc>
<status status="PASS" start="2025-08-26T22:59:14.403184" elapsed="0.000370"/>
</kw>
<kw name="Copy List" owner="Collections">
<msg time="2025-08-26T22:59:14.404215" level="INFO">${Copied_list} = ['3', '4', '3']</msg>
<var>${Copied_list}</var>
<arg>${list1}</arg>
<doc>Returns a copy of the given list.</doc>
<status status="PASS" start="2025-08-26T22:59:14.403878" elapsed="0.000380"/>
</kw>
<kw name="Log To Console" owner="BuiltIn">
<arg>${Copied_list}</arg>
<doc>Logs the given message to the console.</doc>
<status status="PASS" start="2025-08-26T22:59:14.404449" elapsed="0.000271"/>
</kw>
<kw name="Count Values In List" owner="Collections">
<msg time="2025-08-26T22:59:14.405222" level="INFO">${count} = 2</msg>
<var>${count}</var>
<arg>${list1}</arg>
<arg>3</arg>
<doc>Returns the number of occurrences of the given ``value`` in ``list``.</doc>
<status status="PASS" start="2025-08-26T22:59:14.404902" elapsed="0.000413"/>
</kw>
<kw name="Log To Console" owner="BuiltIn">
<arg>${count}</arg>
<doc>Logs the given message to the console.</doc>
<status status="PASS" start="2025-08-26T22:59:14.405583" elapsed="0.000222"/>
</kw>
<kw name="Get From List" owner="Collections">
<msg time="2025-08-26T22:59:14.406188" level="INFO">${item} = 4</msg>
<var>${item}</var>
<arg>${list1}</arg>
<arg>1</arg>
<doc>Returns the value specified with an ``index`` from ``list``.</doc>
<status status="PASS" start="2025-08-26T22:59:14.405973" elapsed="0.000246"/>
</kw>
<kw name="Log To Console" owner="BuiltIn">
<arg>${item}</arg>
<doc>Logs the given message to the console.</doc>
<status status="PASS" start="2025-08-26T22:59:14.406371" elapsed="0.000209"/>
</kw>
<kw name="Get Index From List" owner="Collections">
<msg time="2025-08-26T22:59:14.406967" level="INFO">${index} = 0</msg>
<var>${index}</var>
<arg>${list1}</arg>
<arg>3</arg>
<doc>Returns the index of the first occurrence of the ``value`` on the list.</doc>
<status status="PASS" start="2025-08-26T22:59:14.406737" elapsed="0.000262"/>
</kw>
<kw name="Log To Console" owner="BuiltIn">
<arg>${index}</arg>
<doc>Logs the given message to the console.</doc>
<status status="PASS" start="2025-08-26T22:59:14.407150" elapsed="0.000232"/>
</kw>
<kw name="Get Slice From List" owner="Collections">
<msg time="2025-08-26T22:59:14.407953" level="INFO">${slice} = ['2', '3', '4']</msg>
<var>${slice}</var>
<arg>${my_list}</arg>
<arg>1</arg>
<arg>4</arg>
<doc>Returns a slice of the given list between ``start`` and ``end`` indexes.</doc>
<status status="PASS" start="2025-08-26T22:59:14.407599" elapsed="0.000388"/>
</kw>
<kw name="Log To Console" owner="BuiltIn">
<arg>${slice}</arg>
<doc>Logs the given message to the console.</doc>
<status status="PASS" start="2025-08-26T22:59:14.408144" elapsed="0.000234"/>
</kw>
<kw name="Log To Console" owner="BuiltIn">
<arg>${my_list}</arg>
<doc>Logs the given message to the console.</doc>
<status status="PASS" start="2025-08-26T22:59:14.408533" elapsed="0.000214"/>
</kw>
<kw name="Insert Into List" owner="Collections">
<arg>${my_list}</arg>
<arg>2</arg>
<arg>10</arg>
<doc>Inserts ``value`` into ``list`` to the position specified with ``index``.</doc>
<status status="PASS" start="2025-08-26T22:59:14.408911" elapsed="0.000198"/>
</kw>
<kw name="Log To Console" owner="BuiltIn">
<arg>${my_list}</arg>
<doc>Logs the given message to the console.</doc>
<status status="PASS" start="2025-08-26T22:59:14.409253" elapsed="0.000200"/>
</kw>
<status status="PASS" start="2025-08-26T22:59:14.402052" elapsed="0.007542"/>
</test>
<status status="PASS" start="2025-08-26T22:59:14.360225" elapsed="0.049905"/>
</suite>
<statistics>
<total>
<stat pass="1" fail="0" skip="0">All Tests</stat>
</total>
<tag>
</tag>
<suite>
<stat name="List" id="s1" pass="1" fail="0" skip="0">List</stat>
</suite>
</statistics>
<errors>
</errors>
</robot>
