<?xml version="1.0" encoding="UTF-8"?>
<robot generator="Robot 7.3.2 (Python 3.13.5 on darwin)" generated="2025-07-31T23:24:18.134223" rpa="false" schemaversion="5">
<suite id="s1" name="String 1" source="/Users/olakoya/Desktop/PythonProjects/RobotFramework/Day_4/string_1.robot">
<test id="s1-t1" name="Demonstration of Built in String Operations" line="10">
<kw name="Catenate" owner="BuiltIn">
<msg time="2025-07-31T23:24:18.189369" level="INFO">${catenated_string} = Learning Python is very easy !!! Python is easy</msg>
<var>${catenated_string}</var>
<arg>${string1}</arg>
<arg>${string2}</arg>
<doc>Catenates the given items together and returns the resulted string.</doc>
<status status="PASS" start="2025-07-31T23:24:18.189032" elapsed="0.000387"/>
</kw>
<kw name="Log To Console" owner="BuiltIn">
<arg>${catenated_string}</arg>
<doc>Logs the given message to the console.</doc>
<status status="PASS" start="2025-07-31T23:24:18.189719" elapsed="0.000221"/>
</kw>
<status status="PASS" start="2025-07-31T23:24:18.188084" elapsed="0.002038"/>
</test>
<status status="PASS" start="2025-07-31T23:24:18.136152" elapsed="0.054578"/>
</suite>
<statistics>
<total>
<stat pass="1" fail="0" skip="0">All Tests</stat>
</total>
<tag>
</tag>
<suite>
<stat name="String 1" id="s1" pass="1" fail="0" skip="0">String 1</stat>
</suite>
</statistics>
<errors>
</errors>
</robot>
