<?xml version="1.0" encoding="UTF-8"?>
<robot generator="Robot 7.3.2 (Python 3.13.5 on darwin)" generated="2025-08-30T21:02:06.617027" rpa="false" schemaversion="5">
<suite id="s1" name="Dictionary" source="/Users/olakoya/Desktop/PythonProjects/RobotFramework/Day_7/dictionary.robot">
<test id="s1-t1" name="Example for Handling Dictionaries in RobotFramework" line="10">
<kw name="Create List" owner="BuiltIn">
<msg time="2025-08-30T21:02:06.668043" level="INFO">${items} = [('key1', 'value1'), ('key2', 'value2')]</msg>
<var>${items}</var>
<arg>${{"key1","value1"}}</arg>
<arg>${{"key2","value2"}}</arg>
<doc>Returns a list containing given items.</doc>
<status status="PASS" start="2025-08-30T21:02:06.667194" elapsed="0.000897"/>
</kw>
<kw name="Convert To Dictionary" owner="Collections">
<msg time="2025-08-30T21:02:06.668861" level="INFO">${my_dict} = {'key1': 'value1', 'key2': 'value2'}</msg>
<var>${my_dict}</var>
<arg>${items}</arg>
<doc>Converts the given ``item`` to a Python ``dict`` type.</doc>
<status status="PASS" start="2025-08-30T21:02:06.668570" elapsed="0.000329"/>
</kw>
<kw name="Log To Console" owner="BuiltIn">
<arg>${my_dict}</arg>
<doc>Logs the given message to the console.</doc>
<status status="PASS" start="2025-08-30T21:02:06.669096" elapsed="0.000185"/>
</kw>
<kw name="Copy Dictionary" owner="Collections">
<msg time="2025-08-30T21:02:06.669674" level="INFO">${copied_dictionary} = {'key1': 'value1', 'key2': 'value2'}</msg>
<var>${copied_dictionary}</var>
<arg>${my_dict}</arg>
<doc>Returns a copy of the given dictionary.</doc>
<status status="PASS" start="2025-08-30T21:02:06.669468" elapsed="0.000236"/>
</kw>
<kw name="Log To Console" owner="BuiltIn">
<arg>${copied_dictionary}</arg>
<doc>Logs the given message to the console.</doc>
<status status="PASS" start="2025-08-30T21:02:06.669845" elapsed="0.000161"/>
</kw>
<kw name="Dictionaries Should Be Equal" owner="Collections">
<arg>${dict1}</arg>
<arg>${my_dict}</arg>
<doc>Fails if the given dictionaries are not equal.</doc>
<status status="PASS" start="2025-08-30T21:02:06.670138" elapsed="0.000246"/>
</kw>
<kw name="Dictionary Should Contain Item" owner="Collections">
<arg>${dict1}</arg>
<arg>key1</arg>
<arg>value1</arg>
<doc>An item of ``key`` / ``value`` must be found in a ``dictionary``.</doc>
<status status="PASS" start="2025-08-30T21:02:06.670529" elapsed="0.000215"/>
</kw>
<kw name="Dictionary Should Contain Key" owner="Collections">
<arg>${dict1}</arg>
<arg>key1</arg>
<doc>Fails if ``key`` is not found from ``dictionary``.</doc>
<status status="PASS" start="2025-08-30T21:02:06.670909" elapsed="0.000205"/>
</kw>
<kw name="Create Dictionary" owner="BuiltIn">
<msg time="2025-08-30T21:02:06.671814" level="INFO">${sub_dict} = {'key1': 'value1'}</msg>
<var>${sub_dict}</var>
<arg>key1=value1</arg>
<doc>Creates and returns a dictionary based on the given ``items``.</doc>
<status status="PASS" start="2025-08-30T21:02:06.671407" elapsed="0.000481"/>
</kw>
<kw name="Dictionary Should Contain Sub Dictionary" owner="Collections">
<arg>${dict1}</arg>
<arg>${sub_dict}</arg>
<doc>Fails unless all items in ``dict2`` are found from ``dict1``.</doc>
<status status="PASS" start="2025-08-30T21:02:06.672162" elapsed="0.000467"/>
</kw>
<kw name="Dictionary Should Contain Value" owner="Collections">
<arg>${dict1}</arg>
<arg>value1</arg>
<doc>Fails if ``value`` is not found from ``dictionary``.</doc>
<status status="PASS" start="2025-08-30T21:02:06.672872" elapsed="0.000297"/>
</kw>
<kw name="Dictionary Should Not Contain Key" owner="Collections">
<arg>${dict1}</arg>
<arg>key3</arg>
<doc>Fails if ``key`` is found from ``dictionary``.</doc>
<status status="PASS" start="2025-08-30T21:02:06.673352" elapsed="0.000202"/>
</kw>
<kw name="Dictionary Should Not Contain Value" owner="Collections">
<arg>${dict1}</arg>
<arg>value3</arg>
<doc>Fails if ``value`` is found from ``dictionary``.</doc>
<status status="PASS" start="2025-08-30T21:02:06.673777" elapsed="0.000248"/>
</kw>
<status status="PASS" start="2025-08-30T21:02:06.666332" elapsed="0.007971"/>
</test>
<status status="PASS" start="2025-08-30T21:02:06.618596" elapsed="0.056374"/>
</suite>
<statistics>
<total>
<stat pass="1" fail="0" skip="0">All Tests</stat>
</total>
<tag>
</tag>
<suite>
<stat name="Dictionary" id="s1" pass="1" fail="0" skip="0">Dictionary</stat>
</suite>
</statistics>
<errors>
</errors>
</robot>
