<?xml version="1.0" encoding="UTF-8"?>
<robot generator="Robot 7.3.2 (Python 3.13.5 on darwin)" generated="2025-09-04T22:24:28.749084" rpa="false" schemaversion="5">
<suite id="s1" name="Commands" source="/Users/olakoya/Desktop/PythonProjects/RobotFramework/Day_8/commands.robot">
<test id="s1-t1" name="verify Website Functionality" line="13">
<kw name="Open Browser" owner="SeleniumLibrary">
<msg time="2025-09-04T22:24:29.027341" level="INFO">Opening browser 'chrome' to base url 'https://www.google.com'.</msg>
<arg>${URL}</arg>
<arg>chrome</arg>
<arg>options=add_experimental_option("detach", True)</arg>
<doc>Opens a new browser instance to the optional ``url``.</doc>
<status status="PASS" start="2025-09-04T22:24:29.027001" elapsed="3.714483"/>
</kw>
<kw name="Maximize Browser Window" owner="SeleniumLibrary">
<doc>Maximizes current browser window.</doc>
<status status="PASS" start="2025-09-04T22:24:32.747915" elapsed="1.143321"/>
</kw>
<kw name="Get Title" owner="SeleniumLibrary">
<msg time="2025-09-04T22:24:33.898416" level="INFO">${title} = Google</msg>
<var>${title}</var>
<doc>Returns the title of the current page.</doc>
<status status="PASS" start="2025-09-04T22:24:33.891546" elapsed="0.007016"/>
</kw>
<kw name="Log To Console" owner="BuiltIn">
<arg>${title}</arg>
<doc>Logs the given message to the console.</doc>
<status status="PASS" start="2025-09-04T22:24:33.899018" elapsed="0.000839"/>
</kw>
<kw name="Title Should Be" owner="SeleniumLibrary">
<msg time="2025-09-04T22:24:33.904557" level="INFO">Page title is 'Google'.</msg>
<arg>${EXPECTED_TITLE}</arg>
<doc>Verifies that the current page title equals ``title``.</doc>
<status status="PASS" start="2025-09-04T22:24:33.900079" elapsed="0.004570"/>
</kw>
<kw name="Log Title" owner="SeleniumLibrary">
<msg time="2025-09-04T22:24:33.908776" level="INFO">Google</msg>
<doc>Logs and returns the title of the current page.</doc>
<status status="PASS" start="2025-09-04T22:24:33.904886" elapsed="0.004026"/>
</kw>
<kw name="Page Should Contain" owner="SeleniumLibrary">
<msg time="2025-09-04T22:24:33.935037" level="INFO">Current page contains text 'Google'.</msg>
<arg>${EXPECTED_TEXT}</arg>
<doc>Verifies that current page contains ``text``.</doc>
<status status="PASS" start="2025-09-04T22:24:33.909200" elapsed="0.025985"/>
</kw>
<kw name="Page Should Contain Link" owner="SeleniumLibrary">
<msg time="2025-09-04T22:24:33.954340" level="INFO">Current page contains link 'Advertising'.</msg>
<arg>${EXPECTED_LINK}</arg>
<doc>Verifies link identified by ``locator`` is found from current page.</doc>
<status status="PASS" start="2025-09-04T22:24:33.935521" elapsed="0.018962"/>
</kw>
<kw name="Get Location" owner="SeleniumLibrary">
<msg time="2025-09-04T22:24:33.959988" level="INFO">${current_location} = https://www.google.com/</msg>
<var>${current_location}</var>
<doc>Returns the current browser window URL.</doc>
<status status="PASS" start="2025-09-04T22:24:33.954906" elapsed="0.005131"/>
</kw>
<kw name="Log To Console" owner="BuiltIn">
<arg>${current_location}</arg>
<doc>Logs the given message to the console.</doc>
<status status="PASS" start="2025-09-04T22:24:33.960427" elapsed="0.000355"/>
</kw>
<kw name="Location Should Be" owner="SeleniumLibrary">
<msg time="2025-09-04T22:24:33.966977" level="INFO">Current location is 'https://www.google.com/'.</msg>
<arg>${current_location}</arg>
<doc>Verifies that the current URL is exactly ``url``.</doc>
<status status="PASS" start="2025-09-04T22:24:33.961322" elapsed="0.005753"/>
</kw>
<kw name="Go To" owner="SeleniumLibrary">
<msg time="2025-09-04T22:24:33.967639" level="INFO">Opening url 'https://www.python.org'</msg>
<arg>${NEW_URL}</arg>
<doc>Navigates the current browser window to the provided ``url``.</doc>
<status status="PASS" start="2025-09-04T22:24:33.967312" elapsed="0.955922"/>
</kw>
<kw name="Reload Page" owner="SeleniumLibrary">
<doc>Simulates user reloading page.</doc>
<status status="PASS" start="2025-09-04T22:24:34.923562" elapsed="0.369148"/>
</kw>
<kw name="Page Should Contain" owner="SeleniumLibrary">
<msg time="2025-09-04T22:24:35.344373" level="INFO">Current page contains text 'Python'.</msg>
<arg>Python</arg>
<doc>Verifies that current page contains ``text``.</doc>
<status status="PASS" start="2025-09-04T22:24:35.293087" elapsed="0.051436"/>
</kw>
<doc>This test case verifies mutiple aspects of a website</doc>
<status status="PASS" start="2025-09-04T22:24:29.025957" elapsed="6.319963"/>
</test>
<status status="PASS" start="2025-09-04T22:24:28.750599" elapsed="6.597837"/>
</suite>
<statistics>
<total>
<stat pass="1" fail="0" skip="0">All Tests</stat>
</total>
<tag>
</tag>
<suite>
<stat name="Commands" id="s1" pass="1" fail="0" skip="0">Commands</stat>
</suite>
</statistics>
<errors>
</errors>
</robot>
