<?xml version="1.0" encoding="UTF-8"?>
<robot generator="Robot 7.3.2 (Python 3.9.6 on darwin)" generated="2025-07-16T20:46:02.082226" rpa="false" schemaversion="5">
<suite id="s1" name="Operators" source="/Users/olakoya/Desktop/PythonProjects/RobotFramework/Day_3/operators.robot">
<test id="s1-t1" name="Arithmetric Operators" line="8">
<kw name="Evaluate" owner="BuiltIn">
<msg time="2025-07-16T20:46:02.115579" level="INFO">${sum} = 8</msg>
<var>${sum}</var>
<arg>${var1}+${var2}</arg>
<doc>Evaluates the given expression in Python and returns the result.</doc>
<status status="PASS" start="2025-07-16T20:46:02.115167" elapsed="0.000456"/>
</kw>
<kw name="Log" owner="BuiltIn">
<msg time="2025-07-16T20:46:02.116203" level="INFO" html="true">To</msg>
<arg>To</arg>
<arg>Console</arg>
<arg>${sum}</arg>
<doc>Logs the given message with the given level.</doc>
<status status="PASS" start="2025-07-16T20:46:02.115910" elapsed="0.000359"/>
</kw>
<status status="PASS" start="2025-07-16T20:46:02.114164" elapsed="0.002303"/>
</test>
<status status="PASS" start="2025-07-16T20:46:02.083791" elapsed="0.033291"/>
</suite>
<statistics>
<total>
<stat pass="1" fail="0" skip="0">All Tests</stat>
</total>
<tag>
</tag>
<suite>
<stat name="Operators" id="s1" pass="1" fail="0" skip="0">Operators</stat>
</suite>
</statistics>
<errors>
</errors>
</robot>
