<?xml version="1.0" encoding="UTF-8"?>
<robot generator="Robot 7.3.2 (Python 3.13.5 on darwin)" generated="2025-07-29T20:51:44.082929" rpa="false" schemaversion="5">
<suite id="s1" name="Error Handling" source="/Users/olakoya/Desktop/PythonProjects/RobotFramework/Day_3/error_handling.robot">
<test id="s1-t1" name="Try Except Else Finally Example" line="5">
<try>
<branch type="TRY">
<kw name="Get Value From User" owner="Dialogs">
<msg time="2025-07-29T20:51:50.009882" level="INFO">${x} = 10</msg>
<var>${x}</var>
<arg>Enter First Number:</arg>
<doc>Pauses execution and asks user to input a value.</doc>
<status status="PASS" start="2025-07-29T20:51:44.890279" elapsed="5.119682"/>
</kw>
<kw name="Get Value From User" owner="Dialogs">
<msg time="2025-07-29T20:51:51.972656" level="INFO">${y} = 0</msg>
<var>${y}</var>
<arg>Enter Second Number:</arg>
<doc>Pauses execution and asks user to input a value.</doc>
<status status="PASS" start="2025-07-29T20:51:50.010258" elapsed="1.962497"/>
</kw>
<kw name="Evaluate" owner="BuiltIn">
<msg time="2025-07-29T20:51:51.973717" level="FAIL">Evaluating expression '10/0' failed: ZeroDivisionError: division by zero</msg>
<var>${result}</var>
<arg>${x}/${y}</arg>
<doc>Evaluates the given expression in Python and returns the result.</doc>
<status status="FAIL" start="2025-07-29T20:51:51.973050" elapsed="0.001096">Evaluating expression '10/0' failed: ZeroDivisionError: division by zero</status>
</kw>
<kw name="Log To Console" owner="BuiltIn">
<arg>${result}</arg>
<doc>Logs the given message to the console.</doc>
<status status="NOT RUN" start="2025-07-29T20:51:51.974404" elapsed="0.000051"/>
</kw>
<status status="FAIL" start="2025-07-29T20:51:44.889554" elapsed="7.085026">Evaluating expression '10/0' failed: ZeroDivisionError: division by zero</status>
</branch>
<branch type="EXCEPT">
<pattern>ZeroDivisionError</pattern>
<kw name="Log To Console" owner="BuiltIn">
<arg>An error occurred: Division by zero or invalid input.</arg>
<doc>Logs the given message to the console.</doc>
<status status="NOT RUN" start="2025-07-29T20:51:51.974932" elapsed="0.000045"/>
</kw>
<status status="NOT RUN" start="2025-07-29T20:51:51.974748" elapsed="0.000300"/>
</branch>
<branch type="EXCEPT">
<pattern>FileNotFoundError</pattern>
<kw name="Log To Console" owner="BuiltIn">
<arg>Throwing FileNotFoundError Error</arg>
<doc>Logs the given message to the console.</doc>
<status status="NOT RUN" start="2025-07-29T20:51:51.975333" elapsed="0.000042"/>
</kw>
<status status="NOT RUN" start="2025-07-29T20:51:51.975161" elapsed="0.000280"/>
</branch>
<branch type="EXCEPT">
<kw name="Log To Console" owner="BuiltIn">
<arg>Exception Handled</arg>
<doc>Logs the given message to the console.</doc>
<status status="PASS" start="2025-07-29T20:51:51.975661" elapsed="0.000311"/>
</kw>
<status status="PASS" start="2025-07-29T20:51:51.975512" elapsed="0.000531"/>
</branch>
<branch type="ELSE">
<kw name="Log To Console" owner="BuiltIn">
<arg>No Exceptions Occured</arg>
<doc>Logs the given message to the console.</doc>
<status status="NOT RUN" start="2025-07-29T20:51:51.976260" elapsed="0.000036"/>
</kw>
<status status="NOT RUN" start="2025-07-29T20:51:51.976126" elapsed="0.000236"/>
</branch>
<branch type="FINALLY">
<kw name="Log To Console" owner="BuiltIn">
<arg>Always Executed: Done with TRY/EXCEPT</arg>
<doc>Logs the given message to the console.</doc>
<status status="PASS" start="2025-07-29T20:51:51.976564" elapsed="0.000228"/>
</kw>
<status status="PASS" start="2025-07-29T20:51:51.976432" elapsed="0.000427"/>
</branch>
<status status="PASS" start="2025-07-29T20:51:44.889469" elapsed="7.087438"/>
</try>
<status status="PASS" start="2025-07-29T20:51:44.889077" elapsed="7.088148"/>
</test>
<status status="PASS" start="2025-07-29T20:51:44.084272" elapsed="7.893910"/>
</suite>
<statistics>
<total>
<stat pass="1" fail="0" skip="0">All Tests</stat>
</total>
<tag>
</tag>
<suite>
<stat name="Error Handling" id="s1" pass="1" fail="0" skip="0">Error Handling</stat>
</suite>
</statistics>
<errors>
</errors>
</robot>
