<?xml version="1.0" encoding="UTF-8"?>
<robot generator="Robot 7.3.2 (Python 3.9.6 on darwin)" generated="2025-07-21T23:24:07.193113" rpa="false" schemaversion="5">
<suite id="s1" name="Control Flow" source="/Users/olakoya/Desktop/PythonProjects/RobotFramework/Day_3/control_flow.robot">
<test id="s1-t1" name="Simple If/Else" line="2">
<kw name="Set Variable" owner="BuiltIn">
<msg time="2025-07-21T23:24:07.243509" level="INFO">${rc} = 0</msg>
<var>${rc}</var>
<arg>0</arg>
<doc>Returns the given values which can then be assigned to a variables.</doc>
<status status="PASS" start="2025-07-21T23:24:07.243231" elapsed="0.000325"/>
</kw>
<if>
<branch type="IF" condition="${rc}&gt;0">
<kw name="Log To Console" owner="BuiltIn">
<arg>Positive</arg>
<doc>Logs the given message to the console.</doc>
<status status="NOT RUN" start="2025-07-21T23:24:07.244245" elapsed="0.000030"/>
</kw>
<status status="NOT RUN" start="2025-07-21T23:24:07.243965" elapsed="0.000361"/>
</branch>
<branch type="ELSE IF" condition="${rc}&lt;0">
<kw name="Log To Console" owner="BuiltIn">
<arg>Negative</arg>
<doc>Logs the given message to the console.</doc>
<status status="NOT RUN" start="2025-07-21T23:24:07.244553" elapsed="0.000025"/>
</kw>
<status status="NOT RUN" start="2025-07-21T23:24:07.244362" elapsed="0.000258"/>
</branch>
<branch type="ELSE">
<kw name="Log To Console" owner="BuiltIn">
<arg>Zero</arg>
<doc>Logs the given message to the console.</doc>
<status status="PASS" start="2025-07-21T23:24:07.244747" elapsed="0.000197"/>
</kw>
<status status="PASS" start="2025-07-21T23:24:07.244649" elapsed="0.000341"/>
</branch>
<status status="PASS" start="2025-07-21T23:24:07.243920" elapsed="0.001097"/>
</if>
<status status="PASS" start="2025-07-21T23:24:07.242053" elapsed="0.003172"/>
</test>
<test id="s1-t2" name="Inline If Else" line="13">
<kw name="Set Variable" owner="BuiltIn">
<msg time="2025-07-21T23:24:07.246299" level="INFO">${rc} = -1</msg>
<var>${rc}</var>
<arg>-1</arg>
<doc>Returns the given values which can then be assigned to a variables.</doc>
<status status="PASS" start="2025-07-21T23:24:07.246066" elapsed="0.000272"/>
</kw>
<if>
<branch type="IF" condition="${rc}&gt;0">
<kw name="Log To Console" owner="BuiltIn">
<arg>Positive</arg>
<doc>Logs the given message to the console.</doc>
<status status="NOT RUN" start="2025-07-21T23:24:07.246736" elapsed="0.000030"/>
</kw>
<status status="NOT RUN" start="2025-07-21T23:24:07.246482" elapsed="0.000328"/>
</branch>
<branch type="ELSE IF" condition="${rc}&lt;0">
<kw name="Log To Console" owner="BuiltIn">
<arg>Negative</arg>
<doc>Logs the given message to the console.</doc>
<status status="PASS" start="2025-07-21T23:24:07.247038" elapsed="0.000198"/>
</kw>
<status status="PASS" start="2025-07-21T23:24:07.246842" elapsed="0.000446"/>
</branch>
<branch type="ELSE">
<kw name="Log To Console" owner="BuiltIn">
<arg>Zero</arg>
<doc>Logs the given message to the console.</doc>
<status status="NOT RUN" start="2025-07-21T23:24:07.247496" elapsed="0.000030"/>
</kw>
<status status="NOT RUN" start="2025-07-21T23:24:07.247330" elapsed="0.000241"/>
</branch>
<status status="PASS" start="2025-07-21T23:24:07.246453" elapsed="0.001145"/>
</if>
<status status="PASS" start="2025-07-21T23:24:07.245646" elapsed="0.002281"/>
</test>
<test id="s1-t3" name="Nested IF ELSE" line="17">
<kw name="Set Variable" owner="BuiltIn">
<msg time="2025-07-21T23:24:07.249817" level="INFO">${rc} = 18</msg>
<var>${rc}</var>
<arg>18</arg>
<doc>Returns the given values which can then be assigned to a variables.</doc>
<status status="PASS" start="2025-07-21T23:24:07.248884" elapsed="0.000979"/>
</kw>
<if>
<branch type="IF" condition="${rc}&gt;0">
<if>
<branch type="IF" condition="${rc}%2==0">
<kw name="Log To Console" owner="BuiltIn">
<arg>Positive and Even</arg>
<doc>Logs the given message to the console.</doc>
<status status="PASS" start="2025-07-21T23:24:07.250423" elapsed="0.000188"/>
</kw>
<status status="PASS" start="2025-07-21T23:24:07.250216" elapsed="0.000446"/>
</branch>
<branch type="ELSE">
<kw name="Log To Console" owner="BuiltIn">
<arg>Positive and Odd</arg>
<doc>Logs the given message to the console.</doc>
<status status="NOT RUN" start="2025-07-21T23:24:07.250919" elapsed="0.000036"/>
</kw>
<status status="NOT RUN" start="2025-07-21T23:24:07.250694" elapsed="0.000310"/>
</branch>
<status status="PASS" start="2025-07-21T23:24:07.250195" elapsed="0.000837"/>
</if>
<status status="PASS" start="2025-07-21T23:24:07.250024" elapsed="0.001040"/>
</branch>
<branch type="ELSE IF" condition="${rc}&lt;0">
<kw name="Log To Console" owner="BuiltIn">
<arg>Negative</arg>
<doc>Logs the given message to the console.</doc>
<status status="NOT RUN" start="2025-07-21T23:24:07.251207" elapsed="0.000024"/>
</kw>
<status status="NOT RUN" start="2025-07-21T23:24:07.251092" elapsed="0.000179"/>
</branch>
<branch type="ELSE">
<kw name="Log To Console" owner="BuiltIn">
<arg>Zero</arg>
<doc>Logs the given message to the console.</doc>
<status status="NOT RUN" start="2025-07-21T23:24:07.251396" elapsed="0.000022"/>
</kw>
<status status="NOT RUN" start="2025-07-21T23:24:07.251299" elapsed="0.000156"/>
</branch>
<status status="PASS" start="2025-07-21T23:24:07.249993" elapsed="0.001488"/>
</if>
<status status="PASS" start="2025-07-21T23:24:07.248298" elapsed="0.003362"/>
</test>
<test id="s1-t4" name="While Loop Even Numbers" line="33">
<kw name="Set Variable" owner="BuiltIn">
<msg time="2025-07-21T23:24:07.252669" level="INFO">${i} = 2</msg>
<var>${i}</var>
<arg>2</arg>
<doc>Returns the given values which can then be assigned to a variables.</doc>
<status status="PASS" start="2025-07-21T23:24:07.252434" elapsed="0.000275"/>
</kw>
<while condition="${i}&lt;=100">
<iter>
<kw name="Log To Console" owner="BuiltIn">
<arg>${i}</arg>
<doc>Logs the given message to the console.</doc>
<status status="PASS" start="2025-07-21T23:24:07.253294" elapsed="0.000250"/>
</kw>
<kw name="Evaluate" owner="BuiltIn">
<msg time="2025-07-21T23:24:07.254275" level="INFO">${i} = 4</msg>
<var>${i}</var>
<arg>${i}+2</arg>
<doc>Evaluates the given expression in Python and returns the result.</doc>
<status status="PASS" start="2025-07-21T23:24:07.253751" elapsed="0.000572"/>
</kw>
<status status="PASS" start="2025-07-21T23:24:07.252831" elapsed="0.001552"/>
</iter>
<iter>
<kw name="Log To Console" owner="BuiltIn">
<arg>${i}</arg>
<doc>Logs the given message to the console.</doc>
<status status="PASS" start="2025-07-21T23:24:07.254966" elapsed="0.000334"/>
</kw>
<kw name="Evaluate" owner="BuiltIn">
<msg time="2025-07-21T23:24:07.255848" level="INFO">${i} = 6</msg>
<var>${i}</var>
<arg>${i}+2</arg>
<doc>Evaluates the given expression in Python and returns the result.</doc>
<status status="PASS" start="2025-07-21T23:24:07.255517" elapsed="0.000381"/>
</kw>
<status status="PASS" start="2025-07-21T23:24:07.254415" elapsed="0.001542"/>
</iter>
<iter>
<kw name="Log To Console" owner="BuiltIn">
<arg>${i}</arg>
<doc>Logs the given message to the console.</doc>
<status status="PASS" start="2025-07-21T23:24:07.256287" elapsed="0.000501"/>
</kw>
<kw name="Evaluate" owner="BuiltIn">
<msg time="2025-07-21T23:24:07.257453" level="INFO">${i} = 8</msg>
<var>${i}</var>
<arg>${i}+2</arg>
<doc>Evaluates the given expression in Python and returns the result.</doc>
<status status="PASS" start="2025-07-21T23:24:07.256971" elapsed="0.000526"/>
</kw>
<status status="PASS" start="2025-07-21T23:24:07.255998" elapsed="0.001582"/>
</iter>
<iter>
<kw name="Log To Console" owner="BuiltIn">
<arg>${i}</arg>
<doc>Logs the given message to the console.</doc>
<status status="PASS" start="2025-07-21T23:24:07.258140" elapsed="0.000296"/>
</kw>
<kw name="Evaluate" owner="BuiltIn">
<msg time="2025-07-21T23:24:07.259028" level="INFO">${i} = 10</msg>
<var>${i}</var>
<arg>${i}+2</arg>
<doc>Evaluates the given expression in Python and returns the result.</doc>
<status status="PASS" start="2025-07-21T23:24:07.258656" elapsed="0.000413"/>
</kw>
<status status="PASS" start="2025-07-21T23:24:07.257661" elapsed="0.001461"/>
</iter>
<iter>
<kw name="Log To Console" owner="BuiltIn">
<arg>${i}</arg>
<doc>Logs the given message to the console.</doc>
<status status="PASS" start="2025-07-21T23:24:07.259546" elapsed="0.000260"/>
</kw>
<kw name="Evaluate" owner="BuiltIn">
<msg time="2025-07-21T23:24:07.260603" level="INFO">${i} = 12</msg>
<var>${i}</var>
<arg>${i}+2</arg>
<doc>Evaluates the given expression in Python and returns the result.</doc>
<status status="PASS" start="2025-07-21T23:24:07.260175" elapsed="0.000487"/>
</kw>
<status status="PASS" start="2025-07-21T23:24:07.259167" elapsed="0.001576"/>
</iter>
<iter>
<kw name="Log To Console" owner="BuiltIn">
<arg>${i}</arg>
<doc>Logs the given message to the console.</doc>
<status status="PASS" start="2025-07-21T23:24:07.261171" elapsed="0.000483"/>
</kw>
<kw name="Evaluate" owner="BuiltIn">
<msg time="2025-07-21T23:24:07.262433" level="INFO">${i} = 14</msg>
<var>${i}</var>
<arg>${i}+2</arg>
<doc>Evaluates the given expression in Python and returns the result.</doc>
<status status="PASS" start="2025-07-21T23:24:07.261949" elapsed="0.000528"/>
</kw>
<status status="PASS" start="2025-07-21T23:24:07.260790" elapsed="0.001740"/>
</iter>
<iter>
<kw name="Log To Console" owner="BuiltIn">
<arg>${i}</arg>
<doc>Logs the given message to the console.</doc>
<status status="PASS" start="2025-07-21T23:24:07.262906" elapsed="0.000289"/>
</kw>
<kw name="Evaluate" owner="BuiltIn">
<msg time="2025-07-21T23:24:07.263874" level="INFO">${i} = 16</msg>
<var>${i}</var>
<arg>${i}+2</arg>
<doc>Evaluates the given expression in Python and returns the result.</doc>
<status status="PASS" start="2025-07-21T23:24:07.263440" elapsed="0.000547"/>
</kw>
<status status="PASS" start="2025-07-21T23:24:07.262560" elapsed="0.001483"/>
</iter>
<iter>
<kw name="Log To Console" owner="BuiltIn">
<arg>${i}</arg>
<doc>Logs the given message to the console.</doc>
<status status="PASS" start="2025-07-21T23:24:07.264458" elapsed="0.000655"/>
</kw>
<kw name="Evaluate" owner="BuiltIn">
<msg time="2025-07-21T23:24:07.266402" level="INFO">${i} = 18</msg>
<var>${i}</var>
<arg>${i}+2</arg>
<doc>Evaluates the given expression in Python and returns the result.</doc>
<status status="PASS" start="2025-07-21T23:24:07.265771" elapsed="0.000767"/>
</kw>
<status status="PASS" start="2025-07-21T23:24:07.264074" elapsed="0.002554"/>
</iter>
<iter>
<kw name="Log To Console" owner="BuiltIn">
<arg>${i}</arg>
<doc>Logs the given message to the console.</doc>
<status status="PASS" start="2025-07-21T23:24:07.267059" elapsed="0.000557"/>
</kw>
<kw name="Evaluate" owner="BuiltIn">
<msg time="2025-07-21T23:24:07.268552" level="INFO">${i} = 20</msg>
<var>${i}</var>
<arg>${i}+2</arg>
<doc>Evaluates the given expression in Python and returns the result.</doc>
<status status="PASS" start="2025-07-21T23:24:07.268009" elapsed="0.000630"/>
</kw>
<status status="PASS" start="2025-07-21T23:24:07.266673" elapsed="0.002126"/>
</iter>
<iter>
<kw name="Log To Console" owner="BuiltIn">
<arg>${i}</arg>
<doc>Logs the given message to the console.</doc>
<status status="PASS" start="2025-07-21T23:24:07.269545" elapsed="0.000379"/>
</kw>
<kw name="Evaluate" owner="BuiltIn">
<msg time="2025-07-21T23:24:07.270629" level="INFO">${i} = 22</msg>
<var>${i}</var>
<arg>${i}+2</arg>
<doc>Evaluates the given expression in Python and returns the result.</doc>
<status status="PASS" start="2025-07-21T23:24:07.270221" elapsed="0.000448"/>
</kw>
<status status="PASS" start="2025-07-21T23:24:07.268874" elapsed="0.001847"/>
</iter>
<iter>
<kw name="Log To Console" owner="BuiltIn">
<arg>${i}</arg>
<doc>Logs the given message to the console.</doc>
<status status="PASS" start="2025-07-21T23:24:07.271057" elapsed="0.000295"/>
</kw>
<kw name="Evaluate" owner="BuiltIn">
<msg time="2025-07-21T23:24:07.271928" level="INFO">${i} = 24</msg>
<var>${i}</var>
<arg>${i}+2</arg>
<doc>Evaluates the given expression in Python and returns the result.</doc>
<status status="PASS" start="2025-07-21T23:24:07.271595" elapsed="0.000374"/>
</kw>
<status status="PASS" start="2025-07-21T23:24:07.270751" elapsed="0.001268"/>
</iter>
<iter>
<kw name="Log To Console" owner="BuiltIn">
<arg>${i}</arg>
<doc>Logs the given message to the console.</doc>
<status status="PASS" start="2025-07-21T23:24:07.272435" elapsed="0.000249"/>
</kw>
<kw name="Evaluate" owner="BuiltIn">
<msg time="2025-07-21T23:24:07.273357" level="INFO">${i} = 26</msg>
<var>${i}</var>
<arg>${i}+2</arg>
<doc>Evaluates the given expression in Python and returns the result.</doc>
<status status="PASS" start="2025-07-21T23:24:07.272903" elapsed="0.000522"/>
</kw>
<status status="PASS" start="2025-07-21T23:24:07.272048" elapsed="0.001453"/>
</iter>
<iter>
<kw name="Log To Console" owner="BuiltIn">
<arg>${i}</arg>
<doc>Logs the given message to the console.</doc>
<status status="PASS" start="2025-07-21T23:24:07.273969" elapsed="0.000387"/>
</kw>
<kw name="Evaluate" owner="BuiltIn">
<msg time="2025-07-21T23:24:07.275079" level="INFO">${i} = 28</msg>
<var>${i}</var>
<arg>${i}+2</arg>
<doc>Evaluates the given expression in Python and returns the result.</doc>
<status status="PASS" start="2025-07-21T23:24:07.274607" elapsed="0.000514"/>
</kw>
<status status="PASS" start="2025-07-21T23:24:07.273533" elapsed="0.001643"/>
</iter>
<iter>
<kw name="Log To Console" owner="BuiltIn">
<arg>${i}</arg>
<doc>Logs the given message to the console.</doc>
<status status="PASS" start="2025-07-21T23:24:07.275448" elapsed="0.000307"/>
</kw>
<kw name="Evaluate" owner="BuiltIn">
<msg time="2025-07-21T23:24:07.276516" level="INFO">${i} = 30</msg>
<var>${i}</var>
<arg>${i}+2</arg>
<doc>Evaluates the given expression in Python and returns the result.</doc>
<status status="PASS" start="2025-07-21T23:24:07.276006" elapsed="0.000608"/>
</kw>
<status status="PASS" start="2025-07-21T23:24:07.275207" elapsed="0.001527"/>
</iter>
<iter>
<kw name="Log To Console" owner="BuiltIn">
<arg>${i}</arg>
<doc>Logs the given message to the console.</doc>
<status status="PASS" start="2025-07-21T23:24:07.277468" elapsed="0.000475"/>
</kw>
<kw name="Evaluate" owner="BuiltIn">
<msg time="2025-07-21T23:24:07.278792" level="INFO">${i} = 32</msg>
<var>${i}</var>
<arg>${i}+2</arg>
<doc>Evaluates the given expression in Python and returns the result.</doc>
<status status="PASS" start="2025-07-21T23:24:07.278163" elapsed="0.000713"/>
</kw>
<status status="PASS" start="2025-07-21T23:24:07.276792" elapsed="0.002142"/>
</iter>
<iter>
<kw name="Log To Console" owner="BuiltIn">
<arg>${i}</arg>
<doc>Logs the given message to the console.</doc>
<status status="PASS" start="2025-07-21T23:24:07.279224" elapsed="0.000313"/>
</kw>
<kw name="Evaluate" owner="BuiltIn">
<msg time="2025-07-21T23:24:07.280329" level="INFO">${i} = 34</msg>
<var>${i}</var>
<arg>${i}+2</arg>
<doc>Evaluates the given expression in Python and returns the result.</doc>
<status status="PASS" start="2025-07-21T23:24:07.279778" elapsed="0.000636"/>
</kw>
<status status="PASS" start="2025-07-21T23:24:07.278965" elapsed="0.001536"/>
</iter>
<iter>
<kw name="Log To Console" owner="BuiltIn">
<arg>${i}</arg>
<doc>Logs the given message to the console.</doc>
<status status="PASS" start="2025-07-21T23:24:07.280885" elapsed="0.000462"/>
</kw>
<kw name="Evaluate" owner="BuiltIn">
<msg time="2025-07-21T23:24:07.282670" level="INFO">${i} = 36</msg>
<var>${i}</var>
<arg>${i}+2</arg>
<doc>Evaluates the given expression in Python and returns the result.</doc>
<status status="PASS" start="2025-07-21T23:24:07.281714" elapsed="0.001098"/>
</kw>
<status status="PASS" start="2025-07-21T23:24:07.280544" elapsed="0.002575"/>
</iter>
<iter>
<kw name="Log To Console" owner="BuiltIn">
<arg>${i}</arg>
<doc>Logs the given message to the console.</doc>
<status status="PASS" start="2025-07-21T23:24:07.283752" elapsed="0.000489"/>
</kw>
<kw name="Evaluate" owner="BuiltIn">
<msg time="2025-07-21T23:24:07.285067" level="INFO">${i} = 38</msg>
<var>${i}</var>
<arg>${i}+2</arg>
<doc>Evaluates the given expression in Python and returns the result.</doc>
<status status="PASS" start="2025-07-21T23:24:07.284503" elapsed="0.000684"/>
</kw>
<status status="PASS" start="2025-07-21T23:24:07.283212" elapsed="0.002099"/>
</iter>
<iter>
<kw name="Log To Console" owner="BuiltIn">
<arg>${i}</arg>
<doc>Logs the given message to the console.</doc>
<status status="PASS" start="2025-07-21T23:24:07.285882" elapsed="0.000422"/>
</kw>
<kw name="Evaluate" owner="BuiltIn">
<msg time="2025-07-21T23:24:07.287560" level="INFO">${i} = 40</msg>
<var>${i}</var>
<arg>${i}+2</arg>
<doc>Evaluates the given expression in Python and returns the result.</doc>
<status status="PASS" start="2025-07-21T23:24:07.286979" elapsed="0.000706"/>
</kw>
<status status="PASS" start="2025-07-21T23:24:07.285366" elapsed="0.002446"/>
</iter>
<iter>
<kw name="Log To Console" owner="BuiltIn">
<arg>${i}</arg>
<doc>Logs the given message to the console.</doc>
<status status="PASS" start="2025-07-21T23:24:07.288342" elapsed="0.000402"/>
</kw>
<kw name="Evaluate" owner="BuiltIn">
<msg time="2025-07-21T23:24:07.289365" level="INFO">${i} = 42</msg>
<var>${i}</var>
<arg>${i}+2</arg>
<doc>Evaluates the given expression in Python and returns the result.</doc>
<status status="PASS" start="2025-07-21T23:24:07.288965" elapsed="0.000442"/>
</kw>
<status status="PASS" start="2025-07-21T23:24:07.287860" elapsed="0.001611"/>
</iter>
<iter>
<kw name="Log To Console" owner="BuiltIn">
<arg>${i}</arg>
<doc>Logs the given message to the console.</doc>
<status status="PASS" start="2025-07-21T23:24:07.289823" elapsed="0.000357"/>
</kw>
<kw name="Evaluate" owner="BuiltIn">
<msg time="2025-07-21T23:24:07.291043" level="INFO">${i} = 44</msg>
<var>${i}</var>
<arg>${i}+2</arg>
<doc>Evaluates the given expression in Python and returns the result.</doc>
<status status="PASS" start="2025-07-21T23:24:07.290401" elapsed="0.000731"/>
</kw>
<status status="PASS" start="2025-07-21T23:24:07.289517" elapsed="0.001707"/>
</iter>
<iter>
<kw name="Log To Console" owner="BuiltIn">
<arg>${i}</arg>
<doc>Logs the given message to the console.</doc>
<status status="PASS" start="2025-07-21T23:24:07.291754" elapsed="0.000404"/>
</kw>
<kw name="Evaluate" owner="BuiltIn">
<msg time="2025-07-21T23:24:07.293040" level="INFO">${i} = 46</msg>
<var>${i}</var>
<arg>${i}+2</arg>
<doc>Evaluates the given expression in Python and returns the result.</doc>
<status status="PASS" start="2025-07-21T23:24:07.292540" elapsed="0.000563"/>
</kw>
<status status="PASS" start="2025-07-21T23:24:07.291276" elapsed="0.001907"/>
</iter>
<iter>
<kw name="Log To Console" owner="BuiltIn">
<arg>${i}</arg>
<doc>Logs the given message to the console.</doc>
<status status="PASS" start="2025-07-21T23:24:07.293470" elapsed="0.000325"/>
</kw>
<kw name="Evaluate" owner="BuiltIn">
<msg time="2025-07-21T23:24:07.294578" level="INFO">${i} = 48</msg>
<var>${i}</var>
<arg>${i}+2</arg>
<doc>Evaluates the given expression in Python and returns the result.</doc>
<status status="PASS" start="2025-07-21T23:24:07.294064" elapsed="0.000610"/>
</kw>
<status status="PASS" start="2025-07-21T23:24:07.293218" elapsed="0.001600"/>
</iter>
<iter>
<kw name="Log To Console" owner="BuiltIn">
<arg>${i}</arg>
<doc>Logs the given message to the console.</doc>
<status status="PASS" start="2025-07-21T23:24:07.295282" elapsed="0.000356"/>
</kw>
<kw name="Evaluate" owner="BuiltIn">
<msg time="2025-07-21T23:24:07.296198" level="INFO">${i} = 50</msg>
<var>${i}</var>
<arg>${i}+2</arg>
<doc>Evaluates the given expression in Python and returns the result.</doc>
<status status="PASS" start="2025-07-21T23:24:07.295830" elapsed="0.000422"/>
</kw>
<status status="PASS" start="2025-07-21T23:24:07.294885" elapsed="0.001439"/>
</iter>
<iter>
<kw name="Log To Console" owner="BuiltIn">
<arg>${i}</arg>
<doc>Logs the given message to the console.</doc>
<status status="PASS" start="2025-07-21T23:24:07.296723" elapsed="0.000354"/>
</kw>
<kw name="Evaluate" owner="BuiltIn">
<msg time="2025-07-21T23:24:07.298031" level="INFO">${i} = 52</msg>
<var>${i}</var>
<arg>${i}+2</arg>
<doc>Evaluates the given expression in Python and returns the result.</doc>
<status status="PASS" start="2025-07-21T23:24:07.297411" elapsed="0.000689"/>
</kw>
<status status="PASS" start="2025-07-21T23:24:07.296367" elapsed="0.001816"/>
</iter>
<iter>
<kw name="Log To Console" owner="BuiltIn">
<arg>${i}</arg>
<doc>Logs the given message to the console.</doc>
<status status="PASS" start="2025-07-21T23:24:07.298647" elapsed="0.000461"/>
</kw>
<kw name="Evaluate" owner="BuiltIn">
<msg time="2025-07-21T23:24:07.300322" level="INFO">${i} = 54</msg>
<var>${i}</var>
<arg>${i}+2</arg>
<doc>Evaluates the given expression in Python and returns the result.</doc>
<status status="PASS" start="2025-07-21T23:24:07.299569" elapsed="0.000830"/>
</kw>
<status status="PASS" start="2025-07-21T23:24:07.298227" elapsed="0.002258"/>
</iter>
<iter>
<kw name="Log To Console" owner="BuiltIn">
<arg>${i}</arg>
<doc>Logs the given message to the console.</doc>
<status status="PASS" start="2025-07-21T23:24:07.300985" elapsed="0.000587"/>
</kw>
<kw name="Evaluate" owner="BuiltIn">
<msg time="2025-07-21T23:24:07.302471" level="INFO">${i} = 56</msg>
<var>${i}</var>
<arg>${i}+2</arg>
<doc>Evaluates the given expression in Python and returns the result.</doc>
<status status="PASS" start="2025-07-21T23:24:07.301813" elapsed="0.000724"/>
</kw>
<status status="PASS" start="2025-07-21T23:24:07.300530" elapsed="0.002095"/>
</iter>
<iter>
<kw name="Log To Console" owner="BuiltIn">
<arg>${i}</arg>
<doc>Logs the given message to the console.</doc>
<status status="PASS" start="2025-07-21T23:24:07.303073" elapsed="0.000502"/>
</kw>
<kw name="Evaluate" owner="BuiltIn">
<msg time="2025-07-21T23:24:07.304366" level="INFO">${i} = 58</msg>
<var>${i}</var>
<arg>${i}+2</arg>
<doc>Evaluates the given expression in Python and returns the result.</doc>
<status status="PASS" start="2025-07-21T23:24:07.303893" elapsed="0.000538"/>
</kw>
<status status="PASS" start="2025-07-21T23:24:07.302686" elapsed="0.001832"/>
</iter>
<iter>
<kw name="Log To Console" owner="BuiltIn">
<arg>${i}</arg>
<doc>Logs the given message to the console.</doc>
<status status="PASS" start="2025-07-21T23:24:07.304998" elapsed="0.000257"/>
</kw>
<kw name="Evaluate" owner="BuiltIn">
<msg time="2025-07-21T23:24:07.305813" level="INFO">${i} = 60</msg>
<var>${i}</var>
<arg>${i}+2</arg>
<doc>Evaluates the given expression in Python and returns the result.</doc>
<status status="PASS" start="2025-07-21T23:24:07.305501" elapsed="0.000350"/>
</kw>
<status status="PASS" start="2025-07-21T23:24:07.304589" elapsed="0.001313"/>
</iter>
<iter>
<kw name="Log To Console" owner="BuiltIn">
<arg>${i}</arg>
<doc>Logs the given message to the console.</doc>
<status status="PASS" start="2025-07-21T23:24:07.306173" elapsed="0.000245"/>
</kw>
<kw name="Evaluate" owner="BuiltIn">
<msg time="2025-07-21T23:24:07.306901" level="INFO">${i} = 62</msg>
<var>${i}</var>
<arg>${i}+2</arg>
<doc>Evaluates the given expression in Python and returns the result.</doc>
<status status="PASS" start="2025-07-21T23:24:07.306579" elapsed="0.000362"/>
</kw>
<status status="PASS" start="2025-07-21T23:24:07.305932" elapsed="0.001059"/>
</iter>
<iter>
<kw name="Log To Console" owner="BuiltIn">
<arg>${i}</arg>
<doc>Logs the given message to the console.</doc>
<status status="PASS" start="2025-07-21T23:24:07.307279" elapsed="0.000368"/>
</kw>
<kw name="Evaluate" owner="BuiltIn">
<msg time="2025-07-21T23:24:07.308280" level="INFO">${i} = 64</msg>
<var>${i}</var>
<arg>${i}+2</arg>
<doc>Evaluates the given expression in Python and returns the result.</doc>
<status status="PASS" start="2025-07-21T23:24:07.307862" elapsed="0.000471"/>
</kw>
<status status="PASS" start="2025-07-21T23:24:07.307020" elapsed="0.001454"/>
</iter>
<iter>
<kw name="Log To Console" owner="BuiltIn">
<arg>${i}</arg>
<doc>Logs the given message to the console.</doc>
<status status="PASS" start="2025-07-21T23:24:07.309097" elapsed="0.000394"/>
</kw>
<kw name="Evaluate" owner="BuiltIn">
<msg time="2025-07-21T23:24:07.310110" level="INFO">${i} = 66</msg>
<var>${i}</var>
<arg>${i}+2</arg>
<doc>Evaluates the given expression in Python and returns the result.</doc>
<status status="PASS" start="2025-07-21T23:24:07.309712" elapsed="0.000440"/>
</kw>
<status status="PASS" start="2025-07-21T23:24:07.308532" elapsed="0.001672"/>
</iter>
<iter>
<kw name="Log To Console" owner="BuiltIn">
<arg>${i}</arg>
<doc>Logs the given message to the console.</doc>
<status status="PASS" start="2025-07-21T23:24:07.310722" elapsed="0.000368"/>
</kw>
<kw name="Evaluate" owner="BuiltIn">
<msg time="2025-07-21T23:24:07.311949" level="INFO">${i} = 68</msg>
<var>${i}</var>
<arg>${i}+2</arg>
<doc>Evaluates the given expression in Python and returns the result.</doc>
<status status="PASS" start="2025-07-21T23:24:07.311454" elapsed="0.000558"/>
</kw>
<status status="PASS" start="2025-07-21T23:24:07.310234" elapsed="0.001859"/>
</iter>
<iter>
<kw name="Log To Console" owner="BuiltIn">
<arg>${i}</arg>
<doc>Logs the given message to the console.</doc>
<status status="PASS" start="2025-07-21T23:24:07.312527" elapsed="0.000362"/>
</kw>
<kw name="Evaluate" owner="BuiltIn">
<msg time="2025-07-21T23:24:07.313470" level="INFO">${i} = 70</msg>
<var>${i}</var>
<arg>${i}+2</arg>
<doc>Evaluates the given expression in Python and returns the result.</doc>
<status status="PASS" start="2025-07-21T23:24:07.313091" elapsed="0.000431"/>
</kw>
<status status="PASS" start="2025-07-21T23:24:07.312138" elapsed="0.001526"/>
</iter>
<iter>
<kw name="Log To Console" owner="BuiltIn">
<arg>${i}</arg>
<doc>Logs the given message to the console.</doc>
<status status="PASS" start="2025-07-21T23:24:07.314041" elapsed="0.000392"/>
</kw>
<kw name="Evaluate" owner="BuiltIn">
<msg time="2025-07-21T23:24:07.315102" level="INFO">${i} = 72</msg>
<var>${i}</var>
<arg>${i}+2</arg>
<doc>Evaluates the given expression in Python and returns the result.</doc>
<status status="PASS" start="2025-07-21T23:24:07.314624" elapsed="0.000569"/>
</kw>
<status status="PASS" start="2025-07-21T23:24:07.313756" elapsed="0.001530"/>
</iter>
<iter>
<kw name="Log To Console" owner="BuiltIn">
<arg>${i}</arg>
<doc>Logs the given message to the console.</doc>
<status status="PASS" start="2025-07-21T23:24:07.315702" elapsed="0.000300"/>
</kw>
<kw name="Evaluate" owner="BuiltIn">
<msg time="2025-07-21T23:24:07.316611" level="INFO">${i} = 74</msg>
<var>${i}</var>
<arg>${i}+2</arg>
<doc>Evaluates the given expression in Python and returns the result.</doc>
<status status="PASS" start="2025-07-21T23:24:07.316161" elapsed="0.000506"/>
</kw>
<status status="PASS" start="2025-07-21T23:24:07.315335" elapsed="0.001407"/>
</iter>
<iter>
<kw name="Log To Console" owner="BuiltIn">
<arg>${i}</arg>
<doc>Logs the given message to the console.</doc>
<status status="PASS" start="2025-07-21T23:24:07.317137" elapsed="0.000436"/>
</kw>
<kw name="Evaluate" owner="BuiltIn">
<msg time="2025-07-21T23:24:07.318634" level="INFO">${i} = 76</msg>
<var>${i}</var>
<arg>${i}+2</arg>
<doc>Evaluates the given expression in Python and returns the result.</doc>
<status status="PASS" start="2025-07-21T23:24:07.317900" elapsed="0.000882"/>
</kw>
<status status="PASS" start="2025-07-21T23:24:07.316787" elapsed="0.002066"/>
</iter>
<iter>
<kw name="Log To Console" owner="BuiltIn">
<arg>${i}</arg>
<doc>Logs the given message to the console.</doc>
<status status="PASS" start="2025-07-21T23:24:07.319371" elapsed="0.000540"/>
</kw>
<kw name="Evaluate" owner="BuiltIn">
<msg time="2025-07-21T23:24:07.320678" level="INFO">${i} = 78</msg>
<var>${i}</var>
<arg>${i}+2</arg>
<doc>Evaluates the given expression in Python and returns the result.</doc>
<status status="PASS" start="2025-07-21T23:24:07.320216" elapsed="0.000528"/>
</kw>
<status status="PASS" start="2025-07-21T23:24:07.318897" elapsed="0.001944"/>
</iter>
<iter>
<kw name="Log To Console" owner="BuiltIn">
<arg>${i}</arg>
<doc>Logs the given message to the console.</doc>
<status status="PASS" start="2025-07-21T23:24:07.321286" elapsed="0.000283"/>
</kw>
<kw name="Evaluate" owner="BuiltIn">
<msg time="2025-07-21T23:24:07.322059" level="INFO">${i} = 80</msg>
<var>${i}</var>
<arg>${i}+2</arg>
<doc>Evaluates the given expression in Python and returns the result.</doc>
<status status="PASS" start="2025-07-21T23:24:07.321761" elapsed="0.000335"/>
</kw>
<status status="PASS" start="2025-07-21T23:24:07.320878" elapsed="0.001410"/>
</iter>
<iter>
<kw name="Log To Console" owner="BuiltIn">
<arg>${i}</arg>
<doc>Logs the given message to the console.</doc>
<status status="PASS" start="2025-07-21T23:24:07.322652" elapsed="0.000264"/>
</kw>
<kw name="Evaluate" owner="BuiltIn">
<msg time="2025-07-21T23:24:07.323437" level="INFO">${i} = 82</msg>
<var>${i}</var>
<arg>${i}+2</arg>
<doc>Evaluates the given expression in Python and returns the result.</doc>
<status status="PASS" start="2025-07-21T23:24:07.323101" elapsed="0.000393"/>
</kw>
<status status="PASS" start="2025-07-21T23:24:07.322345" elapsed="0.001232"/>
</iter>
<iter>
<kw name="Log To Console" owner="BuiltIn">
<arg>${i}</arg>
<doc>Logs the given message to the console.</doc>
<status status="PASS" start="2025-07-21T23:24:07.323919" elapsed="0.000312"/>
</kw>
<kw name="Evaluate" owner="BuiltIn">
<msg time="2025-07-21T23:24:07.324868" level="INFO">${i} = 84</msg>
<var>${i}</var>
<arg>${i}+2</arg>
<doc>Evaluates the given expression in Python and returns the result.</doc>
<status status="PASS" start="2025-07-21T23:24:07.324465" elapsed="0.000442"/>
</kw>
<status status="PASS" start="2025-07-21T23:24:07.323625" elapsed="0.001333"/>
</iter>
<iter>
<kw name="Log To Console" owner="BuiltIn">
<arg>${i}</arg>
<doc>Logs the given message to the console.</doc>
<status status="PASS" start="2025-07-21T23:24:07.325305" elapsed="0.000522"/>
</kw>
<kw name="Evaluate" owner="BuiltIn">
<msg time="2025-07-21T23:24:07.326306" level="INFO">${i} = 86</msg>
<var>${i}</var>
<arg>${i}+2</arg>
<doc>Evaluates the given expression in Python and returns the result.</doc>
<status status="PASS" start="2025-07-21T23:24:07.326008" elapsed="0.000351"/>
</kw>
<status status="PASS" start="2025-07-21T23:24:07.324988" elapsed="0.001418"/>
</iter>
<iter>
<kw name="Log To Console" owner="BuiltIn">
<arg>${i}</arg>
<doc>Logs the given message to the console.</doc>
<status status="PASS" start="2025-07-21T23:24:07.326694" elapsed="0.000235"/>
</kw>
<kw name="Evaluate" owner="BuiltIn">
<msg time="2025-07-21T23:24:07.327370" level="INFO">${i} = 88</msg>
<var>${i}</var>
<arg>${i}+2</arg>
<doc>Evaluates the given expression in Python and returns the result.</doc>
<status status="PASS" start="2025-07-21T23:24:07.327063" elapsed="0.000346"/>
</kw>
<status status="PASS" start="2025-07-21T23:24:07.326453" elapsed="0.001024"/>
</iter>
<iter>
<kw name="Log To Console" owner="BuiltIn">
<arg>${i}</arg>
<doc>Logs the given message to the console.</doc>
<status status="PASS" start="2025-07-21T23:24:07.327793" elapsed="0.000453"/>
</kw>
<kw name="Evaluate" owner="BuiltIn">
<msg time="2025-07-21T23:24:07.329117" level="INFO">${i} = 90</msg>
<var>${i}</var>
<arg>${i}+2</arg>
<doc>Evaluates the given expression in Python and returns the result.</doc>
<status status="PASS" start="2025-07-21T23:24:07.328620" elapsed="0.000544"/>
</kw>
<status status="PASS" start="2025-07-21T23:24:07.327509" elapsed="0.001711"/>
</iter>
<iter>
<kw name="Log To Console" owner="BuiltIn">
<arg>${i}</arg>
<doc>Logs the given message to the console.</doc>
<status status="PASS" start="2025-07-21T23:24:07.329526" elapsed="0.000265"/>
</kw>
<kw name="Evaluate" owner="BuiltIn">
<msg time="2025-07-21T23:24:07.330397" level="INFO">${i} = 92</msg>
<var>${i}</var>
<arg>${i}+2</arg>
<doc>Evaluates the given expression in Python and returns the result.</doc>
<status status="PASS" start="2025-07-21T23:24:07.330023" elapsed="0.000417"/>
</kw>
<status status="PASS" start="2025-07-21T23:24:07.329256" elapsed="0.001287"/>
</iter>
<iter>
<kw name="Log To Console" owner="BuiltIn">
<arg>${i}</arg>
<doc>Logs the given message to the console.</doc>
<status status="PASS" start="2025-07-21T23:24:07.330856" elapsed="0.000246"/>
</kw>
<kw name="Evaluate" owner="BuiltIn">
<msg time="2025-07-21T23:24:07.331859" level="INFO">${i} = 94</msg>
<var>${i}</var>
<arg>${i}+2</arg>
<doc>Evaluates the given expression in Python and returns the result.</doc>
<status status="PASS" start="2025-07-21T23:24:07.331304" elapsed="0.000753"/>
</kw>
<status status="PASS" start="2025-07-21T23:24:07.330582" elapsed="0.001579"/>
</iter>
<iter>
<kw name="Log To Console" owner="BuiltIn">
<arg>${i}</arg>
<doc>Logs the given message to the console.</doc>
<status status="PASS" start="2025-07-21T23:24:07.333132" elapsed="0.000477"/>
</kw>
<kw name="Evaluate" owner="BuiltIn">
<msg time="2025-07-21T23:24:07.334245" level="INFO">${i} = 96</msg>
<var>${i}</var>
<arg>${i}+2</arg>
<doc>Evaluates the given expression in Python and returns the result.</doc>
<status status="PASS" start="2025-07-21T23:24:07.333922" elapsed="0.000363"/>
</kw>
<status status="PASS" start="2025-07-21T23:24:07.332201" elapsed="0.002135"/>
</iter>
<iter>
<kw name="Log To Console" owner="BuiltIn">
<arg>${i}</arg>
<doc>Logs the given message to the console.</doc>
<status status="PASS" start="2025-07-21T23:24:07.334678" elapsed="0.000368"/>
</kw>
<kw name="Evaluate" owner="BuiltIn">
<msg time="2025-07-21T23:24:07.335756" level="INFO">${i} = 98</msg>
<var>${i}</var>
<arg>${i}+2</arg>
<doc>Evaluates the given expression in Python and returns the result.</doc>
<status status="PASS" start="2025-07-21T23:24:07.335312" elapsed="0.000551"/>
</kw>
<status status="PASS" start="2025-07-21T23:24:07.334365" elapsed="0.001602"/>
</iter>
<iter>
<kw name="Log To Console" owner="BuiltIn">
<arg>${i}</arg>
<doc>Logs the given message to the console.</doc>
<status status="PASS" start="2025-07-21T23:24:07.336407" elapsed="0.000373"/>
</kw>
<kw name="Evaluate" owner="BuiltIn">
<msg time="2025-07-21T23:24:07.337718" level="INFO">${i} = 100</msg>
<var>${i}</var>
<arg>${i}+2</arg>
<doc>Evaluates the given expression in Python and returns the result.</doc>
<status status="PASS" start="2025-07-21T23:24:07.337124" elapsed="0.000642"/>
</kw>
<status status="PASS" start="2025-07-21T23:24:07.336006" elapsed="0.001817"/>
</iter>
<iter>
<kw name="Log To Console" owner="BuiltIn">
<arg>${i}</arg>
<doc>Logs the given message to the console.</doc>
<status status="PASS" start="2025-07-21T23:24:07.338103" elapsed="0.000229"/>
</kw>
<kw name="Evaluate" owner="BuiltIn">
<msg time="2025-07-21T23:24:07.338841" level="INFO">${i} = 102</msg>
<var>${i}</var>
<arg>${i}+2</arg>
<doc>Evaluates the given expression in Python and returns the result.</doc>
<status status="PASS" start="2025-07-21T23:24:07.338462" elapsed="0.000421"/>
</kw>
<status status="PASS" start="2025-07-21T23:24:07.337853" elapsed="0.001081"/>
</iter>
<status status="PASS" start="2025-07-21T23:24:07.252828" elapsed="0.086257"/>
</while>
<status status="PASS" start="2025-07-21T23:24:07.251930" elapsed="0.087339"/>
</test>
<test id="s1-t5" name="While Loop Odd Numbers" line="40">
<kw name="Set Variable" owner="BuiltIn">
<msg time="2025-07-21T23:24:07.340348" level="INFO">${i} = 1</msg>
<var>${i}</var>
<arg>1</arg>
<doc>Returns the given values which can then be assigned to a variables.</doc>
<status status="PASS" start="2025-07-21T23:24:07.340128" elapsed="0.000258"/>
</kw>
<while condition="${i}&lt;=100">
<iter>
<kw name="Log To Console" owner="BuiltIn">
<arg>${i}</arg>
<doc>Logs the given message to the console.</doc>
<status status="PASS" start="2025-07-21T23:24:07.340800" elapsed="0.000261"/>
</kw>
<kw name="Evaluate" owner="BuiltIn">
<msg time="2025-07-21T23:24:07.341511" level="INFO">${i} = 3</msg>
<var>${i}</var>
<arg>${i}+2</arg>
<doc>Evaluates the given expression in Python and returns the result.</doc>
<status status="PASS" start="2025-07-21T23:24:07.341218" elapsed="0.000330"/>
</kw>
<status status="PASS" start="2025-07-21T23:24:07.340501" elapsed="0.001095"/>
</iter>
<iter>
<kw name="Log To Console" owner="BuiltIn">
<arg>${i}</arg>
<doc>Logs the given message to the console.</doc>
<status status="PASS" start="2025-07-21T23:24:07.341849" elapsed="0.000287"/>
</kw>
<kw name="Evaluate" owner="BuiltIn">
<msg time="2025-07-21T23:24:07.342659" level="INFO">${i} = 5</msg>
<var>${i}</var>
<arg>${i}+2</arg>
<doc>Evaluates the given expression in Python and returns the result.</doc>
<status status="PASS" start="2025-07-21T23:24:07.342304" elapsed="0.000399"/>
</kw>
<status status="PASS" start="2025-07-21T23:24:07.341625" elapsed="0.001130"/>
</iter>
<iter>
<kw name="Log To Console" owner="BuiltIn">
<arg>${i}</arg>
<doc>Logs the given message to the console.</doc>
<status status="PASS" start="2025-07-21T23:24:07.343020" elapsed="0.000222"/>
</kw>
<kw name="Evaluate" owner="BuiltIn">
<msg time="2025-07-21T23:24:07.343647" level="INFO">${i} = 7</msg>
<var>${i}</var>
<arg>${i}+2</arg>
<doc>Evaluates the given expression in Python and returns the result.</doc>
<status status="PASS" start="2025-07-21T23:24:07.343373" elapsed="0.000309"/>
</kw>
<status status="PASS" start="2025-07-21T23:24:07.342783" elapsed="0.000947"/>
</iter>
<iter>
<kw name="Log To Console" owner="BuiltIn">
<arg>${i}</arg>
<doc>Logs the given message to the console.</doc>
<status status="PASS" start="2025-07-21T23:24:07.343970" elapsed="0.000196"/>
</kw>
<kw name="Evaluate" owner="BuiltIn">
<msg time="2025-07-21T23:24:07.344627" level="INFO">${i} = 9</msg>
<var>${i}</var>
<arg>${i}+2</arg>
<doc>Evaluates the given expression in Python and returns the result.</doc>
<status status="PASS" start="2025-07-21T23:24:07.344290" elapsed="0.000381"/>
</kw>
<status status="PASS" start="2025-07-21T23:24:07.343758" elapsed="0.000965"/>
</iter>
<iter>
<kw name="Log To Console" owner="BuiltIn">
<arg>${i}</arg>
<doc>Logs the given message to the console.</doc>
<status status="PASS" start="2025-07-21T23:24:07.344989" elapsed="0.000215"/>
</kw>
<kw name="Evaluate" owner="BuiltIn">
<msg time="2025-07-21T23:24:07.345663" level="INFO">${i} = 11</msg>
<var>${i}</var>
<arg>${i}+2</arg>
<doc>Evaluates the given expression in Python and returns the result.</doc>
<status status="PASS" start="2025-07-21T23:24:07.345357" elapsed="0.000343"/>
</kw>
<status status="PASS" start="2025-07-21T23:24:07.344753" elapsed="0.000996"/>
</iter>
<iter>
<kw name="Log To Console" owner="BuiltIn">
<arg>${i}</arg>
<doc>Logs the given message to the console.</doc>
<status status="PASS" start="2025-07-21T23:24:07.346002" elapsed="0.000341"/>
</kw>
<kw name="Evaluate" owner="BuiltIn">
<msg time="2025-07-21T23:24:07.346778" level="INFO">${i} = 13</msg>
<var>${i}</var>
<arg>${i}+2</arg>
<doc>Evaluates the given expression in Python and returns the result.</doc>
<status status="PASS" start="2025-07-21T23:24:07.346497" elapsed="0.000317"/>
</kw>
<status status="PASS" start="2025-07-21T23:24:07.345778" elapsed="0.001084"/>
</iter>
<iter>
<kw name="Log To Console" owner="BuiltIn">
<arg>${i}</arg>
<doc>Logs the given message to the console.</doc>
<status status="PASS" start="2025-07-21T23:24:07.347112" elapsed="0.000211"/>
</kw>
<kw name="Evaluate" owner="BuiltIn">
<msg time="2025-07-21T23:24:07.347739" level="INFO">${i} = 15</msg>
<var>${i}</var>
<arg>${i}+2</arg>
<doc>Evaluates the given expression in Python and returns the result.</doc>
<status status="PASS" start="2025-07-21T23:24:07.347458" elapsed="0.000317"/>
</kw>
<status status="PASS" start="2025-07-21T23:24:07.346890" elapsed="0.000932"/>
</iter>
<iter>
<kw name="Log To Console" owner="BuiltIn">
<arg>${i}</arg>
<doc>Logs the given message to the console.</doc>
<status status="PASS" start="2025-07-21T23:24:07.348071" elapsed="0.000207"/>
</kw>
<kw name="Evaluate" owner="BuiltIn">
<msg time="2025-07-21T23:24:07.348831" level="INFO">${i} = 17</msg>
<var>${i}</var>
<arg>${i}+2</arg>
<doc>Evaluates the given expression in Python and returns the result.</doc>
<status status="PASS" start="2025-07-21T23:24:07.348418" elapsed="0.000473"/>
</kw>
<status status="PASS" start="2025-07-21T23:24:07.347849" elapsed="0.001099"/>
</iter>
<iter>
<kw name="Log To Console" owner="BuiltIn">
<arg>${i}</arg>
<doc>Logs the given message to the console.</doc>
<status status="PASS" start="2025-07-21T23:24:07.349310" elapsed="0.000344"/>
</kw>
<kw name="Evaluate" owner="BuiltIn">
<msg time="2025-07-21T23:24:07.350325" level="INFO">${i} = 19</msg>
<var>${i}</var>
<arg>${i}+2</arg>
<doc>Evaluates the given expression in Python and returns the result.</doc>
<status status="PASS" start="2025-07-21T23:24:07.349883" elapsed="0.000491"/>
</kw>
<status status="PASS" start="2025-07-21T23:24:07.348979" elapsed="0.001451"/>
</iter>
<iter>
<kw name="Log To Console" owner="BuiltIn">
<arg>${i}</arg>
<doc>Logs the given message to the console.</doc>
<status status="PASS" start="2025-07-21T23:24:07.350709" elapsed="0.000316"/>
</kw>
<kw name="Evaluate" owner="BuiltIn">
<msg time="2025-07-21T23:24:07.351605" level="INFO">${i} = 21</msg>
<var>${i}</var>
<arg>${i}+2</arg>
<doc>Evaluates the given expression in Python and returns the result.</doc>
<status status="PASS" start="2025-07-21T23:24:07.351289" elapsed="0.000357"/>
</kw>
<status status="PASS" start="2025-07-21T23:24:07.350460" elapsed="0.001238"/>
</iter>
<iter>
<kw name="Log To Console" owner="BuiltIn">
<arg>${i}</arg>
<doc>Logs the given message to the console.</doc>
<status status="PASS" start="2025-07-21T23:24:07.351968" elapsed="0.000302"/>
</kw>
<kw name="Evaluate" owner="BuiltIn">
<msg time="2025-07-21T23:24:07.352914" level="INFO">${i} = 23</msg>
<var>${i}</var>
<arg>${i}+2</arg>
<doc>Evaluates the given expression in Python and returns the result.</doc>
<status status="PASS" start="2025-07-21T23:24:07.352502" elapsed="0.000456"/>
</kw>
<status status="PASS" start="2025-07-21T23:24:07.351727" elapsed="0.001285"/>
</iter>
<iter>
<kw name="Log To Console" owner="BuiltIn">
<arg>${i}</arg>
<doc>Logs the given message to the console.</doc>
<status status="PASS" start="2025-07-21T23:24:07.353293" elapsed="0.000232"/>
</kw>
<kw name="Evaluate" owner="BuiltIn">
<msg time="2025-07-21T23:24:07.354023" level="INFO">${i} = 25</msg>
<var>${i}</var>
<arg>${i}+2</arg>
<doc>Evaluates the given expression in Python and returns the result.</doc>
<status status="PASS" start="2025-07-21T23:24:07.353695" elapsed="0.000368"/>
</kw>
<status status="PASS" start="2025-07-21T23:24:07.353043" elapsed="0.001076"/>
</iter>
<iter>
<kw name="Log To Console" owner="BuiltIn">
<arg>${i}</arg>
<doc>Logs the given message to the console.</doc>
<status status="PASS" start="2025-07-21T23:24:07.354386" elapsed="0.000213"/>
</kw>
<kw name="Evaluate" owner="BuiltIn">
<msg time="2025-07-21T23:24:07.355145" level="INFO">${i} = 27</msg>
<var>${i}</var>
<arg>${i}+2</arg>
<doc>Evaluates the given expression in Python and returns the result.</doc>
<status status="PASS" start="2025-07-21T23:24:07.354814" elapsed="0.000372"/>
</kw>
<status status="PASS" start="2025-07-21T23:24:07.354150" elapsed="0.001091"/>
</iter>
<iter>
<kw name="Log To Console" owner="BuiltIn">
<arg>${i}</arg>
<doc>Logs the given message to the console.</doc>
<status status="PASS" start="2025-07-21T23:24:07.355535" elapsed="0.000238"/>
</kw>
<kw name="Evaluate" owner="BuiltIn">
<msg time="2025-07-21T23:24:07.356255" level="INFO">${i} = 29</msg>
<var>${i}</var>
<arg>${i}+2</arg>
<doc>Evaluates the given expression in Python and returns the result.</doc>
<status status="PASS" start="2025-07-21T23:24:07.355940" elapsed="0.000353"/>
</kw>
<status status="PASS" start="2025-07-21T23:24:07.355271" elapsed="0.001070"/>
</iter>
<iter>
<kw name="Log To Console" owner="BuiltIn">
<arg>${i}</arg>
<doc>Logs the given message to the console.</doc>
<status status="PASS" start="2025-07-21T23:24:07.356597" elapsed="0.000204"/>
</kw>
<kw name="Evaluate" owner="BuiltIn">
<msg time="2025-07-21T23:24:07.357240" level="INFO">${i} = 31</msg>
<var>${i}</var>
<arg>${i}+2</arg>
<doc>Evaluates the given expression in Python and returns the result.</doc>
<status status="PASS" start="2025-07-21T23:24:07.356951" elapsed="0.000325"/>
</kw>
<status status="PASS" start="2025-07-21T23:24:07.356370" elapsed="0.000953"/>
</iter>
<iter>
<kw name="Log To Console" owner="BuiltIn">
<arg>${i}</arg>
<doc>Logs the given message to the console.</doc>
<status status="PASS" start="2025-07-21T23:24:07.357586" elapsed="0.000208"/>
</kw>
<kw name="Evaluate" owner="BuiltIn">
<msg time="2025-07-21T23:24:07.358272" level="INFO">${i} = 33</msg>
<var>${i}</var>
<arg>${i}+2</arg>
<doc>Evaluates the given expression in Python and returns the result.</doc>
<status status="PASS" start="2025-07-21T23:24:07.357965" elapsed="0.000344"/>
</kw>
<status status="PASS" start="2025-07-21T23:24:07.357351" elapsed="0.001008"/>
</iter>
<iter>
<kw name="Log To Console" owner="BuiltIn">
<arg>${i}</arg>
<doc>Logs the given message to the console.</doc>
<status status="PASS" start="2025-07-21T23:24:07.358630" elapsed="0.000221"/>
</kw>
<kw name="Evaluate" owner="BuiltIn">
<msg time="2025-07-21T23:24:07.359543" level="INFO">${i} = 35</msg>
<var>${i}</var>
<arg>${i}+2</arg>
<doc>Evaluates the given expression in Python and returns the result.</doc>
<status status="PASS" start="2025-07-21T23:24:07.358993" elapsed="0.000638"/>
</kw>
<status status="PASS" start="2025-07-21T23:24:07.358388" elapsed="0.001415"/>
</iter>
<iter>
<kw name="Log To Console" owner="BuiltIn">
<arg>${i}</arg>
<doc>Logs the given message to the console.</doc>
<status status="PASS" start="2025-07-21T23:24:07.360271" elapsed="0.000428"/>
</kw>
<kw name="Evaluate" owner="BuiltIn">
<msg time="2025-07-21T23:24:07.361494" level="INFO">${i} = 37</msg>
<var>${i}</var>
<arg>${i}+2</arg>
<doc>Evaluates the given expression in Python and returns the result.</doc>
<status status="PASS" start="2025-07-21T23:24:07.360989" elapsed="0.000587"/>
</kw>
<status status="PASS" start="2025-07-21T23:24:07.359910" elapsed="0.001784"/>
</iter>
<iter>
<kw name="Log To Console" owner="BuiltIn">
<arg>${i}</arg>
<doc>Logs the given message to the console.</doc>
<status status="PASS" start="2025-07-21T23:24:07.362032" elapsed="0.000232"/>
</kw>
<kw name="Evaluate" owner="BuiltIn">
<msg time="2025-07-21T23:24:07.362797" level="INFO">${i} = 39</msg>
<var>${i}</var>
<arg>${i}+2</arg>
<doc>Evaluates the given expression in Python and returns the result.</doc>
<status status="PASS" start="2025-07-21T23:24:07.362451" elapsed="0.000384"/>
</kw>
<status status="PASS" start="2025-07-21T23:24:07.361736" elapsed="0.001152"/>
</iter>
<iter>
<kw name="Log To Console" owner="BuiltIn">
<arg>${i}</arg>
<doc>Logs the given message to the console.</doc>
<status status="PASS" start="2025-07-21T23:24:07.363281" elapsed="0.000233"/>
</kw>
<kw name="Evaluate" owner="BuiltIn">
<msg time="2025-07-21T23:24:07.364101" level="INFO">${i} = 41</msg>
<var>${i}</var>
<arg>${i}+2</arg>
<doc>Evaluates the given expression in Python and returns the result.</doc>
<status status="PASS" start="2025-07-21T23:24:07.363724" elapsed="0.000434"/>
</kw>
<status status="PASS" start="2025-07-21T23:24:07.362930" elapsed="0.001305"/>
</iter>
<iter>
<kw name="Log To Console" owner="BuiltIn">
<arg>${i}</arg>
<doc>Logs the given message to the console.</doc>
<status status="PASS" start="2025-07-21T23:24:07.364720" elapsed="0.000905"/>
</kw>
<kw name="Evaluate" owner="BuiltIn">
<msg time="2025-07-21T23:24:07.366548" level="INFO">${i} = 43</msg>
<var>${i}</var>
<arg>${i}+2</arg>
<doc>Evaluates the given expression in Python and returns the result.</doc>
<status status="PASS" start="2025-07-21T23:24:07.366011" elapsed="0.000582"/>
</kw>
<status status="PASS" start="2025-07-21T23:24:07.364281" elapsed="0.002377"/>
</iter>
<iter>
<kw name="Log To Console" owner="BuiltIn">
<arg>${i}</arg>
<doc>Logs the given message to the console.</doc>
<status status="PASS" start="2025-07-21T23:24:07.367105" elapsed="0.000328"/>
</kw>
<kw name="Evaluate" owner="BuiltIn">
<msg time="2025-07-21T23:24:07.368009" level="INFO">${i} = 45</msg>
<var>${i}</var>
<arg>${i}+2</arg>
<doc>Evaluates the given expression in Python and returns the result.</doc>
<status status="PASS" start="2025-07-21T23:24:07.367680" elapsed="0.000369"/>
</kw>
<status status="PASS" start="2025-07-21T23:24:07.366697" elapsed="0.001405"/>
</iter>
<iter>
<kw name="Log To Console" owner="BuiltIn">
<arg>${i}</arg>
<doc>Logs the given message to the console.</doc>
<status status="PASS" start="2025-07-21T23:24:07.368383" elapsed="0.000288"/>
</kw>
<kw name="Evaluate" owner="BuiltIn">
<msg time="2025-07-21T23:24:07.369220" level="INFO">${i} = 47</msg>
<var>${i}</var>
<arg>${i}+2</arg>
<doc>Evaluates the given expression in Python and returns the result.</doc>
<status status="PASS" start="2025-07-21T23:24:07.368822" elapsed="0.000442"/>
</kw>
<status status="PASS" start="2025-07-21T23:24:07.368132" elapsed="0.001184"/>
</iter>
<iter>
<kw name="Log To Console" owner="BuiltIn">
<arg>${i}</arg>
<doc>Logs the given message to the console.</doc>
<status status="PASS" start="2025-07-21T23:24:07.369599" elapsed="0.000219"/>
</kw>
<kw name="Evaluate" owner="BuiltIn">
<msg time="2025-07-21T23:24:07.370293" level="INFO">${i} = 49</msg>
<var>${i}</var>
<arg>${i}+2</arg>
<doc>Evaluates the given expression in Python and returns the result.</doc>
<status status="PASS" start="2025-07-21T23:24:07.370024" elapsed="0.000304"/>
</kw>
<status status="PASS" start="2025-07-21T23:24:07.369348" elapsed="0.001025"/>
</iter>
<iter>
<kw name="Log To Console" owner="BuiltIn">
<arg>${i}</arg>
<doc>Logs the given message to the console.</doc>
<status status="PASS" start="2025-07-21T23:24:07.370607" elapsed="0.000195"/>
</kw>
<kw name="Evaluate" owner="BuiltIn">
<msg time="2025-07-21T23:24:07.371203" level="INFO">${i} = 51</msg>
<var>${i}</var>
<arg>${i}+2</arg>
<doc>Evaluates the given expression in Python and returns the result.</doc>
<status status="PASS" start="2025-07-21T23:24:07.370922" elapsed="0.000315"/>
</kw>
<status status="PASS" start="2025-07-21T23:24:07.370400" elapsed="0.000883"/>
</iter>
<iter>
<kw name="Log To Console" owner="BuiltIn">
<arg>${i}</arg>
<doc>Logs the given message to the console.</doc>
<status status="PASS" start="2025-07-21T23:24:07.371520" elapsed="0.000189"/>
</kw>
<kw name="Evaluate" owner="BuiltIn">
<msg time="2025-07-21T23:24:07.372154" level="INFO">${i} = 53</msg>
<var>${i}</var>
<arg>${i}+2</arg>
<doc>Evaluates the given expression in Python and returns the result.</doc>
<status status="PASS" start="2025-07-21T23:24:07.371877" elapsed="0.000313"/>
</kw>
<status status="PASS" start="2025-07-21T23:24:07.371310" elapsed="0.000962"/>
</iter>
<iter>
<kw name="Log To Console" owner="BuiltIn">
<arg>${i}</arg>
<doc>Logs the given message to the console.</doc>
<status status="PASS" start="2025-07-21T23:24:07.372544" elapsed="0.000200"/>
</kw>
<kw name="Evaluate" owner="BuiltIn">
<msg time="2025-07-21T23:24:07.373134" level="INFO">${i} = 55</msg>
<var>${i}</var>
<arg>${i}+2</arg>
<doc>Evaluates the given expression in Python and returns the result.</doc>
<status status="PASS" start="2025-07-21T23:24:07.372871" elapsed="0.000297"/>
</kw>
<status status="PASS" start="2025-07-21T23:24:07.372307" elapsed="0.000907"/>
</iter>
<iter>
<kw name="Log To Console" owner="BuiltIn">
<arg>${i}</arg>
<doc>Logs the given message to the console.</doc>
<status status="PASS" start="2025-07-21T23:24:07.373450" elapsed="0.000191"/>
</kw>
<kw name="Evaluate" owner="BuiltIn">
<msg time="2025-07-21T23:24:07.374010" level="INFO">${i} = 57</msg>
<var>${i}</var>
<arg>${i}+2</arg>
<doc>Evaluates the given expression in Python and returns the result.</doc>
<status status="PASS" start="2025-07-21T23:24:07.373759" elapsed="0.000285"/>
</kw>
<status status="PASS" start="2025-07-21T23:24:07.373240" elapsed="0.000849"/>
</iter>
<iter>
<kw name="Log To Console" owner="BuiltIn">
<arg>${i}</arg>
<doc>Logs the given message to the console.</doc>
<status status="PASS" start="2025-07-21T23:24:07.374316" elapsed="0.000194"/>
</kw>
<kw name="Evaluate" owner="BuiltIn">
<msg time="2025-07-21T23:24:07.374929" level="INFO">${i} = 59</msg>
<var>${i}</var>
<arg>${i}+2</arg>
<doc>Evaluates the given expression in Python and returns the result.</doc>
<status status="PASS" start="2025-07-21T23:24:07.374665" elapsed="0.000298"/>
</kw>
<status status="PASS" start="2025-07-21T23:24:07.374115" elapsed="0.000894"/>
</iter>
<iter>
<kw name="Log To Console" owner="BuiltIn">
<arg>${i}</arg>
<doc>Logs the given message to the console.</doc>
<status status="PASS" start="2025-07-21T23:24:07.375245" elapsed="0.000202"/>
</kw>
<kw name="Evaluate" owner="BuiltIn">
<msg time="2025-07-21T23:24:07.375876" level="INFO">${i} = 61</msg>
<var>${i}</var>
<arg>${i}+2</arg>
<doc>Evaluates the given expression in Python and returns the result.</doc>
<status status="PASS" start="2025-07-21T23:24:07.375605" elapsed="0.000308"/>
</kw>
<status status="PASS" start="2025-07-21T23:24:07.375036" elapsed="0.000926"/>
</iter>
<iter>
<kw name="Log To Console" owner="BuiltIn">
<arg>${i}</arg>
<doc>Logs the given message to the console.</doc>
<status status="PASS" start="2025-07-21T23:24:07.376285" elapsed="0.000222"/>
</kw>
<kw name="Evaluate" owner="BuiltIn">
<msg time="2025-07-21T23:24:07.376891" level="INFO">${i} = 63</msg>
<var>${i}</var>
<arg>${i}+2</arg>
<doc>Evaluates the given expression in Python and returns the result.</doc>
<status status="PASS" start="2025-07-21T23:24:07.376633" elapsed="0.000293"/>
</kw>
<status status="PASS" start="2025-07-21T23:24:07.375995" elapsed="0.000976"/>
</iter>
<iter>
<kw name="Log To Console" owner="BuiltIn">
<arg>${i}</arg>
<doc>Logs the given message to the console.</doc>
<status status="PASS" start="2025-07-21T23:24:07.377206" elapsed="0.000191"/>
</kw>
<kw name="Evaluate" owner="BuiltIn">
<msg time="2025-07-21T23:24:07.377908" level="INFO">${i} = 65</msg>
<var>${i}</var>
<arg>${i}+2</arg>
<doc>Evaluates the given expression in Python and returns the result.</doc>
<status status="PASS" start="2025-07-21T23:24:07.377539" elapsed="0.000412"/>
</kw>
<status status="PASS" start="2025-07-21T23:24:07.376998" elapsed="0.001006"/>
</iter>
<iter>
<kw name="Log To Console" owner="BuiltIn">
<arg>${i}</arg>
<doc>Logs the given message to the console.</doc>
<status status="PASS" start="2025-07-21T23:24:07.378426" elapsed="0.000398"/>
</kw>
<kw name="Evaluate" owner="BuiltIn">
<msg time="2025-07-21T23:24:07.379592" level="INFO">${i} = 67</msg>
<var>${i}</var>
<arg>${i}+2</arg>
<doc>Evaluates the given expression in Python and returns the result.</doc>
<status status="PASS" start="2025-07-21T23:24:07.379053" elapsed="0.000586"/>
</kw>
<status status="PASS" start="2025-07-21T23:24:07.378035" elapsed="0.001747"/>
</iter>
<iter>
<kw name="Log To Console" owner="BuiltIn">
<arg>${i}</arg>
<doc>Logs the given message to the console.</doc>
<status status="PASS" start="2025-07-21T23:24:07.380223" elapsed="0.000297"/>
</kw>
<kw name="Evaluate" owner="BuiltIn">
<msg time="2025-07-21T23:24:07.381003" level="INFO">${i} = 69</msg>
<var>${i}</var>
<arg>${i}+2</arg>
<doc>Evaluates the given expression in Python and returns the result.</doc>
<status status="PASS" start="2025-07-21T23:24:07.380705" elapsed="0.000334"/>
</kw>
<status status="PASS" start="2025-07-21T23:24:07.379820" elapsed="0.001266"/>
</iter>
<iter>
<kw name="Log To Console" owner="BuiltIn">
<arg>${i}</arg>
<doc>Logs the given message to the console.</doc>
<status status="PASS" start="2025-07-21T23:24:07.381401" elapsed="0.000457"/>
</kw>
<kw name="Evaluate" owner="BuiltIn">
<msg time="2025-07-21T23:24:07.382723" level="INFO">${i} = 71</msg>
<var>${i}</var>
<arg>${i}+2</arg>
<doc>Evaluates the given expression in Python and returns the result.</doc>
<status status="PASS" start="2025-07-21T23:24:07.382108" elapsed="0.000697"/>
</kw>
<status status="PASS" start="2025-07-21T23:24:07.381114" elapsed="0.001756"/>
</iter>
<iter>
<kw name="Log To Console" owner="BuiltIn">
<arg>${i}</arg>
<doc>Logs the given message to the console.</doc>
<status status="PASS" start="2025-07-21T23:24:07.383337" elapsed="0.000445"/>
</kw>
<kw name="Evaluate" owner="BuiltIn">
<msg time="2025-07-21T23:24:07.384388" level="INFO">${i} = 73</msg>
<var>${i}</var>
<arg>${i}+2</arg>
<doc>Evaluates the given expression in Python and returns the result.</doc>
<status status="PASS" start="2025-07-21T23:24:07.383979" elapsed="0.000447"/>
</kw>
<status status="PASS" start="2025-07-21T23:24:07.382903" elapsed="0.001573"/>
</iter>
<iter>
<kw name="Log To Console" owner="BuiltIn">
<arg>${i}</arg>
<doc>Logs the given message to the console.</doc>
<status status="PASS" start="2025-07-21T23:24:07.385171" elapsed="0.000602"/>
</kw>
<kw name="Evaluate" owner="BuiltIn">
<msg time="2025-07-21T23:24:07.386605" level="INFO">${i} = 75</msg>
<var>${i}</var>
<arg>${i}+2</arg>
<doc>Evaluates the given expression in Python and returns the result.</doc>
<status status="PASS" start="2025-07-21T23:24:07.386080" elapsed="0.000568"/>
</kw>
<status status="PASS" start="2025-07-21T23:24:07.384505" elapsed="0.002195"/>
</iter>
<iter>
<kw name="Log To Console" owner="BuiltIn">
<arg>${i}</arg>
<doc>Logs the given message to the console.</doc>
<status status="PASS" start="2025-07-21T23:24:07.386974" elapsed="0.000211"/>
</kw>
<kw name="Evaluate" owner="BuiltIn">
<msg time="2025-07-21T23:24:07.387686" level="INFO">${i} = 77</msg>
<var>${i}</var>
<arg>${i}+2</arg>
<doc>Evaluates the given expression in Python and returns the result.</doc>
<status status="PASS" start="2025-07-21T23:24:07.387423" elapsed="0.000297"/>
</kw>
<status status="PASS" start="2025-07-21T23:24:07.386730" elapsed="0.001034"/>
</iter>
<iter>
<kw name="Log To Console" owner="BuiltIn">
<arg>${i}</arg>
<doc>Logs the given message to the console.</doc>
<status status="PASS" start="2025-07-21T23:24:07.387995" elapsed="0.000191"/>
</kw>
<kw name="Evaluate" owner="BuiltIn">
<msg time="2025-07-21T23:24:07.388542" level="INFO">${i} = 79</msg>
<var>${i}</var>
<arg>${i}+2</arg>
<doc>Evaluates the given expression in Python and returns the result.</doc>
<status status="PASS" start="2025-07-21T23:24:07.388304" elapsed="0.000271"/>
</kw>
<status status="PASS" start="2025-07-21T23:24:07.387791" elapsed="0.000829"/>
</iter>
<iter>
<kw name="Log To Console" owner="BuiltIn">
<arg>${i}</arg>
<doc>Logs the given message to the console.</doc>
<status status="PASS" start="2025-07-21T23:24:07.388849" elapsed="0.000188"/>
</kw>
<kw name="Evaluate" owner="BuiltIn">
<msg time="2025-07-21T23:24:07.389394" level="INFO">${i} = 81</msg>
<var>${i}</var>
<arg>${i}+2</arg>
<doc>Evaluates the given expression in Python and returns the result.</doc>
<status status="PASS" start="2025-07-21T23:24:07.389156" elapsed="0.000273"/>
</kw>
<status status="PASS" start="2025-07-21T23:24:07.388646" elapsed="0.000829"/>
</iter>
<iter>
<kw name="Log To Console" owner="BuiltIn">
<arg>${i}</arg>
<doc>Logs the given message to the console.</doc>
<status status="PASS" start="2025-07-21T23:24:07.389703" elapsed="0.000187"/>
</kw>
<kw name="Evaluate" owner="BuiltIn">
<msg time="2025-07-21T23:24:07.390278" level="INFO">${i} = 83</msg>
<var>${i}</var>
<arg>${i}+2</arg>
<doc>Evaluates the given expression in Python and returns the result.</doc>
<status status="PASS" start="2025-07-21T23:24:07.390024" elapsed="0.000287"/>
</kw>
<status status="PASS" start="2025-07-21T23:24:07.389500" elapsed="0.000856"/>
</iter>
<iter>
<kw name="Log To Console" owner="BuiltIn">
<arg>${i}</arg>
<doc>Logs the given message to the console.</doc>
<status status="PASS" start="2025-07-21T23:24:07.390586" elapsed="0.000189"/>
</kw>
<kw name="Evaluate" owner="BuiltIn">
<msg time="2025-07-21T23:24:07.391139" level="INFO">${i} = 85</msg>
<var>${i}</var>
<arg>${i}+2</arg>
<doc>Evaluates the given expression in Python and returns the result.</doc>
<status status="PASS" start="2025-07-21T23:24:07.390892" elapsed="0.000280"/>
</kw>
<status status="PASS" start="2025-07-21T23:24:07.390383" elapsed="0.000834"/>
</iter>
<iter>
<kw name="Log To Console" owner="BuiltIn">
<arg>${i}</arg>
<doc>Logs the given message to the console.</doc>
<status status="PASS" start="2025-07-21T23:24:07.391501" elapsed="0.000195"/>
</kw>
<kw name="Evaluate" owner="BuiltIn">
<msg time="2025-07-21T23:24:07.392058" level="INFO">${i} = 87</msg>
<var>${i}</var>
<arg>${i}+2</arg>
<doc>Evaluates the given expression in Python and returns the result.</doc>
<status status="PASS" start="2025-07-21T23:24:07.391815" elapsed="0.000282"/>
</kw>
<status status="PASS" start="2025-07-21T23:24:07.391244" elapsed="0.000898"/>
</iter>
<iter>
<kw name="Log To Console" owner="BuiltIn">
<arg>${i}</arg>
<doc>Logs the given message to the console.</doc>
<status status="PASS" start="2025-07-21T23:24:07.392377" elapsed="0.000187"/>
</kw>
<kw name="Evaluate" owner="BuiltIn">
<msg time="2025-07-21T23:24:07.392975" level="INFO">${i} = 89</msg>
<var>${i}</var>
<arg>${i}+2</arg>
<doc>Evaluates the given expression in Python and returns the result.</doc>
<status status="PASS" start="2025-07-21T23:24:07.392679" elapsed="0.000333"/>
</kw>
<status status="PASS" start="2025-07-21T23:24:07.392169" elapsed="0.000890"/>
</iter>
<iter>
<kw name="Log To Console" owner="BuiltIn">
<arg>${i}</arg>
<doc>Logs the given message to the console.</doc>
<status status="PASS" start="2025-07-21T23:24:07.393296" elapsed="0.000195"/>
</kw>
<kw name="Evaluate" owner="BuiltIn">
<msg time="2025-07-21T23:24:07.393846" level="INFO">${i} = 91</msg>
<var>${i}</var>
<arg>${i}+2</arg>
<doc>Evaluates the given expression in Python and returns the result.</doc>
<status status="PASS" start="2025-07-21T23:24:07.393609" elapsed="0.000270"/>
</kw>
<status status="PASS" start="2025-07-21T23:24:07.393087" elapsed="0.000838"/>
</iter>
<iter>
<kw name="Log To Console" owner="BuiltIn">
<arg>${i}</arg>
<doc>Logs the given message to the console.</doc>
<status status="PASS" start="2025-07-21T23:24:07.394153" elapsed="0.000186"/>
</kw>
<kw name="Evaluate" owner="BuiltIn">
<msg time="2025-07-21T23:24:07.394696" level="INFO">${i} = 93</msg>
<var>${i}</var>
<arg>${i}+2</arg>
<doc>Evaluates the given expression in Python and returns the result.</doc>
<status status="PASS" start="2025-07-21T23:24:07.394455" elapsed="0.000275"/>
</kw>
<status status="PASS" start="2025-07-21T23:24:07.393951" elapsed="0.000823"/>
</iter>
<iter>
<kw name="Log To Console" owner="BuiltIn">
<arg>${i}</arg>
<doc>Logs the given message to the console.</doc>
<status status="PASS" start="2025-07-21T23:24:07.395002" elapsed="0.000185"/>
</kw>
<kw name="Evaluate" owner="BuiltIn">
<msg time="2025-07-21T23:24:07.395555" level="INFO">${i} = 95</msg>
<var>${i}</var>
<arg>${i}+2</arg>
<doc>Evaluates the given expression in Python and returns the result.</doc>
<status status="PASS" start="2025-07-21T23:24:07.395308" elapsed="0.000280"/>
</kw>
<status status="PASS" start="2025-07-21T23:24:07.394800" elapsed="0.000832"/>
</iter>
<iter>
<kw name="Log To Console" owner="BuiltIn">
<arg>${i}</arg>
<doc>Logs the given message to the console.</doc>
<status status="PASS" start="2025-07-21T23:24:07.395867" elapsed="0.000188"/>
</kw>
<kw name="Evaluate" owner="BuiltIn">
<msg time="2025-07-21T23:24:07.396411" level="INFO">${i} = 97</msg>
<var>${i}</var>
<arg>${i}+2</arg>
<doc>Evaluates the given expression in Python and returns the result.</doc>
<status status="PASS" start="2025-07-21T23:24:07.396171" elapsed="0.000274"/>
</kw>
<status status="PASS" start="2025-07-21T23:24:07.395658" elapsed="0.000849"/>
</iter>
<iter>
<kw name="Log To Console" owner="BuiltIn">
<arg>${i}</arg>
<doc>Logs the given message to the console.</doc>
<status status="PASS" start="2025-07-21T23:24:07.396741" elapsed="0.000189"/>
</kw>
<kw name="Evaluate" owner="BuiltIn">
<msg time="2025-07-21T23:24:07.397292" level="INFO">${i} = 99</msg>
<var>${i}</var>
<arg>${i}+2</arg>
<doc>Evaluates the given expression in Python and returns the result.</doc>
<status status="PASS" start="2025-07-21T23:24:07.397046" elapsed="0.000280"/>
</kw>
<status status="PASS" start="2025-07-21T23:24:07.396533" elapsed="0.000836"/>
</iter>
<iter>
<kw name="Log To Console" owner="BuiltIn">
<arg>${i}</arg>
<doc>Logs the given message to the console.</doc>
<status status="PASS" start="2025-07-21T23:24:07.397596" elapsed="0.000190"/>
</kw>
<kw name="Evaluate" owner="BuiltIn">
<msg time="2025-07-21T23:24:07.398142" level="INFO">${i} = 101</msg>
<var>${i}</var>
<arg>${i}+2</arg>
<doc>Evaluates the given expression in Python and returns the result.</doc>
<status status="PASS" start="2025-07-21T23:24:07.397908" elapsed="0.000267"/>
</kw>
<status status="PASS" start="2025-07-21T23:24:07.397395" elapsed="0.000825"/>
</iter>
<status status="PASS" start="2025-07-21T23:24:07.340498" elapsed="0.057856"/>
</while>
<status status="PASS" start="2025-07-21T23:24:07.339657" elapsed="0.058869"/>
</test>
<test id="s1-t6" name="For Loop Even Numbers" line="47">
<for flavor="IN RANGE">
<iter>
<kw name="Log To Console" owner="BuiltIn">
<arg>${element}</arg>
<doc>Logs the given message to the console.</doc>
<status status="PASS" start="2025-07-21T23:24:07.399562" elapsed="0.000216"/>
</kw>
<var name="${element}">2</var>
<status status="PASS" start="2025-07-21T23:24:07.399440" elapsed="0.000385"/>
</iter>
<iter>
<kw name="Log To Console" owner="BuiltIn">
<arg>${element}</arg>
<doc>Logs the given message to the console.</doc>
<status status="PASS" start="2025-07-21T23:24:07.400024" elapsed="0.000195"/>
</kw>
<var name="${element}">4</var>
<status status="PASS" start="2025-07-21T23:24:07.399927" elapsed="0.000398"/>
</iter>
<iter>
<kw name="Log To Console" owner="BuiltIn">
<arg>${element}</arg>
<doc>Logs the given message to the console.</doc>
<status status="PASS" start="2025-07-21T23:24:07.400533" elapsed="0.000199"/>
</kw>
<var name="${element}">6</var>
<status status="PASS" start="2025-07-21T23:24:07.400441" elapsed="0.000419"/>
</iter>
<iter>
<kw name="Log To Console" owner="BuiltIn">
<arg>${element}</arg>
<doc>Logs the given message to the console.</doc>
<status status="PASS" start="2025-07-21T23:24:07.401126" elapsed="0.000355"/>
</kw>
<var name="${element}">8</var>
<status status="PASS" start="2025-07-21T23:24:07.401020" elapsed="0.000561"/>
</iter>
<iter>
<kw name="Log To Console" owner="BuiltIn">
<arg>${element}</arg>
<doc>Logs the given message to the console.</doc>
<status status="PASS" start="2025-07-21T23:24:07.401940" elapsed="0.000362"/>
</kw>
<var name="${element}">10</var>
<status status="PASS" start="2025-07-21T23:24:07.401748" elapsed="0.000629"/>
</iter>
<iter>
<kw name="Log To Console" owner="BuiltIn">
<arg>${element}</arg>
<doc>Logs the given message to the console.</doc>
<status status="PASS" start="2025-07-21T23:24:07.402828" elapsed="0.000321"/>
</kw>
<var name="${element}">12</var>
<status status="PASS" start="2025-07-21T23:24:07.402577" elapsed="0.000647"/>
</iter>
<iter>
<kw name="Log To Console" owner="BuiltIn">
<arg>${element}</arg>
<doc>Logs the given message to the console.</doc>
<status status="PASS" start="2025-07-21T23:24:07.403542" elapsed="0.000381"/>
</kw>
<var name="${element}">14</var>
<status status="PASS" start="2025-07-21T23:24:07.403386" elapsed="0.000691"/>
</iter>
<iter>
<kw name="Log To Console" owner="BuiltIn">
<arg>${element}</arg>
<doc>Logs the given message to the console.</doc>
<status status="PASS" start="2025-07-21T23:24:07.404575" elapsed="0.000408"/>
</kw>
<var name="${element}">16</var>
<status status="PASS" start="2025-07-21T23:24:07.404292" elapsed="0.000779"/>
</iter>
<iter>
<kw name="Log To Console" owner="BuiltIn">
<arg>${element}</arg>
<doc>Logs the given message to the console.</doc>
<status status="PASS" start="2025-07-21T23:24:07.405565" elapsed="0.000329"/>
</kw>
<var name="${element}">18</var>
<status status="PASS" start="2025-07-21T23:24:07.405381" elapsed="0.000603"/>
</iter>
<iter>
<kw name="Log To Console" owner="BuiltIn">
<arg>${element}</arg>
<doc>Logs the given message to the console.</doc>
<status status="PASS" start="2025-07-21T23:24:07.406283" elapsed="0.000224"/>
</kw>
<var name="${element}">20</var>
<status status="PASS" start="2025-07-21T23:24:07.406165" elapsed="0.000390"/>
</iter>
<iter>
<kw name="Log To Console" owner="BuiltIn">
<arg>${element}</arg>
<doc>Logs the given message to the console.</doc>
<status status="PASS" start="2025-07-21T23:24:07.406912" elapsed="0.000236"/>
</kw>
<var name="${element}">22</var>
<status status="PASS" start="2025-07-21T23:24:07.406799" elapsed="0.000413"/>
</iter>
<iter>
<kw name="Log To Console" owner="BuiltIn">
<arg>${element}</arg>
<doc>Logs the given message to the console.</doc>
<status status="PASS" start="2025-07-21T23:24:07.407613" elapsed="0.000242"/>
</kw>
<var name="${element}">24</var>
<status status="PASS" start="2025-07-21T23:24:07.407465" elapsed="0.000459"/>
</iter>
<iter>
<kw name="Log To Console" owner="BuiltIn">
<arg>${element}</arg>
<doc>Logs the given message to the console.</doc>
<status status="PASS" start="2025-07-21T23:24:07.408222" elapsed="0.000302"/>
</kw>
<var name="${element}">26</var>
<status status="PASS" start="2025-07-21T23:24:07.408080" elapsed="0.000512"/>
</iter>
<iter>
<kw name="Log To Console" owner="BuiltIn">
<arg>${element}</arg>
<doc>Logs the given message to the console.</doc>
<status status="PASS" start="2025-07-21T23:24:07.408910" elapsed="0.000301"/>
</kw>
<var name="${element}">28</var>
<status status="PASS" start="2025-07-21T23:24:07.408768" elapsed="0.000492"/>
</iter>
<iter>
<kw name="Log To Console" owner="BuiltIn">
<arg>${element}</arg>
<doc>Logs the given message to the console.</doc>
<status status="PASS" start="2025-07-21T23:24:07.409591" elapsed="0.000334"/>
</kw>
<var name="${element}">30</var>
<status status="PASS" start="2025-07-21T23:24:07.409414" elapsed="0.000583"/>
</iter>
<iter>
<kw name="Log To Console" owner="BuiltIn">
<arg>${element}</arg>
<doc>Logs the given message to the console.</doc>
<status status="PASS" start="2025-07-21T23:24:07.410263" elapsed="0.000212"/>
</kw>
<var name="${element}">32</var>
<status status="PASS" start="2025-07-21T23:24:07.410153" elapsed="0.000367"/>
</iter>
<iter>
<kw name="Log To Console" owner="BuiltIn">
<arg>${element}</arg>
<doc>Logs the given message to the console.</doc>
<status status="PASS" start="2025-07-21T23:24:07.410872" elapsed="0.000329"/>
</kw>
<var name="${element}">34</var>
<status status="PASS" start="2025-07-21T23:24:07.410679" elapsed="0.000574"/>
</iter>
<iter>
<kw name="Log To Console" owner="BuiltIn">
<arg>${element}</arg>
<doc>Logs the given message to the console.</doc>
<status status="PASS" start="2025-07-21T23:24:07.411769" elapsed="0.000246"/>
</kw>
<var name="${element}">36</var>
<status status="PASS" start="2025-07-21T23:24:07.411491" elapsed="0.000575"/>
</iter>
<iter>
<kw name="Log To Console" owner="BuiltIn">
<arg>${element}</arg>
<doc>Logs the given message to the console.</doc>
<status status="PASS" start="2025-07-21T23:24:07.412391" elapsed="0.000240"/>
</kw>
<var name="${element}">38</var>
<status status="PASS" start="2025-07-21T23:24:07.412287" elapsed="0.000435"/>
</iter>
<iter>
<kw name="Log To Console" owner="BuiltIn">
<arg>${element}</arg>
<doc>Logs the given message to the console.</doc>
<status status="PASS" start="2025-07-21T23:24:07.413061" elapsed="0.000377"/>
</kw>
<var name="${element}">40</var>
<status status="PASS" start="2025-07-21T23:24:07.412920" elapsed="0.000581"/>
</iter>
<iter>
<kw name="Log To Console" owner="BuiltIn">
<arg>${element}</arg>
<doc>Logs the given message to the console.</doc>
<status status="PASS" start="2025-07-21T23:24:07.413774" elapsed="0.000278"/>
</kw>
<var name="${element}">42</var>
<status status="PASS" start="2025-07-21T23:24:07.413659" elapsed="0.000496"/>
</iter>
<iter>
<kw name="Log To Console" owner="BuiltIn">
<arg>${element}</arg>
<doc>Logs the given message to the console.</doc>
<status status="PASS" start="2025-07-21T23:24:07.414409" elapsed="0.000367"/>
</kw>
<var name="${element}">44</var>
<status status="PASS" start="2025-07-21T23:24:07.414299" elapsed="0.000604"/>
</iter>
<iter>
<kw name="Log To Console" owner="BuiltIn">
<arg>${element}</arg>
<doc>Logs the given message to the console.</doc>
<status status="PASS" start="2025-07-21T23:24:07.415252" elapsed="0.000514"/>
</kw>
<var name="${element}">46</var>
<status status="PASS" start="2025-07-21T23:24:07.415070" elapsed="0.000923"/>
</iter>
<iter>
<kw name="Log To Console" owner="BuiltIn">
<arg>${element}</arg>
<doc>Logs the given message to the console.</doc>
<status status="PASS" start="2025-07-21T23:24:07.416429" elapsed="0.000456"/>
</kw>
<var name="${element}">48</var>
<status status="PASS" start="2025-07-21T23:24:07.416176" elapsed="0.000771"/>
</iter>
<iter>
<kw name="Log To Console" owner="BuiltIn">
<arg>${element}</arg>
<doc>Logs the given message to the console.</doc>
<status status="PASS" start="2025-07-21T23:24:07.417179" elapsed="0.000211"/>
</kw>
<var name="${element}">50</var>
<status status="PASS" start="2025-07-21T23:24:07.417074" elapsed="0.000362"/>
</iter>
<iter>
<kw name="Log To Console" owner="BuiltIn">
<arg>${element}</arg>
<doc>Logs the given message to the console.</doc>
<status status="PASS" start="2025-07-21T23:24:07.417641" elapsed="0.000200"/>
</kw>
<var name="${element}">52</var>
<status status="PASS" start="2025-07-21T23:24:07.417543" elapsed="0.000349"/>
</iter>
<iter>
<kw name="Log To Console" owner="BuiltIn">
<arg>${element}</arg>
<doc>Logs the given message to the console.</doc>
<status status="PASS" start="2025-07-21T23:24:07.418090" elapsed="0.000227"/>
</kw>
<var name="${element}">54</var>
<status status="PASS" start="2025-07-21T23:24:07.417997" elapsed="0.000370"/>
</iter>
<iter>
<kw name="Log To Console" owner="BuiltIn">
<arg>${element}</arg>
<doc>Logs the given message to the console.</doc>
<status status="PASS" start="2025-07-21T23:24:07.418682" elapsed="0.000321"/>
</kw>
<var name="${element}">56</var>
<status status="PASS" start="2025-07-21T23:24:07.418567" elapsed="0.000526"/>
</iter>
<iter>
<kw name="Log To Console" owner="BuiltIn">
<arg>${element}</arg>
<doc>Logs the given message to the console.</doc>
<status status="PASS" start="2025-07-21T23:24:07.419406" elapsed="0.000318"/>
</kw>
<var name="${element}">58</var>
<status status="PASS" start="2025-07-21T23:24:07.419268" elapsed="0.000538"/>
</iter>
<iter>
<kw name="Log To Console" owner="BuiltIn">
<arg>${element}</arg>
<doc>Logs the given message to the console.</doc>
<status status="PASS" start="2025-07-21T23:24:07.420040" elapsed="0.000219"/>
</kw>
<var name="${element}">60</var>
<status status="PASS" start="2025-07-21T23:24:07.419936" elapsed="0.000375"/>
</iter>
<iter>
<kw name="Log To Console" owner="BuiltIn">
<arg>${element}</arg>
<doc>Logs the given message to the console.</doc>
<status status="PASS" start="2025-07-21T23:24:07.420523" elapsed="0.000215"/>
</kw>
<var name="${element}">62</var>
<status status="PASS" start="2025-07-21T23:24:07.420428" elapsed="0.000373"/>
</iter>
<iter>
<kw name="Log To Console" owner="BuiltIn">
<arg>${element}</arg>
<doc>Logs the given message to the console.</doc>
<status status="PASS" start="2025-07-21T23:24:07.421293" elapsed="0.000363"/>
</kw>
<var name="${element}">64</var>
<status status="PASS" start="2025-07-21T23:24:07.421049" elapsed="0.000673"/>
</iter>
<iter>
<kw name="Log To Console" owner="BuiltIn">
<arg>${element}</arg>
<doc>Logs the given message to the console.</doc>
<status status="PASS" start="2025-07-21T23:24:07.421974" elapsed="0.000221"/>
</kw>
<var name="${element}">66</var>
<status status="PASS" start="2025-07-21T23:24:07.421857" elapsed="0.000383"/>
</iter>
<iter>
<kw name="Log To Console" owner="BuiltIn">
<arg>${element}</arg>
<doc>Logs the given message to the console.</doc>
<status status="PASS" start="2025-07-21T23:24:07.422447" elapsed="0.000196"/>
</kw>
<var name="${element}">68</var>
<status status="PASS" start="2025-07-21T23:24:07.422352" elapsed="0.000335"/>
</iter>
<iter>
<kw name="Log To Console" owner="BuiltIn">
<arg>${element}</arg>
<doc>Logs the given message to the console.</doc>
<status status="PASS" start="2025-07-21T23:24:07.422882" elapsed="0.000189"/>
</kw>
<var name="${element}">70</var>
<status status="PASS" start="2025-07-21T23:24:07.422790" elapsed="0.000325"/>
</iter>
<iter>
<kw name="Log To Console" owner="BuiltIn">
<arg>${element}</arg>
<doc>Logs the given message to the console.</doc>
<status status="PASS" start="2025-07-21T23:24:07.423309" elapsed="0.000187"/>
</kw>
<var name="${element}">72</var>
<status status="PASS" start="2025-07-21T23:24:07.423219" elapsed="0.000320"/>
</iter>
<iter>
<kw name="Log To Console" owner="BuiltIn">
<arg>${element}</arg>
<doc>Logs the given message to the console.</doc>
<status status="PASS" start="2025-07-21T23:24:07.423748" elapsed="0.000193"/>
</kw>
<var name="${element}">74</var>
<status status="PASS" start="2025-07-21T23:24:07.423656" elapsed="0.000330"/>
</iter>
<iter>
<kw name="Log To Console" owner="BuiltIn">
<arg>${element}</arg>
<doc>Logs the given message to the console.</doc>
<status status="PASS" start="2025-07-21T23:24:07.424223" elapsed="0.000230"/>
</kw>
<var name="${element}">76</var>
<status status="PASS" start="2025-07-21T23:24:07.424124" elapsed="0.000476"/>
</iter>
<iter>
<kw name="Log To Console" owner="BuiltIn">
<arg>${element}</arg>
<doc>Logs the given message to the console.</doc>
<status status="PASS" start="2025-07-21T23:24:07.424887" elapsed="0.000230"/>
</kw>
<var name="${element}">78</var>
<status status="PASS" start="2025-07-21T23:24:07.424774" elapsed="0.000391"/>
</iter>
<iter>
<kw name="Log To Console" owner="BuiltIn">
<arg>${element}</arg>
<doc>Logs the given message to the console.</doc>
<status status="PASS" start="2025-07-21T23:24:07.425391" elapsed="0.000214"/>
</kw>
<var name="${element}">80</var>
<status status="PASS" start="2025-07-21T23:24:07.425284" elapsed="0.000414"/>
</iter>
<iter>
<kw name="Log To Console" owner="BuiltIn">
<arg>${element}</arg>
<doc>Logs the given message to the console.</doc>
<status status="PASS" start="2025-07-21T23:24:07.426035" elapsed="0.000356"/>
</kw>
<var name="${element}">82</var>
<status status="PASS" start="2025-07-21T23:24:07.425890" elapsed="0.000589"/>
</iter>
<iter>
<kw name="Log To Console" owner="BuiltIn">
<arg>${element}</arg>
<doc>Logs the given message to the console.</doc>
<status status="PASS" start="2025-07-21T23:24:07.426822" elapsed="0.000262"/>
</kw>
<var name="${element}">84</var>
<status status="PASS" start="2025-07-21T23:24:07.426676" elapsed="0.000457"/>
</iter>
<iter>
<kw name="Log To Console" owner="BuiltIn">
<arg>${element}</arg>
<doc>Logs the given message to the console.</doc>
<status status="PASS" start="2025-07-21T23:24:07.427354" elapsed="0.000346"/>
</kw>
<var name="${element}">86</var>
<status status="PASS" start="2025-07-21T23:24:07.427242" elapsed="0.000541"/>
</iter>
<iter>
<kw name="Log To Console" owner="BuiltIn">
<arg>${element}</arg>
<doc>Logs the given message to the console.</doc>
<status status="PASS" start="2025-07-21T23:24:07.428236" elapsed="0.000444"/>
</kw>
<var name="${element}">88</var>
<status status="PASS" start="2025-07-21T23:24:07.428039" elapsed="0.000781"/>
</iter>
<iter>
<kw name="Log To Console" owner="BuiltIn">
<arg>${element}</arg>
<doc>Logs the given message to the console.</doc>
<status status="PASS" start="2025-07-21T23:24:07.429213" elapsed="0.000239"/>
</kw>
<var name="${element}">90</var>
<status status="PASS" start="2025-07-21T23:24:07.429066" elapsed="0.000433"/>
</iter>
<iter>
<kw name="Log To Console" owner="BuiltIn">
<arg>${element}</arg>
<doc>Logs the given message to the console.</doc>
<status status="PASS" start="2025-07-21T23:24:07.429707" elapsed="0.000241"/>
</kw>
<var name="${element}">92</var>
<status status="PASS" start="2025-07-21T23:24:07.429606" elapsed="0.000395"/>
</iter>
<iter>
<kw name="Log To Console" owner="BuiltIn">
[...]
</kw>
<var name="${element}">23</var>
<status status="PASS" start="2025-07-21T23:24:07.440384" elapsed="0.000339"/>
</iter>
<iter>
<kw name="Log To Console" owner="BuiltIn">
<arg>${element}</arg>
<doc>Logs the given message to the console.</doc>
<status status="PASS" start="2025-07-21T23:24:07.440929" elapsed="0.000211"/>
</kw>
<var name="${element}">25</var>
<status status="PASS" start="2025-07-21T23:24:07.440836" elapsed="0.000397"/>
</iter>
<iter>
<kw name="Log To Console" owner="BuiltIn">
<arg>${element}</arg>
<doc>Logs the given message to the console.</doc>
<status status="PASS" start="2025-07-21T23:24:07.441493" elapsed="0.000215"/>
</kw>
<var name="${element}">27</var>
<status status="PASS" start="2025-07-21T23:24:07.441390" elapsed="0.000363"/>
</iter>
<iter>
<kw name="Log To Console" owner="BuiltIn">
<arg>${element}</arg>
<doc>Logs the given message to the console.</doc>
<status status="PASS" start="2025-07-21T23:24:07.441948" elapsed="0.000191"/>
</kw>
<var name="${element}">29</var>
<status status="PASS" start="2025-07-21T23:24:07.441856" elapsed="0.000326"/>
</iter>
<iter>
<kw name="Log To Console" owner="BuiltIn">
<arg>${element}</arg>
<doc>Logs the given message to the console.</doc>
<status status="PASS" start="2025-07-21T23:24:07.442381" elapsed="0.000193"/>
</kw>
<var name="${element}">31</var>
<status status="PASS" start="2025-07-21T23:24:07.442284" elapsed="0.000333"/>
</iter>
<iter>
<kw name="Log To Console" owner="BuiltIn">
<arg>${element}</arg>
<doc>Logs the given message to the console.</doc>
<status status="PASS" start="2025-07-21T23:24:07.442821" elapsed="0.000193"/>
</kw>
<var name="${element}">33</var>
<status status="PASS" start="2025-07-21T23:24:07.442717" elapsed="0.000340"/>
</iter>
<iter>
<kw name="Log To Console" owner="BuiltIn">
<arg>${element}</arg>
<doc>Logs the given message to the console.</doc>
<status status="PASS" start="2025-07-21T23:24:07.443404" elapsed="0.000235"/>
</kw>
<var name="${element}">35</var>
<status status="PASS" start="2025-07-21T23:24:07.443281" elapsed="0.000411"/>
</iter>
<iter>
<kw name="Log To Console" owner="BuiltIn">
<arg>${element}</arg>
<doc>Logs the given message to the console.</doc>
<status status="PASS" start="2025-07-21T23:24:07.443942" elapsed="0.000216"/>
</kw>
<var name="${element}">37</var>
<status status="PASS" start="2025-07-21T23:24:07.443831" elapsed="0.000374"/>
</iter>
<iter>
<kw name="Log To Console" owner="BuiltIn">
<arg>${element}</arg>
<doc>Logs the given message to the console.</doc>
<status status="PASS" start="2025-07-21T23:24:07.444407" elapsed="0.000193"/>
</kw>
<var name="${element}">39</var>
<status status="PASS" start="2025-07-21T23:24:07.444308" elapsed="0.000336"/>
</iter>
<iter>
<kw name="Log To Console" owner="BuiltIn">
<arg>${element}</arg>
<doc>Logs the given message to the console.</doc>
<status status="PASS" start="2025-07-21T23:24:07.444859" elapsed="0.000194"/>
</kw>
<var name="${element}">41</var>
<status status="PASS" start="2025-07-21T23:24:07.444751" elapsed="0.000346"/>
</iter>
<iter>
<kw name="Log To Console" owner="BuiltIn">
<arg>${element}</arg>
<doc>Logs the given message to the console.</doc>
<status status="PASS" start="2025-07-21T23:24:07.445354" elapsed="0.000244"/>
</kw>
<var name="${element}">43</var>
<status status="PASS" start="2025-07-21T23:24:07.445221" elapsed="0.000440"/>
</iter>
<iter>
<kw name="Log To Console" owner="BuiltIn">
<arg>${element}</arg>
<doc>Logs the given message to the console.</doc>
<status status="PASS" start="2025-07-21T23:24:07.445991" elapsed="0.000428"/>
</kw>
<var name="${element}">45</var>
<status status="PASS" start="2025-07-21T23:24:07.445799" elapsed="0.000671"/>
</iter>
<iter>
<kw name="Log To Console" owner="BuiltIn">
<arg>${element}</arg>
<doc>Logs the given message to the console.</doc>
<status status="PASS" start="2025-07-21T23:24:07.446692" elapsed="0.000202"/>
</kw>
<var name="${element}">47</var>
<status status="PASS" start="2025-07-21T23:24:07.446587" elapsed="0.000352"/>
</iter>
<iter>
<kw name="Log To Console" owner="BuiltIn">
<arg>${element}</arg>
<doc>Logs the given message to the console.</doc>
<status status="PASS" start="2025-07-21T23:24:07.447147" elapsed="0.000207"/>
</kw>
<var name="${element}">49</var>
<status status="PASS" start="2025-07-21T23:24:07.447051" elapsed="0.000351"/>
</iter>
<iter>
<kw name="Log To Console" owner="BuiltIn">
<arg>${element}</arg>
<doc>Logs the given message to the console.</doc>
<status status="PASS" start="2025-07-21T23:24:07.447626" elapsed="0.000339"/>
</kw>
<var name="${element}">51</var>
<status status="PASS" start="2025-07-21T23:24:07.447522" elapsed="0.000552"/>
</iter>
<iter>
<kw name="Log To Console" owner="BuiltIn">
<arg>${element}</arg>
<doc>Logs the given message to the console.</doc>
<status status="PASS" start="2025-07-21T23:24:07.448533" elapsed="0.000534"/>
</kw>
<var name="${element}">53</var>
<status status="PASS" start="2025-07-21T23:24:07.448351" elapsed="0.000998"/>
</iter>
<iter>
<kw name="Log To Console" owner="BuiltIn">
<arg>${element}</arg>
<doc>Logs the given message to the console.</doc>
<status status="PASS" start="2025-07-21T23:24:07.449743" elapsed="0.000347"/>
</kw>
<var name="${element}">55</var>
<status status="PASS" start="2025-07-21T23:24:07.449572" elapsed="0.000572"/>
</iter>
<iter>
<kw name="Log To Console" owner="BuiltIn">
<arg>${element}</arg>
<doc>Logs the given message to the console.</doc>
<status status="PASS" start="2025-07-21T23:24:07.450446" elapsed="0.000230"/>
</kw>
<var name="${element}">57</var>
<status status="PASS" start="2025-07-21T23:24:07.450329" elapsed="0.000419"/>
</iter>
<iter>
<kw name="Log To Console" owner="BuiltIn">
<arg>${element}</arg>
<doc>Logs the given message to the console.</doc>
<status status="PASS" start="2025-07-21T23:24:07.451053" elapsed="0.000206"/>
</kw>
<var name="${element}">59</var>
<status status="PASS" start="2025-07-21T23:24:07.450947" elapsed="0.000358"/>
</iter>
<iter>
<kw name="Log To Console" owner="BuiltIn">
<arg>${element}</arg>
<doc>Logs the given message to the console.</doc>
<status status="PASS" start="2025-07-21T23:24:07.451519" elapsed="0.000205"/>
</kw>
<var name="${element}">61</var>
<status status="PASS" start="2025-07-21T23:24:07.451415" elapsed="0.000357"/>
</iter>
<iter>
<kw name="Log To Console" owner="BuiltIn">
<arg>${element}</arg>
<doc>Logs the given message to the console.</doc>
<status status="PASS" start="2025-07-21T23:24:07.451984" elapsed="0.000319"/>
</kw>
<var name="${element}">63</var>
<status status="PASS" start="2025-07-21T23:24:07.451881" elapsed="0.000507"/>
</iter>
<iter>
<kw name="Log To Console" owner="BuiltIn">
<arg>${element}</arg>
<doc>Logs the given message to the console.</doc>
<status status="PASS" start="2025-07-21T23:24:07.452676" elapsed="0.000230"/>
</kw>
<var name="${element}">65</var>
<status status="PASS" start="2025-07-21T23:24:07.452557" elapsed="0.000399"/>
</iter>
<iter>
<kw name="Log To Console" owner="BuiltIn">
<arg>${element}</arg>
<doc>Logs the given message to the console.</doc>
<status status="PASS" start="2025-07-21T23:24:07.453189" elapsed="0.000203"/>
</kw>
<var name="${element}">67</var>
<status status="PASS" start="2025-07-21T23:24:07.453091" elapsed="0.000347"/>
</iter>
<iter>
<kw name="Log To Console" owner="BuiltIn">
<arg>${element}</arg>
<doc>Logs the given message to the console.</doc>
<status status="PASS" start="2025-07-21T23:24:07.453697" elapsed="0.000204"/>
</kw>
<var name="${element}">69</var>
<status status="PASS" start="2025-07-21T23:24:07.453572" elapsed="0.000376"/>
</iter>
<iter>
<kw name="Log To Console" owner="BuiltIn">
<arg>${element}</arg>
<doc>Logs the given message to the console.</doc>
<status status="PASS" start="2025-07-21T23:24:07.454171" elapsed="0.000200"/>
</kw>
<var name="${element}">71</var>
<status status="PASS" start="2025-07-21T23:24:07.454065" elapsed="0.000352"/>
</iter>
<iter>
<kw name="Log To Console" owner="BuiltIn">
<arg>${element}</arg>
<doc>Logs the given message to the console.</doc>
<status status="PASS" start="2025-07-21T23:24:07.454616" elapsed="0.000197"/>
</kw>
<var name="${element}">73</var>
<status status="PASS" start="2025-07-21T23:24:07.454524" elapsed="0.000334"/>
</iter>
<iter>
<kw name="Log To Console" owner="BuiltIn">
<arg>${element}</arg>
<doc>Logs the given message to the console.</doc>
<status status="PASS" start="2025-07-21T23:24:07.455229" elapsed="0.000477"/>
</kw>
<var name="${element}">75</var>
<status status="PASS" start="2025-07-21T23:24:07.455097" elapsed="0.000700"/>
</iter>
<iter>
<kw name="Log To Console" owner="BuiltIn">
<arg>${element}</arg>
<doc>Logs the given message to the console.</doc>
<status status="PASS" start="2025-07-21T23:24:07.456290" elapsed="0.000465"/>
</kw>
<var name="${element}">77</var>
<status status="PASS" start="2025-07-21T23:24:07.456075" elapsed="0.000767"/>
</iter>
<iter>
<kw name="Log To Console" owner="BuiltIn">
<arg>${element}</arg>
<doc>Logs the given message to the console.</doc>
<status status="PASS" start="2025-07-21T23:24:07.457152" elapsed="0.000231"/>
</kw>
<var name="${element}">79</var>
<status status="PASS" start="2025-07-21T23:24:07.457028" elapsed="0.000401"/>
</iter>
<iter>
<kw name="Log To Console" owner="BuiltIn">
<arg>${element}</arg>
<doc>Logs the given message to the console.</doc>
<status status="PASS" start="2025-07-21T23:24:07.457681" elapsed="0.000259"/>
</kw>
<var name="${element}">81</var>
<status status="PASS" start="2025-07-21T23:24:07.457550" elapsed="0.000465"/>
</iter>
<iter>
<kw name="Log To Console" owner="BuiltIn">
<arg>${element}</arg>
<doc>Logs the given message to the console.</doc>
<status status="PASS" start="2025-07-21T23:24:07.458294" elapsed="0.000219"/>
</kw>
<var name="${element}">83</var>
<status status="PASS" start="2025-07-21T23:24:07.458185" elapsed="0.000375"/>
</iter>
<iter>
<kw name="Log To Console" owner="BuiltIn">
<arg>${element}</arg>
<doc>Logs the given message to the console.</doc>
<status status="PASS" start="2025-07-21T23:24:07.458799" elapsed="0.000266"/>
</kw>
<var name="${element}">85</var>
<status status="PASS" start="2025-07-21T23:24:07.458666" elapsed="0.000460"/>
</iter>
<iter>
<kw name="Log To Console" owner="BuiltIn">
<arg>${element}</arg>
<doc>Logs the given message to the console.</doc>
<status status="PASS" start="2025-07-21T23:24:07.459391" elapsed="0.000300"/>
</kw>
<var name="${element}">87</var>
<status status="PASS" start="2025-07-21T23:24:07.459267" elapsed="0.000494"/>
</iter>
<iter>
<kw name="Log To Console" owner="BuiltIn">
<arg>${element}</arg>
<doc>Logs the given message to the console.</doc>
<status status="PASS" start="2025-07-21T23:24:07.460089" elapsed="0.000296"/>
</kw>
<var name="${element}">89</var>
<status status="PASS" start="2025-07-21T23:24:07.459959" elapsed="0.000494"/>
</iter>
<iter>
<kw name="Log To Console" owner="BuiltIn">
<arg>${element}</arg>
<doc>Logs the given message to the console.</doc>
<status status="PASS" start="2025-07-21T23:24:07.460772" elapsed="0.000211"/>
</kw>
<var name="${element}">91</var>
<status status="PASS" start="2025-07-21T23:24:07.460658" elapsed="0.000371"/>
</iter>
<iter>
<kw name="Log To Console" owner="BuiltIn">
<arg>${element}</arg>
<doc>Logs the given message to the console.</doc>
<status status="PASS" start="2025-07-21T23:24:07.461243" elapsed="0.000362"/>
</kw>
<var name="${element}">93</var>
<status status="PASS" start="2025-07-21T23:24:07.461139" elapsed="0.000557"/>
</iter>
<iter>
<kw name="Log To Console" owner="BuiltIn">
<arg>${element}</arg>
<doc>Logs the given message to the console.</doc>
<status status="PASS" start="2025-07-21T23:24:07.462013" elapsed="0.000449"/>
</kw>
<var name="${element}">95</var>
<status status="PASS" start="2025-07-21T23:24:07.461903" elapsed="0.000633"/>
</iter>
<iter>
<kw name="Log To Console" owner="BuiltIn">
<arg>${element}</arg>
<doc>Logs the given message to the console.</doc>
<status status="PASS" start="2025-07-21T23:24:07.462828" elapsed="0.000367"/>
</kw>
<var name="${element}">97</var>
<status status="PASS" start="2025-07-21T23:24:07.462684" elapsed="0.000603"/>
</iter>
<iter>
<kw name="Log To Console" owner="BuiltIn">
<arg>${element}</arg>
<doc>Logs the given message to the console.</doc>
<status status="PASS" start="2025-07-21T23:24:07.463751" elapsed="0.000508"/>
</kw>
<var name="${element}">99</var>
<status status="PASS" start="2025-07-21T23:24:07.463552" elapsed="0.000870"/>
</iter>
<var>${element}</var>
<value>1</value>
<value>100</value>
<value>2</value>
<status status="PASS" start="2025-07-21T23:24:07.434465" elapsed="0.030079"/>
</for>
<status status="PASS" start="2025-07-21T23:24:07.433914" elapsed="0.031316"/>
</test>
<test id="s1-t8" name="For Loop Example with BREAK and CONTINUE" line="57">
<for flavor="IN RANGE">
<iter>
<if>
<branch type="IF" condition="${element}==3">
<break>
<status status="NOT RUN" start="2025-07-21T23:24:07.467898" elapsed="0.000036"/>
</break>
<status status="NOT RUN" start="2025-07-21T23:24:07.467507" elapsed="0.000473"/>
</branch>
<status status="PASS" start="2025-07-21T23:24:07.467390" elapsed="0.000624"/>
</if>
<kw name="Log To Console" owner="BuiltIn">
<arg>${element}</arg>
<doc>Logs the given message to the console.</doc>
<status status="PASS" start="2025-07-21T23:24:07.468596" elapsed="0.000408"/>
</kw>
<var name="${element}">0</var>
<status status="PASS" start="2025-07-21T23:24:07.466982" elapsed="0.002178"/>
</iter>
<iter>
<if>
<branch type="IF" condition="${element}==3">
<break>
<status status="NOT RUN" start="2025-07-21T23:24:07.469626" elapsed="0.000025"/>
</break>
<status status="NOT RUN" start="2025-07-21T23:24:07.469474" elapsed="0.000212"/>
</branch>
<status status="PASS" start="2025-07-21T23:24:07.469449" elapsed="0.000266"/>
</if>
<kw name="Log To Console" owner="BuiltIn">
<arg>${element}</arg>
<doc>Logs the given message to the console.</doc>
<status status="PASS" start="2025-07-21T23:24:07.469844" elapsed="0.000331"/>
</kw>
<var name="${element}">1</var>
<status status="PASS" start="2025-07-21T23:24:07.469397" elapsed="0.000834"/>
</iter>
<iter>
<if>
<branch type="IF" condition="${element}==3">
<break>
<status status="NOT RUN" start="2025-07-21T23:24:07.470638" elapsed="0.000020"/>
</break>
<status status="NOT RUN" start="2025-07-21T23:24:07.470502" elapsed="0.000188"/>
</branch>
<status status="PASS" start="2025-07-21T23:24:07.470470" elapsed="0.000247"/>
</if>
<kw name="Log To Console" owner="BuiltIn">
<arg>${element}</arg>
<doc>Logs the given message to the console.</doc>
<status status="PASS" start="2025-07-21T23:24:07.470834" elapsed="0.000230"/>
</kw>
<var name="${element}">2</var>
<status status="PASS" start="2025-07-21T23:24:07.470425" elapsed="0.000686"/>
</iter>
<iter>
<if>
<branch type="IF" condition="${element}==3">
<break>
<status status="PASS" start="2025-07-21T23:24:07.471694" elapsed="0.000049"/>
</break>
<status status="PASS" start="2025-07-21T23:24:07.471409" elapsed="0.000378"/>
</branch>
<status status="PASS" start="2025-07-21T23:24:07.471370" elapsed="0.000449"/>
</if>
<kw name="Log To Console" owner="BuiltIn">
<arg>${element}</arg>
<doc>Logs the given message to the console.</doc>
<status status="NOT RUN" start="2025-07-21T23:24:07.472159" elapsed="0.000034"/>
</kw>
<var name="${element}">3</var>
<status status="PASS" start="2025-07-21T23:24:07.471271" elapsed="0.000975"/>
</iter>
<var>${element}</var>
<value>0</value>
<value>6</value>
<status status="PASS" start="2025-07-21T23:24:07.466235" elapsed="0.006244"/>
</for>
<for flavor="IN RANGE">
<iter>
<if>
<branch type="IF" condition="${element}==3">
<continue>
<status status="NOT RUN" start="2025-07-21T23:24:07.473524" elapsed="0.000022"/>
</continue>
<status status="NOT RUN" start="2025-07-21T23:24:07.473385" elapsed="0.000198"/>
</branch>
<status status="PASS" start="2025-07-21T23:24:07.473358" elapsed="0.000253"/>
</if>
<kw name="Log To Console" owner="BuiltIn">
<arg>${element}</arg>
<doc>Logs the given message to the console.</doc>
<status status="PASS" start="2025-07-21T23:24:07.473738" elapsed="0.000237"/>
</kw>
<var name="${element}">0</var>
<status status="PASS" start="2025-07-21T23:24:07.473295" elapsed="0.000728"/>
</iter>
<iter>
<if>
<branch type="IF" condition="${element}==3">
<continue>
<status status="NOT RUN" start="2025-07-21T23:24:07.474365" elapsed="0.000019"/>
</continue>
<status status="NOT RUN" start="2025-07-21T23:24:07.474243" elapsed="0.000172"/>
</branch>
<status status="PASS" start="2025-07-21T23:24:07.474222" elapsed="0.000219"/>
</if>
<kw name="Log To Console" owner="BuiltIn">
<arg>${element}</arg>
<doc>Logs the given message to the console.</doc>
<status status="PASS" start="2025-07-21T23:24:07.474548" elapsed="0.000215"/>
</kw>
<var name="${element}">1</var>
<status status="PASS" start="2025-07-21T23:24:07.474183" elapsed="0.000626"/>
</iter>
<iter>
<if>
<branch type="IF" condition="${element}==3">
<continue>
<status status="NOT RUN" start="2025-07-21T23:24:07.475172" elapsed="0.000017"/>
</continue>
<status status="NOT RUN" start="2025-07-21T23:24:07.475046" elapsed="0.000173"/>
</branch>
<status status="PASS" start="2025-07-21T23:24:07.475026" elapsed="0.000219"/>
</if>
<kw name="Log To Console" owner="BuiltIn">
<arg>${element}</arg>
<doc>Logs the given message to the console.</doc>
<status status="PASS" start="2025-07-21T23:24:07.475349" elapsed="0.000204"/>
</kw>
<var name="${element}">2</var>
<status status="PASS" start="2025-07-21T23:24:07.474988" elapsed="0.000610"/>
</iter>
<iter>
<if>
<branch type="IF" condition="${element}==3">
<continue>
<status status="PASS" start="2025-07-21T23:24:07.475939" elapsed="0.000038"/>
</continue>
<status status="PASS" start="2025-07-21T23:24:07.475818" elapsed="0.000193"/>
</branch>
<status status="PASS" start="2025-07-21T23:24:07.475799" elapsed="0.000239"/>
</if>
<kw name="Log To Console" owner="BuiltIn">
<arg>${element}</arg>
<doc>Logs the given message to the console.</doc>
<status status="NOT RUN" start="2025-07-21T23:24:07.476158" elapsed="0.000027"/>
</kw>
<var name="${element}">3</var>
<status status="PASS" start="2025-07-21T23:24:07.475761" elapsed="0.000466"/>
</iter>
<iter>
<if>
<branch type="IF" condition="${element}==3">
<continue>
<status status="NOT RUN" start="2025-07-21T23:24:07.476602" elapsed="0.000026"/>
</continue>
<status status="NOT RUN" start="2025-07-21T23:24:07.476441" elapsed="0.000222"/>
</branch>
<status status="PASS" start="2025-07-21T23:24:07.476423" elapsed="0.000268"/>
</if>
<kw name="Log To Console" owner="BuiltIn">
<arg>${element}</arg>
<doc>Logs the given message to the console.</doc>
<status status="PASS" start="2025-07-21T23:24:07.476805" elapsed="0.000228"/>
</kw>
<var name="${element}">4</var>
<status status="PASS" start="2025-07-21T23:24:07.476386" elapsed="0.000694"/>
</iter>
<iter>
<if>
<branch type="IF" condition="${element}==3">
<continue>
<status status="NOT RUN" start="2025-07-21T23:24:07.477578" elapsed="0.000019"/>
</continue>
<status status="NOT RUN" start="2025-07-21T23:24:07.477443" elapsed="0.000187"/>
</branch>
<status status="PASS" start="2025-07-21T23:24:07.477419" elapsed="0.000237"/>
</if>
<kw name="Log To Console" owner="BuiltIn">
<arg>${element}</arg>
<doc>Logs the given message to the console.</doc>
<status status="PASS" start="2025-07-21T23:24:07.477776" elapsed="0.000233"/>
</kw>
<var name="${element}">5</var>
<status status="PASS" start="2025-07-21T23:24:07.477372" elapsed="0.000684"/>
</iter>
<var>${element}</var>
<value>0</value>
<value>6</value>
<status status="PASS" start="2025-07-21T23:24:07.472734" elapsed="0.005358"/>
</for>
<status status="PASS" start="2025-07-21T23:24:07.465822" elapsed="0.012516"/>
</test>
<status status="PASS" start="2025-07-21T23:24:07.195009" elapsed="0.283845"/>
</suite>
<statistics>
<total>
<stat pass="8" fail="0" skip="0">All Tests</stat>
</total>
<tag>
</tag>
<suite>
<stat name="Control Flow" id="s1" pass="8" fail="0" skip="0">Control Flow</stat>
</suite>
</statistics>
<errors>
</errors>
</robot>
