<?xml version="1.0" encoding="UTF-8"?>
<robot generator="Robot 7.3.1 (Python 3.12.0 on darwin)" generated="2025-07-09T21:39:02.506462" rpa="false" schemaversion="5">
<suite id="s1" name="Variables" source="/Users/olakoya/Desktop/PythonProjects/RobotFramework/Day_2/variables.robot">
<test id="s1-t1" name="Test Creating Variables" line="9">
<kw name="Log" owner="BuiltIn">
<msg time="2025-07-09T21:39:02.541453" level="INFO">Hello</msg>
<arg>${SCALAR_VAR}</arg>
<doc>Logs the given message with the given level.</doc>
<status status="PASS" start="2025-07-09T21:39:02.541165" elapsed="0.000373"/>
</kw>
<kw name="Log To Console" owner="BuiltIn">
<arg>${SCALAR_VAR}</arg>
<doc>Logs the given message to the console.</doc>
<status status="PASS" start="2025-07-09T21:39:02.541804" elapsed="0.000296"/>
</kw>
<kw name="Log Many" owner="BuiltIn">
<msg time="2025-07-09T21:39:02.542523" level="INFO">['Item1 Item2 Item3']</msg>
<arg>${LIST_VAR}</arg>
<doc>Logs the given messages as separate entries using the INFO level.</doc>
<status status="PASS" start="2025-07-09T21:39:02.542352" elapsed="0.000226"/>
</kw>
<kw name="Log Many" owner="BuiltIn">
<msg time="2025-07-09T21:39:02.542873" level="INFO">{'Key1': 'value1', 'Key2': 'value2', 'Key3': 'value3', 'Key4': 'value4'}</msg>
<arg>${DICT_VAR}</arg>
<doc>Logs the given messages as separate entries using the INFO level.</doc>
<status status="PASS" start="2025-07-09T21:39:02.542731" elapsed="0.000190"/>
</kw>
<kw name="Log To Console" owner="BuiltIn">
<arg>${LIST_VAR}[0]</arg>
<doc>Logs the given message to the console.</doc>
<status status="PASS" start="2025-07-09T21:39:02.543065" elapsed="0.000278"/>
</kw>
<kw name="Log To Console" owner="BuiltIn">
<arg>${LIST_VAR[0]}</arg>
<doc>Logs the given message to the console.</doc>
<status status="PASS" start="2025-07-09T21:39:02.543504" elapsed="0.000742"/>
</kw>
<status status="PASS" start="2025-07-09T21:39:02.540078" elapsed="0.004337"/>
</test>
<status status="PASS" start="2025-07-09T21:39:02.510080" elapsed="0.034915"/>
</suite>
<statistics>
<total>
<stat pass="1" fail="0" skip="0">All Tests</stat>
</total>
<tag>
</tag>
<suite>
<stat name="Variables" id="s1" pass="1" fail="0" skip="0">Variables</stat>
</suite>
</statistics>
<errors>
</errors>
</robot>
