<?xml version="1.0" encoding="UTF-8"?>
<robot generator="Rebot 7.3.2 (Python 3.13.5 on darwin)" generated="2025-11-26T00:44:47.312490" rpa="false" schemaversion="5">
<suite id="s1" name="Tests" source="/Users/olakoya/Desktop/PythonProjects/RobotFramework/Day_11/tests">
<suite id="s1-s1" name="SuiteA" source="/Users/olakoya/Desktop/PythonProjects/RobotFramework/Day_11/tests/SuiteA.robot">
<test id="s1-s1-t1" name="Test Case 1" line="3">
<kw name="Log" owner="BuiltIn">
<msg time="2025-11-26T00:44:42.081161" level="INFO">Test Case 1</msg>
<arg>Test Case 1</arg>
<doc>Logs the given message with the given level.</doc>
<status status="PASS" start="2025-11-26T00:44:42.080834" elapsed="0.000452"/>
</kw>
<kw name="Sleep" owner="BuiltIn">
<msg time="2025-11-26T00:44:47.082299" level="INFO">Slept 5 seconds.</msg>
<arg>5s</arg>
<doc>Pauses the test executed for the given time.</doc>
<status status="PASS" start="2025-11-26T00:44:42.081612" elapsed="5.000839"/>
</kw>
<status status="PASS" start="2025-11-26T00:44:42.079806" elapsed="5.002857"/>
</test>
<test id="s1-s1-t2" name="Test Case 2" line="7">
<kw name="Log" owner="BuiltIn">
<msg time="2025-11-26T00:44:42.078440" level="INFO">Test Case 2</msg>
<arg>Test Case 2</arg>
<doc>Logs the given message with the given level.</doc>
<status status="PASS" start="2025-11-26T00:44:42.078111" elapsed="0.000444"/>
</kw>
<kw name="Sleep" owner="BuiltIn">
<msg time="2025-11-26T00:44:47.080124" level="INFO">Slept 5 seconds.</msg>
<arg>5s</arg>
<doc>Pauses the test executed for the given time.</doc>
<status status="PASS" start="2025-11-26T00:44:42.078814" elapsed="5.001489"/>
</kw>
<status status="PASS" start="2025-11-26T00:44:42.077008" elapsed="5.003557"/>
</test>
<test id="s1-s1-t3" name="Test Case 3" line="11">
<kw name="Log" owner="BuiltIn">
<msg time="2025-11-26T00:44:42.084845" level="INFO">Test Case 3</msg>
<arg>Test Case 3</arg>
<doc>Logs the given message with the given level.</doc>
<status status="PASS" start="2025-11-26T00:44:42.084505" elapsed="0.000427"/>
</kw>
<kw name="Sleep" owner="BuiltIn">
<msg time="2025-11-26T00:44:47.086750" level="INFO">Slept 5 seconds.</msg>
<arg>5s</arg>
<doc>Pauses the test executed for the given time.</doc>
<status status="PASS" start="2025-11-26T00:44:42.085212" elapsed="5.001719"/>
</kw>
<status status="PASS" start="2025-11-26T00:44:42.083246" elapsed="5.003958"/>
</test>
<status status="PASS" start="2025-11-26T00:44:42.075000" elapsed="5.012000"/>
</suite>
<suite id="s1-s2" name="SuiteB" source="/Users/olakoya/Desktop/PythonProjects/RobotFramework/Day_11/tests/SuiteB.robot">
<test id="s1-s2-t1" name="Test Case A" line="3">
<kw name="Log" owner="BuiltIn">
<msg time="2025-11-26T00:44:42.062712" level="INFO">Test Case A</msg>
<arg>Test Case A</arg>
<doc>Logs the given message with the given level.</doc>
<status status="PASS" start="2025-11-26T00:44:42.062389" elapsed="0.000438"/>
</kw>
<kw name="Sleep" owner="BuiltIn">
<msg time="2025-11-26T00:44:47.063522" level="INFO">Slept 5 seconds.</msg>
<arg>5s</arg>
<doc>Pauses the test executed for the given time.</doc>
<status status="PASS" start="2025-11-26T00:44:42.063080" elapsed="5.000568"/>
</kw>
<status status="PASS" start="2025-11-26T00:44:42.061319" elapsed="5.002515"/>
</test>
<test id="s1-s2-t2" name="Test Case B" line="7">
<kw name="Log" owner="BuiltIn">
<msg time="2025-11-26T00:44:42.066343" level="INFO">Test Case B</msg>
<arg>Test Case B</arg>
<doc>Logs the given message with the given level.</doc>
<status status="PASS" start="2025-11-26T00:44:42.066022" elapsed="0.000435"/>
</kw>
<kw name="Sleep" owner="BuiltIn">
<msg time="2025-11-26T00:44:47.067884" level="INFO">Slept 5 seconds.</msg>
<arg>5s</arg>
<doc>Pauses the test executed for the given time.</doc>
<status status="PASS" start="2025-11-26T00:44:42.066745" elapsed="5.001279"/>
</kw>
<status status="PASS" start="2025-11-26T00:44:42.064919" elapsed="5.003301"/>
</test>
<test id="s1-s2-t3" name="Test Case C" line="11">
<kw name="Log" owner="BuiltIn">
<msg time="2025-11-26T00:44:42.061918" level="INFO">Test Case C</msg>
<arg>Test Case C</arg>
<doc>Logs the given message with the given level.</doc>
<status status="PASS" start="2025-11-26T00:44:42.061603" elapsed="0.000443"/>
</kw>
<kw name="Sleep" owner="BuiltIn">
<msg time="2025-11-26T00:44:47.062941" level="INFO">Slept 5 seconds.</msg>
<arg>5s</arg>
<doc>Pauses the test executed for the given time.</doc>
<status status="PASS" start="2025-11-26T00:44:42.062393" elapsed="5.000688"/>
</kw>
<status status="PASS" start="2025-11-26T00:44:42.060544" elapsed="5.002749"/>
</test>
<status status="PASS" start="2025-11-26T00:44:42.058000" elapsed="10.007000"/>
</suite>
<doc>[https://pabot.org/?ref=log|Pabot] result from 6 executions.</doc>
<status status="PASS" start="2025-11-26T00:44:42.029000" elapsed="5.059000"/>
</suite>
<statistics>
<total>
<stat pass="6" fail="0" skip="0">All Tests</stat>
</total>
<tag>
</tag>
<suite>
<stat name="Tests" id="s1" pass="6" fail="0" skip="0">Tests</stat>
<stat name="SuiteA" id="s1-s1" pass="3" fail="0" skip="0">Tests.SuiteA</stat>
<stat name="SuiteB" id="s1-s2" pass="3" fail="0" skip="0">Tests.SuiteB</stat>
</suite>
</statistics>
<errors>
</errors>
</robot>
