<?xml version="1.0" encoding="UTF-8"?>
<robot generator="Robot 7.3.2 (Python 3.13.5 on darwin)" generated="2025-08-22T21:21:07.665980" rpa="false" schemaversion="5">
<suite id="s1" name="List" source="/Users/olakoya/Desktop/PythonProjects/RobotFramework/Day_6/list.robot">
<test id="s1-t1" name="Example for Lis operators" line="8">
<kw name="Create List" owner="BuiltIn">
<msg time="2025-08-22T21:21:07.724612" level="INFO">${my_list} = ['1', '2', '3']</msg>
<var>${my_list}</var>
<arg>1</arg>
<arg>2</arg>
<arg>3</arg>
<doc>Returns a list containing given items.</doc>
<status status="PASS" start="2025-08-22T21:21:07.724352" elapsed="0.000307"/>
</kw>
<kw name="Convert To List" owner="Collections">
<msg time="2025-08-22T21:21:07.725266" level="INFO">${Converted_list} = ['1', '2', '3']</msg>
<var>${Converted_list}</var>
<arg>123</arg>
<doc>Converts the given ``item`` to a Python ``list`` type.</doc>
<status status="PASS" start="2025-08-22T21:21:07.724958" elapsed="0.000350"/>
</kw>
<kw name="Log To Console" owner="BuiltIn">
<arg>${Converted_list}</arg>
<doc>Logs the given message to the console.</doc>
<status status="PASS" start="2025-08-22T21:21:07.725484" elapsed="0.000262"/>
</kw>
<status status="PASS" start="2025-08-22T21:21:07.723502" elapsed="0.002420"/>
</test>
<status status="PASS" start="2025-08-22T21:21:07.668742" elapsed="0.057685"/>
</suite>
<statistics>
<total>
<stat pass="1" fail="0" skip="0">All Tests</stat>
</total>
<tag>
</tag>
<suite>
<stat name="List" id="s1" pass="1" fail="0" skip="0">List</stat>
</suite>
</statistics>
<errors>
</errors>
</robot>
