<?xml version="1.0" encoding="UTF-8"?>
<robot generator="Robot 7.3.2 (Python 3.13.5 on darwin)" generated="2025-09-18T22:29:41.217764" rpa="false" schemaversion="5">
<suite id="s1" name="Alerts" source="/Users/olakoya/Desktop/PythonProjects/RobotFramework/Day_10/alerts.robot">
<test id="s1-t1" name="Handling Tables" line="8">
<kw name="Open Browser" owner="SeleniumLibrary">
<msg time="2025-09-18T22:29:41.546499" level="INFO">Opening browser 'chrome' to base url 'https://testautomationpractice.blogspot.com/'.</msg>
<arg>${URL}</arg>
<arg>chrome</arg>
<arg>options=add_experimental_option("detach", True)</arg>
<doc>Opens a new browser instance to the optional ``url``.</doc>
<status status="PASS" start="2025-09-18T22:29:41.546038" elapsed="3.571473"/>
</kw>
<kw name="Maximize Browser Window" owner="SeleniumLibrary">
<doc>Maximizes current browser window.</doc>
<status status="PASS" start="2025-09-18T22:29:45.121406" elapsed="0.347345"/>
</kw>
<kw name="Set Selenium Implicit Wait" owner="SeleniumLibrary">
<arg>10s</arg>
<doc>Sets the implicit wait value used by Selenium.</doc>
<status status="PASS" start="2025-09-18T22:29:45.469616" elapsed="0.003548"/>
</kw>
<kw name="Click Element" owner="SeleniumLibrary">
<msg time="2025-09-18T22:29:45.477293" level="INFO">Clicking element '//button[@id="promptBtn"]'.</msg>
<arg>//button[@id="promptBtn"]</arg>
<doc>Click the element identified by ``locator``.</doc>
<status status="PASS" start="2025-09-18T22:29:45.473495" elapsed="0.164977"/>
</kw>
<kw name="Alert Should Be Present" owner="SeleniumLibrary">
<msg time="2025-09-18T22:29:45.639113" level="INFO">HANDLE::&lt;class 'NoneType'&gt;::None</msg>
<arg>Please enter your name:</arg>
<doc>Verifies that an alert is present and by default, accepts it.</doc>
<status status="PASS" start="2025-09-18T22:29:45.638804" elapsed="0.022370"/>
</kw>
<kw name="Alert Should Not Be Present" owner="SeleniumLibrary">
<arg>Please Enter Your Name:</arg>
<doc>Verifies that no alert is present.</doc>
<status status="PASS" start="2025-09-18T22:29:45.661673" elapsed="5.215489"/>
</kw>
<status status="PASS" start="2025-09-18T22:29:41.545025" elapsed="9.332780"/>
</test>
<status status="PASS" start="2025-09-18T22:29:41.219050" elapsed="9.660685"/>
</suite>
<statistics>
<total>
<stat pass="1" fail="0" skip="0">All Tests</stat>
</total>
<tag>
</tag>
<suite>
<stat name="Alerts" id="s1" pass="1" fail="0" skip="0">Alerts</stat>
</suite>
</statistics>
<errors>
</errors>
</robot>
