<?xml version="1.0" encoding="UTF-8"?>
<robot generator="Robot 7.3.2 (Python 3.13.5 on darwin)" generated="2025-09-12T23:29:44.761642" rpa="false" schemaversion="5">
<suite id="s1" name="Dropdown Cookie" source="/Users/olakoya/Desktop/PythonProjects/RobotFramework/Day_9/dropdown_cookie.robot">
<test id="s1-t1" name="Handle Dropdown and Cookies" line="11">
<kw name="Open Browser" owner="SeleniumLibrary">
<msg time="2025-09-12T23:29:45.121312" level="INFO">Opening browser 'chrome' to base url 'https://testautomationpractice.blogspot.com/'.</msg>
<arg>${URL}</arg>
<arg>chrome</arg>
<arg>options=add_experimental_option("detach", True)</arg>
<doc>Opens a new browser instance to the optional ``url``.</doc>
<status status="PASS" start="2025-09-12T23:29:45.120858" elapsed="6.583326"/>
</kw>
<kw name="Maximize Browser Window" owner="SeleniumLibrary">
<doc>Maximizes current browser window.</doc>
<status status="PASS" start="2025-09-12T23:29:51.707103" elapsed="1.128285"/>
</kw>
<kw name="Set Selenium Implicit Wait" owner="SeleniumLibrary">
<arg>10s</arg>
<doc>Sets the implicit wait value used by Selenium.</doc>
<status status="PASS" start="2025-09-12T23:29:52.836712" elapsed="0.010909"/>
</kw>
<kw name="Select From List By Index" owner="SeleniumLibrary">
<msg time="2025-09-12T23:29:52.856920" level="INFO">Selecting options from selection list '//select[@id='country']' by index 3.</msg>
<arg>//select[@id='country']</arg>
<arg>3</arg>
<doc>Selects options from selection list ``locator`` by ``indexes``.</doc>
<status status="PASS" start="2025-09-12T23:29:52.848460" elapsed="0.235747"/>
</kw>
<status status="PASS" start="2025-09-12T23:29:45.119465" elapsed="7.965919"/>
</test>
<status status="PASS" start="2025-09-12T23:29:44.764227" elapsed="8.329784"/>
</suite>
<statistics>
<total>
<stat pass="1" fail="0" skip="0">All Tests</stat>
</total>
<tag>
</tag>
<suite>
<stat name="Dropdown Cookie" id="s1" pass="1" fail="0" skip="0">Dropdown Cookie</stat>
</suite>
</statistics>
<errors>
</errors>
</robot>
