<?xml version="1.0" encoding="UTF-8"?>
<robot generator="Robot 7.3.2 (Python 3.13.5 on darwin)" generated="2025-08-21T21:34:35.271791" rpa="false" schemaversion="5">
<suite id="s1" name="List" source="/Users/olakoya/Desktop/PythonProjects/RobotFramework/Day_6/list.robot">
<test id="s1-t1" name="Example for Lis operators" line="8">
<kw name="Create List" owner="BuiltIn">
<msg time="2025-08-21T21:34:35.318566" level="INFO">${my_list} = ['1', '2', '3']</msg>
<var>${my_list}</var>
<arg>1</arg>
<arg>2</arg>
<arg>3</arg>
<doc>Returns a list containing given items.</doc>
<status status="PASS" start="2025-08-21T21:34:35.318307" elapsed="0.000303"/>
</kw>
<kw name="Log To Console" owner="BuiltIn">
<arg>${my_list}</arg>
<doc>Logs the given message to the console.</doc>
<status status="PASS" start="2025-08-21T21:34:35.318884" elapsed="0.000222"/>
</kw>
<kw name="Append To List" owner="Collections">
<arg>${my_list}</arg>
<arg>4</arg>
<doc>Adds ``values`` to the end of ``list``.</doc>
<status status="PASS" start="2025-08-21T21:34:35.319248" elapsed="0.000181"/>
</kw>
<kw name="Log To Console" owner="BuiltIn">
<arg>${my_list}</arg>
<doc>Logs the given message to the console.</doc>
<status status="PASS" start="2025-08-21T21:34:35.319594" elapsed="0.000209"/>
</kw>
<status status="PASS" start="2025-08-21T21:34:35.317445" elapsed="0.002495"/>
</test>
<status status="PASS" start="2025-08-21T21:34:35.273313" elapsed="0.047138"/>
</suite>
<statistics>
<total>
<stat pass="1" fail="0" skip="0">All Tests</stat>
</total>
<tag>
</tag>
<suite>
<stat name="List" id="s1" pass="1" fail="0" skip="0">List</stat>
</suite>
</statistics>
<errors>
</errors>
</robot>
