<?xml version="1.0" encoding="UTF-8"?>
<robot generator="Robot 7.3.2 (Python 3.13.5 on darwin)" generated="2025-11-26T00:44:42.023145" rpa="false" schemaversion="5">
<suite id="s1" name="Tests" source="/Users/olakoya/Desktop/PythonProjects/RobotFramework/Day_11/tests">
<suite id="s1-s1" name="SuiteA" source="/Users/olakoya/Desktop/PythonProjects/RobotFramework/Day_11/tests/SuiteA.robot">
<test id="s1-s1-t1" name="Test Case 1" line="3">
<kw name="Log" owner="BuiltIn">
<msg time="2025-11-26T00:44:42.081161" level="INFO">Test Case 1</msg>
<arg>Test Case 1</arg>
<doc>Logs the given message with the given level.</doc>
<status status="PASS" start="2025-11-26T00:44:42.080834" elapsed="0.000452"/>
</kw>
<kw name="Sleep" owner="BuiltIn">
<msg time="2025-11-26T00:44:47.082299" level="INFO">Slept 5 seconds.</msg>
<arg>5s</arg>
<doc>Pauses the test executed for the given time.</doc>
<status status="PASS" start="2025-11-26T00:44:42.081612" elapsed="5.000839"/>
</kw>
<status status="PASS" start="2025-11-26T00:44:42.079806" elapsed="5.002857"/>
</test>
<status status="PASS" start="2025-11-26T00:44:42.078165" elapsed="5.005060"/>
</suite>
<status status="PASS" start="2025-11-26T00:44:42.047891" elapsed="5.036295"/>
</suite>
<statistics>
<total>
<stat pass="1" fail="0" skip="0">All Tests</stat>
</total>
<tag>
</tag>
<suite>
<stat name="Tests" id="s1" pass="1" fail="0" skip="0">Tests</stat>
<stat name="SuiteA" id="s1-s1" pass="1" fail="0" skip="0">Tests.SuiteA</stat>
</suite>
</statistics>
<errors>
</errors>
</robot>
